21:55:14:861 [15576] | INFO  | Initializing crosire's ReShade version '4.0.2.490' (64-bit) built on '2018-11-21 23:59:05' loaded from "D:\\Program Files (x86)\\World of Warcraft\\_retail_\\dxgi.dll" to "D:\\Program Files (x86)\\World of Warcraft\\_retail_\\Wow.exe" ...
21:55:15:012 [15576] | INFO  | Registering hooks for "user32.dll" ...
21:55:15:012 [15576] | INFO  | > Libraries loaded.
21:55:15:012 [15576] | INFO  | > Found 13 match(es). Installing ...
21:55:15:050 [15576] | INFO  | Registering hooks for "ws2_32.dll" ...
21:55:15:050 [15576] | INFO  | > Libraries loaded.
21:55:15:050 [15576] | INFO  | > Found 8 match(es). Installing ...
21:55:15:088 [15576] | INFO  | Registering hooks for "C:\\WINDOWS\\system32\\d3d9.dll" ...
21:55:15:088 [15576] | INFO  | > Libraries loaded.
21:55:15:088 [15576] | INFO  | > Found 9 match(es). Installing ...
21:55:15:126 [15576] | INFO  | Registering hooks for "C:\\WINDOWS\\system32\\d3d10.dll" ...
21:55:15:126 [15576] | INFO  | > Delayed.
21:55:15:126 [15576] | INFO  | Registering hooks for "C:\\WINDOWS\\system32\\d3d10_1.dll" ...
21:55:15:127 [15576] | INFO  | > Delayed.
21:55:15:127 [15576] | INFO  | Registering hooks for "C:\\WINDOWS\\system32\\d3d11.dll" ...
21:55:15:127 [15576] | INFO  | > Delayed.
21:55:15:127 [15576] | INFO  | Registering hooks for "C:\\WINDOWS\\system32\\dxgi.dll" ...
21:55:15:127 [15576] | INFO  | > Delayed until first call to an exported function.
21:55:15:127 [15576] | INFO  | Registering hooks for "C:\\WINDOWS\\system32\\opengl32.dll" ...
21:55:15:128 [15576] | INFO  | > Delayed.
21:55:15:128 [15576] | INFO  | Initialized.
21:55:15:129 [15576] | INFO  | Redirecting 'CreateDXGIFactory2(2147483648, {7B7166EC-21C7-44AE-B21A-C9AE321AE369}, 000000E60877EE08)' ...
21:55:15:129 [15576] | INFO  | Installing delayed hooks for "C:\\WINDOWS\\system32\\d3d11.dll" (Just loaded via 'LoadLibrary(""C:\\WINDOWS\\system32\\dxgi.dll"")') ...
21:55:15:129 [15576] | INFO  | > Found 2 match(es). Installing ...
21:55:15:167 [15576] | INFO  | Installing export hooks for "C:\\WINDOWS\\system32\\dxgi.dll" ...
21:55:15:167 [15576] | INFO  | > Found 7 match(es). Installing ...
21:55:15:220 [15576] | INFO  | Redirecting 'CreateDXGIFactory1({770AAE78-F26F-4DBA-A829-253C83D1B387}, 000000E60877F4A0)' ...
21:55:15:329 [15576] | INFO  | Redirecting 'CreateDXGIFactory1({770AAE78-F26F-4DBA-A829-253C83D1B387}, 000000E60877B430)' ...
21:55:15:329 [15576] | INFO  | Redirecting 'D3D11CreateDevice(0000020AF58FF350, 0, 0000000000000000, 0, 000000E60877B5B0, 4, 7, 0000020AF5A6F578, 0000020AF5A6F5B4, 0000020AF5A6F580)' ...
21:55:15:329 [15576] | INFO  | > Passing on to 'D3D11CreateDeviceAndSwapChain':
21:55:15:329 [15576] | INFO  | Redirecting 'D3D11CreateDeviceAndSwapChain(0000020AF58FF350, 0, 0000000000000000, 0, 000000E60877B5B0, 4, 7, 0000000000000000, 0000000000000000, 0000020AF5A6F578, 0000020AF5A6F5B4, 0000020AF5A6F580)' ...
21:55:15:353 [15576] | INFO  | > Using feature level 0xb100.
21:55:15:354 [15576] | INFO  | Redirecting 'CreateDXGIFactory({7B7166EC-21C7-44AE-B21A-C9AE321AE369}, 000000E60877B698)' ...
21:55:15:354 [15576] | INFO  | > Passing on to 'CreateDXGIFactory1':
21:55:15:354 [15576] | INFO  | Redirecting 'CreateDXGIFactory1({7B7166EC-21C7-44AE-B21A-C9AE321AE369}, 000000E60877B698)' ...
21:55:15:554 [15576] | WARN  | Reference count for 'IDXGIDevice1' object 0000020AF5C0BB80 is inconsistent: 2, but expected 1.
21:55:15:568 [15576] | INFO  | Redirecting 'CreateDXGIFactory1({770AAE78-F26F-4DBA-A829-253C83D1B387}, 000000E60877F410)' ...
21:55:15:628 [15576] | INFO  | Redirecting 'CreateDXGIFactory1({770AAE78-F26F-4DBA-A829-253C83D1B387}, 000000E608777300)' ...
21:55:15:685 [15576] | INFO  | Redirecting 'CreateDXGIFactory1({770AAE78-F26F-4DBA-A829-253C83D1B387}, 000000E60877EFE0)' ...
21:55:15:773 [15576] | INFO  | Redirecting 'CreateDXGIFactory1({770AAE78-F26F-4DBA-A829-253C83D1B387}, 000000E60877AE20)' ...
21:55:15:773 [15576] | INFO  | Redirecting 'D3D11CreateDevice(0000020AF5CDCFD0, 0, 0000000000000000, 0, 000000E60877AFA0, 4, 7, 0000020AF5E88D48, 0000020AF5E88D84, 0000020AF5E88D50)' ...
21:55:15:773 [15576] | INFO  | > Passing on to 'D3D11CreateDeviceAndSwapChain':
21:55:15:773 [15576] | INFO  | Redirecting 'D3D11CreateDeviceAndSwapChain(0000020AF5CDCFD0, 0, 0000000000000000, 0, 000000E60877AFA0, 4, 7, 0000000000000000, 0000000000000000, 0000020AF5E88D48, 0000020AF5E88D84, 0000020AF5E88D50)' ...
21:55:15:792 [15576] | INFO  | > Using feature level 0xb100.
21:55:15:792 [15576] | INFO  | Redirecting 'CreateDXGIFactory({7B7166EC-21C7-44AE-B21A-C9AE321AE369}, 000000E60877B088)' ...
21:55:15:792 [15576] | INFO  | > Passing on to 'CreateDXGIFactory1':
21:55:15:793 [15576] | INFO  | Redirecting 'CreateDXGIFactory1({7B7166EC-21C7-44AE-B21A-C9AE321AE369}, 000000E60877B088)' ...
21:55:15:828 [15576] | WARN  | Reference count for 'IDXGIDevice1' object 0000020AF5BD4C90 is inconsistent: 2, but expected 1.
21:55:15:963 [15576] | INFO  | Redirecting 'CreateDXGIFactory1({770AAE78-F26F-4DBA-A829-253C83D1B387}, 000000E60877B030)' ...
21:55:15:963 [15576] | INFO  | Redirecting 'D3D11CreateDevice(0000020AF5E7B2A0, 0, 0000000000000000, 0, 000000E60877B1B0, 4, 7, 0000020AF5E79848, 0000020AF5E79884, 0000020AF5E79850)' ...
21:55:15:963 [15576] | INFO  | > Passing on to 'D3D11CreateDeviceAndSwapChain':
21:55:15:963 [15576] | INFO  | Redirecting 'D3D11CreateDeviceAndSwapChain(0000020AF5E7B2A0, 0, 0000000000000000, 0, 000000E60877B1B0, 4, 7, 0000000000000000, 0000000000000000, 0000020AF5E79848, 0000020AF5E79884, 0000020AF5E79850)' ...
21:55:15:979 [15576] | INFO  | > Using feature level 0xb100.
21:55:15:979 [15576] | INFO  | Redirecting 'CreateDXGIFactory({7B7166EC-21C7-44AE-B21A-C9AE321AE369}, 000000E60877B298)' ...
21:55:15:979 [15576] | INFO  | > Passing on to 'CreateDXGIFactory1':
21:55:15:979 [15576] | INFO  | Redirecting 'CreateDXGIFactory1({7B7166EC-21C7-44AE-B21A-C9AE321AE369}, 000000E60877B298)' ...
21:55:16:099 [15576] | INFO  | Redirecting 'RegisterClassExW(000000E60877F2A0)' ...
21:55:16:110 [15576] | INFO  | Redirecting 'IDXGIFactory2::CreateSwapChainForHwnd(0000020AF5983C20, 0000020AF59264B0, 0000000000111172, 000000E60877F240, 0000000000000000, 0000000000000000, 000000E60877F298)' ...
21:55:16:110 [15576] | INFO  | > Dumping swap chain description:
21:55:16:110 [15576] | INFO  |   +-----------------------------------------+-----------------------------------------+
21:55:16:110 [15576] | INFO  |   | Parameter                               | Value                                   |
21:55:16:110 [15576] | INFO  |   +-----------------------------------------+-----------------------------------------+
21:55:16:110 [15576] | INFO  |   | Width                                   | 2560                                    |
21:55:16:110 [15576] | INFO  |   | Height                                  | 1440                                    |
21:55:16:110 [15576] | INFO  |   | Format                                  | 28                                      |
21:55:16:110 [15576] | INFO  |   | Stereo                                  | FALSE                                   |
21:55:16:110 [15576] | INFO  |   | SampleCount                             | 1                                       |
21:55:16:110 [15576] | INFO  |   | SampleQuality                           | 0                                       |
21:55:16:110 [15576] | INFO  |   | BufferUsage                             | 32                                      |
21:55:16:110 [15576] | INFO  |   | BufferCount                             | 3                                       |
21:55:16:110 [15576] | INFO  |   | Scaling                                 | 0                                       |
21:55:16:110 [15576] | INFO  |   | SwapEffect                              | 4                                       |
21:55:16:110 [15576] | INFO  |   | AlphaMode                               | 0                                       |
21:55:16:110 [15576] | INFO  |   | Flags                                   | 0x800                                   |
21:55:16:110 [15576] | INFO  |   +-----------------------------------------+-----------------------------------------+
21:55:16:117 [15576] | WARN  | > Skipping swap chain because it was created without a (hooked) Direct3D device.
21:55:16:289 [15576] | INFO  | Redirecting 'CreateDXGIFactory1({770AAE78-F26F-4DBA-A829-253C83D1B387}, 000000E60877F400)' ...
21:55:17:120 [15576] | INFO  | Redirecting 'CreateDXGIFactory1({770AAE78-F26F-4DBA-A829-253C83D1B387}, 000000E608777320)' ...
21:55:17:121 [15576] | INFO  | Redirecting 'CreateDXGIFactory1({770AAE78-F26F-4DBA-A829-253C83D1B387}, 000000E608777310)' ...
21:55:17:299 [16464] | INFO  | Redirecting 'Direct3DCreate9Ex(32, 00007FF9B92F3498)' ...
21:55:17:322 [16464] | INFO  | Redirecting 'IDirect3D9Ex::CreateDeviceEx(0000020AAE13AA20, 0, 4, 0000000000111172, 0x840, 000000E6093FE940, 0000000000000000, 000000E6093FE990)' ...
21:55:17:323 [16464] | INFO  | > Dumping presentation parameters:
21:55:17:323 [16464] | INFO  |   +-----------------------------------------+-----------------------------------------+
21:55:17:323 [16464] | INFO  |   | Parameter                               | Value                                   |
21:55:17:323 [16464] | INFO  |   +-----------------------------------------+-----------------------------------------+
21:55:17:323 [16464] | INFO  |   | BackBufferWidth                         | 0                                       |
21:55:17:323 [16464] | INFO  |   | BackBufferHeight                        | 0                                       |
21:55:17:323 [16464] | INFO  |   | BackBufferFormat                        | 22                                      |
21:55:17:323 [16464] | INFO  |   | BackBufferCount                         | 0                                       |
21:55:17:323 [16464] | INFO  |   | MultiSampleType                         | 0                                       |
21:55:17:323 [16464] | INFO  |   | MultiSampleQuality                      | 0                                       |
21:55:17:323 [16464] | INFO  |   | SwapEffect                              | 1                                       |
21:55:17:323 [16464] | INFO  |   | DeviceWindow                            | 0000000000000000                        |
21:55:17:323 [16464] | INFO  |   | Windowed                                | TRUE                                    |
21:55:17:323 [16464] | INFO  |   | EnableAutoDepthStencil                  | FALSE                                   |
21:55:17:323 [16464] | INFO  |   | AutoDepthStencilFormat                  | 0                                       |
21:55:17:323 [16464] | INFO  |   | Flags                                   | 0                                       |
21:55:17:323 [16464] | INFO  |   | FullScreen_RefreshRateInHz              | 0                                       |
21:55:17:323 [16464] | INFO  |   | PresentationInterval                    | 0                                       |
21:55:17:323 [16464] | INFO  |   +-----------------------------------------+-----------------------------------------+
21:55:17:469 [16464] | INFO  | Redirecting 'CreateDXGIFactory1({770AAE78-F26F-4DBA-A829-253C83D1B387}, 000000E6093FB530)' ...
21:55:17:469 [16464] | INFO  | Redirecting 'D3D11CreateDevice(0000020AABC72010, 0, 0000000000000000, 0, 000000E6093FB6B0, 4, 7, 0000020AADD0E0E8, 0000020AADD0E124, 0000020AADD0E0F0)' ...
21:55:17:469 [16464] | INFO  | > Passing on to 'D3D11CreateDeviceAndSwapChain':
21:55:17:469 [16464] | INFO  | Redirecting 'D3D11CreateDeviceAndSwapChain(0000020AABC72010, 0, 0000000000000000, 0, 000000E6093FB6B0, 4, 7, 0000000000000000, 0000000000000000, 0000020AADD0E0E8, 0000020AADD0E124, 0000020AADD0E0F0)' ...
21:55:17:496 [16464] | WARN  | Ignoring 'LoadLibrary(""C:\\WINDOWS\\system32\\user32.dll"")' call to avoid possible deadlock.
21:55:17:498 [16464] | INFO  | > Using feature level 0xb100.
21:55:17:499 [16464] | INFO  | Redirecting 'CreateDXGIFactory({7B7166EC-21C7-44AE-B21A-C9AE321AE369}, 000000E6093FB798)' ...
21:55:17:499 [16464] | INFO  | > Passing on to 'CreateDXGIFactory1':
21:55:17:499 [16464] | INFO  | Redirecting 'CreateDXGIFactory1({7B7166EC-21C7-44AE-B21A-C9AE321AE369}, 000000E6093FB798)' ...
21:55:17:506 [16464] | WARN  | > Skipping device due to device type being 'D3DDEVTYPE_NULLREF'.
21:55:17:507 [16464] | WARN  | Reference count for 'IDXGIDevice1' object 0000020A90262410 is inconsistent: 2, but expected 1.
21:55:17:682 [16464] | INFO  | Redirecting 'D3D11CreateDevice(0000000000000000, 1, 0000000000000000, 0, 0000000000000000, 0, 7, 00007FF9B92EFDF0, 000000E6093FE940, 00007FF9B92EFDF8)' ...
21:55:17:682 [16464] | INFO  | > Passing on to 'D3D11CreateDeviceAndSwapChain':
21:55:17:682 [16464] | INFO  | Redirecting 'D3D11CreateDeviceAndSwapChain(0000000000000000, 1, 0000000000000000, 0, 0000000000000000, 0, 7, 0000000000000000, 0000000000000000, 00007FF9B92EFDF0, 000000E6093FE940, 00007FF9B92EFDF8)' ...
21:55:17:682 [16464] | INFO  | Redirecting 'CreateDXGIFactory2(2147483648, {7B7166EC-21C7-44AE-B21A-C9AE321AE369}, 000000E6093FE228)' ...
21:55:17:736 [16464] | INFO  | Redirecting 'CreateDXGIFactory1({770AAE78-F26F-4DBA-A829-253C83D1B387}, 000000E6093FA9E0)' ...
21:55:17:736 [16464] | INFO  | Redirecting 'D3D11CreateDevice(0000020AABC75030, 0, 0000000000000000, 0, 000000E6093FAB60, 4, 7, 0000020AABC6F168, 0000020AABC6F1A4, 0000020AABC6F170)' ...
21:55:17:736 [16464] | INFO  | > Passing on to 'D3D11CreateDeviceAndSwapChain':
21:55:17:736 [16464] | INFO  | Redirecting 'D3D11CreateDeviceAndSwapChain(0000020AABC75030, 0, 0000000000000000, 0, 000000E6093FAB60, 4, 7, 0000000000000000, 0000000000000000, 0000020AABC6F168, 0000020AABC6F1A4, 0000020AABC6F170)' ...
21:55:17:765 [16464] | INFO  | > Using feature level 0xb100.
21:55:17:765 [16464] | INFO  | Redirecting 'CreateDXGIFactory({7B7166EC-21C7-44AE-B21A-C9AE321AE369}, 000000E6093FAC48)' ...
21:55:17:765 [16464] | INFO  | > Passing on to 'CreateDXGIFactory1':
21:55:17:765 [16464] | INFO  | Redirecting 'CreateDXGIFactory1({7B7166EC-21C7-44AE-B21A-C9AE321AE369}, 000000E6093FAC48)' ...
21:55:17:767 [16464] | INFO  | > Using feature level 0xb000.
21:55:17:767 [16464] | INFO  | Redirecting 'IDXGIFactory::CreateSwapChain(0000020AF56175D0, 0000020AA9233F50, 000000E6093FE950, 00007FF9B92EFE20)' ...
21:55:17:767 [16464] | INFO  | > Dumping swap chain description:
21:55:17:767 [16464] | INFO  |   +-----------------------------------------+-----------------------------------------+
21:55:17:767 [16464] | INFO  |   | Parameter                               | Value                                   |
21:55:17:767 [16464] | INFO  |   +-----------------------------------------+-----------------------------------------+
21:55:17:767 [16464] | INFO  |   | Width                                   | 0                                       |
21:55:17:767 [16464] | INFO  |   | Height                                  | 0                                       |
21:55:17:767 [16464] | INFO  |   | RefreshRate                             | 60                  1                   |
21:55:17:767 [16464] | INFO  |   | Format                                  | 28                                      |
21:55:17:767 [16464] | INFO  |   | ScanlineOrdering                        | 0                                       |
21:55:17:767 [16464] | INFO  |   | Scaling                                 | 0                                       |
21:55:17:767 [16464] | INFO  |   | SampleCount                             | 1                                       |
21:55:17:767 [16464] | INFO  |   | SampleQuality                           | 0                                       |
21:55:17:767 [16464] | INFO  |   | BufferUsage                             | 32                                      |
21:55:17:767 [16464] | INFO  |   | BufferCount                             | 1                                       |
21:55:17:767 [16464] | INFO  |   | OutputWindow                            | 000000000002139E                        |
21:55:17:767 [16464] | INFO  |   | Windowed                                | TRUE                                    |
21:55:17:767 [16464] | INFO  |   | SwapEffect                              | 0                                       |
21:55:17:767 [16464] | INFO  |   | Flags                                   | 0                                       |
21:55:17:767 [16464] | INFO  |   +-----------------------------------------+-----------------------------------------+
21:55:18:082 [16464] | INFO  | Recreated runtime environment on runtime 0000020AAD6E1E10.
21:55:18:086 [16464] | INFO  | Redirecting 'IDXGIFactory2::CreateSwapChainForHwnd(0000020AF56175D0, 0000020AA9233F50, 000000000002139E, 000000E6093FE9A0, 0000000000000000, 0000000000000000, 00007FF9B92EFE90)' ...
21:55:18:087 [16464] | INFO  | > Dumping swap chain description:
21:55:18:087 [16464] | INFO  |   +-----------------------------------------+-----------------------------------------+
21:55:18:087 [16464] | INFO  |   | Parameter                               | Value                                   |
21:55:18:087 [16464] | INFO  |   +-----------------------------------------+-----------------------------------------+
21:55:18:087 [16464] | INFO  |   | Width                                   | 0                                       |
21:55:18:087 [16464] | INFO  |   | Height                                  | 0                                       |
21:55:18:087 [16464] | INFO  |   | Format                                  | 28                                      |
21:55:18:087 [16464] | INFO  |   | Stereo                                  | FALSE                                   |
21:55:18:087 [16464] | INFO  |   | SampleCount                             | 1                                       |
21:55:18:087 [16464] | INFO  |   | SampleQuality                           | 0                                       |
21:55:18:087 [16464] | INFO  |   | BufferUsage                             | 32                                      |
21:55:18:087 [16464] | INFO  |   | BufferCount                             | 1                                       |
21:55:18:087 [16464] | INFO  |   | Scaling                                 | 0                                       |
21:55:18:087 [16464] | INFO  |   | SwapEffect                              | 0                                       |
21:55:18:087 [16464] | INFO  |   | AlphaMode                               | 0                                       |
21:55:18:087 [16464] | INFO  |   | Flags                                   | 0                                       |
21:55:18:087 [16464] | INFO  |   +-----------------------------------------+-----------------------------------------+
21:55:18:260 [16464] | INFO  | Recreated runtime environment on runtime 0000020AADDD0240.
21:55:18:307 [16464] | INFO  | Destroyed runtime environment on runtime 0000020AAD6E1E10.
21:55:18:307 [16464] | INFO  | Destroyed runtime environment on runtime 0000020AADDD0240.
21:55:18:308 [16464] | WARN  | Reference count for 'ID3D11Device' object 0000020AA9233F50 is inconsistent: 1, but expected 0.
21:55:18:320 [16464] | WARN  | Reference count for 'IDXGIDevice1' object 0000020AAE28D1A0 is inconsistent: 2, but expected 1.
21:55:18:342 [16464] | WARN  | Reference count for 'IDXGIDevice1' object 0000020AAD840610 is inconsistent: 0, but expected 1.
21:55:24:791 [15576] | INFO  | Redirecting 'CreateDXGIFactory1({770AAE78-F26F-4DBA-A829-253C83D1B387}, 000000E608745800)' ...
21:55:24:801 [15576] | INFO  | Redirecting 'CreateDXGIFactory1({770AAE78-F26F-4DBA-A829-253C83D1B387}, 000000E6087457F0)' ...
21:55:24:801 [15576] | INFO  | Redirecting 'CreateDXGIFactory1({770AAE78-F26F-4DBA-A829-253C83D1B387}, 000000E608745800)' ...
21:55:24:805 [15576] | INFO  | Redirecting 'CreateDXGIFactory1({770AAE78-F26F-4DBA-A829-253C83D1B387}, 000000E6087457F0)' ...
21:56:23:114 [15576] | INFO  | Redirecting 'CreateDXGIFactory1({770AAE78-F26F-4DBA-A829-253C83D1B387}, 000000E608745800)' ...
21:56:23:116 [15576] | INFO  | Redirecting 'CreateDXGIFactory1({770AAE78-F26F-4DBA-A829-253C83D1B387}, 000000E6087457F0)' ...
22:00:56:604 [15576] | INFO  | Redirecting 'CreateDXGIFactory1({770AAE78-F26F-4DBA-A829-253C83D1B387}, 000000E6087457B0)' ...
22:00:56:606 [15576] | INFO  | Redirecting 'CreateDXGIFactory1({770AAE78-F26F-4DBA-A829-253C83D1B387}, 000000E6087457A0)' ...
22:01:05:864 [15576] | INFO  | Redirecting 'CreateDXGIFactory1({770AAE78-F26F-4DBA-A829-253C83D1B387}, 000000E608745800)' ...
22:01:05:869 [15576] | INFO  | Redirecting 'CreateDXGIFactory1({770AAE78-F26F-4DBA-A829-253C83D1B387}, 000000E6087457F0)' ...
23:34:18:295 [15576] | INFO  | Redirecting 'CreateDXGIFactory1({770AAE78-F26F-4DBA-A829-253C83D1B387}, 000000E6087457B0)' ...
23:34:18:298 [15576] | INFO  | Redirecting 'CreateDXGIFactory1({770AAE78-F26F-4DBA-A829-253C83D1B387}, 000000E6087457A0)' ...
23:34:19:271 [15576] | WARN  | Reference count for 'IDXGIDevice1' object 0000020AF5E6D6D0 is inconsistent: 2, but expected 1.
23:34:19:700 [15576] | INFO  | Exiting ...
23:34:19:700 [15576] | INFO  | Uninstalling 49 hook(s) ...
23:34:19:752 [15576] | INFO  | Exited.
