2018-03-07T01:17:21:945 [16940] | INFO  | Initializing crosire's ReShade version '3.1.1.243' (64-bit) built on '2018-01-13 10:40:57' loaded from 'D:\Program Files (x86)\World of Warcraft\dxgi.dll' to 'D:\Program Files (x86)\World of Warcraft\Wow-64.exe' ...
2018-03-07T01:17:21:946 [16940] | INFO  | Installing hook for 'LoadLibraryA' at 0x00007FFDA4D213F0 with 0x00007FFD7A864A60 using method 1 ...
2018-03-07T01:17:21:946 [16940] | INFO  | > Succeeded.
2018-03-07T01:17:21:980 [16940] | INFO  | Installing hook for 'LoadLibraryExA' at 0x00007FFDA4D20A90 with 0x00007FFD7A864C60 using method 1 ...
2018-03-07T01:17:21:981 [16940] | INFO  | > Succeeded.
2018-03-07T01:17:22:014 [16940] | INFO  | Installing hook for 'LoadLibraryW' at 0x00007FFDA4D20B00 with 0x00007FFD7A864D20 using method 1 ...
2018-03-07T01:17:22:014 [16940] | INFO  | > Succeeded.
2018-03-07T01:17:22:048 [16940] | INFO  | Installing hook for 'LoadLibraryExW' at 0x00007FFDA4D1C0F0 with 0x00007FFD7A864F20 using method 1 ...
2018-03-07T01:17:22:048 [16940] | INFO  | > Succeeded.
2018-03-07T01:17:22:082 [16940] | INFO  | Registering hooks for 'C:\Windows\system32\d3d9.dll' ...
2018-03-07T01:17:22:083 [16940] | INFO  | > Libraries loaded.
2018-03-07T01:17:22:083 [16940] | INFO  | > Dumping matches in export table:
2018-03-07T01:17:22:083 [16940] | INFO  |   +--------------------+---------+----------------------------------------------------+
2018-03-07T01:17:22:083 [16940] | INFO  |   | Address            | Ordinal | Name                                               |
2018-03-07T01:17:22:083 [16940] | INFO  |   +--------------------+---------+----------------------------------------------------+
2018-03-07T01:17:22:083 [16940] | INFO  |   | 0x00007FFD9CC65650 | 26      | D3DPERF_BeginEvent                                 |
2018-03-07T01:17:22:083 [16940] | INFO  |   | 0x00007FFD9CC656A0 | 27      | D3DPERF_EndEvent                                   |
2018-03-07T01:17:22:083 [16940] | INFO  |   | 0x00007FFD9CC656D0 | 28      | D3DPERF_GetStatus                                  |
2018-03-07T01:17:22:083 [16940] | INFO  |   | 0x00007FFD9CC656F0 | 29      | D3DPERF_QueryRepeatFrame                           |
2018-03-07T01:17:22:083 [16940] | INFO  |   | 0x00007FFD9CC65730 | 30      | D3DPERF_SetMarker                                  |
2018-03-07T01:17:22:083 [16940] | INFO  |   | 0x00007FFD9CC65770 | 31      | D3DPERF_SetOptions                                 |
2018-03-07T01:17:22:083 [16940] | INFO  |   | 0x00007FFD9CC657A0 | 32      | D3DPERF_SetRegion                                  |
2018-03-07T01:17:22:083 [16940] | INFO  |   | 0x00007FFD9CC1DE10 | 36      | Direct3DCreate9                                    |
2018-03-07T01:17:22:083 [16940] | INFO  |   | 0x00007FFD9CC1DE40 | 37      | Direct3DCreate9Ex                                  |
2018-03-07T01:17:22:083 [16940] | INFO  |   +--------------------+---------+----------------------------------------------------+
2018-03-07T01:17:22:083 [16940] | INFO  | > Found 9 match(es). Installing ...
2018-03-07T01:17:22:083 [16940] | INFO  | Installing hook for 'D3DPERF_BeginEvent' at 0x00007FFD9CC65650 with 0x00007FFD7A839870 using method 1 ...
2018-03-07T01:17:22:083 [16940] | INFO  | > Succeeded.
2018-03-07T01:17:22:083 [16940] | INFO  | Installing hook for 'D3DPERF_EndEvent' at 0x00007FFD9CC656A0 with 0x00007FFD7A839870 using method 1 ...
2018-03-07T01:17:22:083 [16940] | INFO  | > Succeeded.
2018-03-07T01:17:22:083 [16940] | INFO  | Installing hook for 'D3DPERF_GetStatus' at 0x00007FFD9CC656D0 with 0x00007FFD7A839870 using method 1 ...
2018-03-07T01:17:22:083 [16940] | INFO  | > Succeeded.
2018-03-07T01:17:22:083 [16940] | INFO  | Installing hook for 'D3DPERF_QueryRepeatFrame' at 0x00007FFD9CC656F0 with 0x00007FFD7A839870 using method 1 ...
2018-03-07T01:17:22:083 [16940] | INFO  | > Succeeded.
2018-03-07T01:17:22:083 [16940] | INFO  | Installing hook for 'D3DPERF_SetMarker' at 0x00007FFD9CC65730 with 0x00007FFD7A830BC0 using method 1 ...
2018-03-07T01:17:22:083 [16940] | INFO  | > Succeeded.
2018-03-07T01:17:22:083 [16940] | INFO  | Installing hook for 'D3DPERF_SetOptions' at 0x00007FFD9CC65770 with 0x00007FFD7A830BC0 using method 1 ...
2018-03-07T01:17:22:083 [16940] | INFO  | > Succeeded.
2018-03-07T01:17:22:083 [16940] | INFO  | Installing hook for 'D3DPERF_SetRegion' at 0x00007FFD9CC657A0 with 0x00007FFD7A830BC0 using method 1 ...
2018-03-07T01:17:22:083 [16940] | INFO  | > Succeeded.
2018-03-07T01:17:22:083 [16940] | INFO  | Installing hook for 'Direct3DCreate9' at 0x00007FFD9CC1DE10 with 0x00007FFD7A850C10 using method 1 ...
2018-03-07T01:17:22:084 [16940] | INFO  | > Succeeded.
2018-03-07T01:17:22:084 [16940] | INFO  | Installing hook for 'Direct3DCreate9Ex' at 0x00007FFD9CC1DE40 with 0x00007FFD7A850D90 using method 1 ...
2018-03-07T01:17:22:084 [16940] | INFO  | > Succeeded.
2018-03-07T01:17:22:118 [16940] | INFO  | Registering hooks for 'C:\Windows\system32\d3d10.dll' ...
2018-03-07T01:17:22:118 [16940] | INFO  | > Delayed.
2018-03-07T01:17:22:119 [16940] | INFO  | Registering hooks for 'C:\Windows\system32\d3d10_1.dll' ...
2018-03-07T01:17:22:119 [16940] | INFO  | > Delayed.
2018-03-07T01:17:22:119 [16940] | INFO  | Registering hooks for 'C:\Windows\system32\d3d11.dll' ...
2018-03-07T01:17:22:120 [16940] | INFO  | > Libraries loaded.
2018-03-07T01:17:22:120 [16940] | INFO  | > Dumping matches in export table:
2018-03-07T01:17:22:120 [16940] | INFO  |   +--------------------+---------+----------------------------------------------------+
2018-03-07T01:17:22:120 [16940] | INFO  |   | Address            | Ordinal | Name                                               |
2018-03-07T01:17:22:120 [16940] | INFO  |   +--------------------+---------+----------------------------------------------------+
2018-03-07T01:17:22:120 [16940] | INFO  |   | 0x00007FFDA0D74030 | 22      | D3D11CreateDevice                                  |
2018-03-07T01:17:22:120 [16940] | INFO  |   | 0x00007FFDA0D73EC0 | 23      | D3D11CreateDeviceAndSwapChain                      |
2018-03-07T01:17:22:120 [16940] | INFO  |   +--------------------+---------+----------------------------------------------------+
2018-03-07T01:17:22:120 [16940] | INFO  | > Found 2 match(es). Installing ...
2018-03-07T01:17:22:120 [16940] | INFO  | Installing hook for 'D3D11CreateDevice' at 0x00007FFDA0D74030 with 0x00007FFD7A842D20 using method 1 ...
2018-03-07T01:17:22:120 [16940] | INFO  | > Succeeded.
2018-03-07T01:17:22:120 [16940] | INFO  | Installing hook for 'D3D11CreateDeviceAndSwapChain' at 0x00007FFDA0D73EC0 with 0x00007FFD7A843000 using method 1 ...
2018-03-07T01:17:22:120 [16940] | INFO  | > Succeeded.
2018-03-07T01:17:22:154 [16940] | INFO  | Registering hooks for 'C:\Windows\system32\dxgi.dll' ...
2018-03-07T01:17:22:155 [16940] | INFO  | > Delayed until first call to an exported function.
2018-03-07T01:17:22:155 [16940] | INFO  | Registering hooks for 'C:\Windows\system32\opengl32.dll' ...
2018-03-07T01:17:22:155 [16940] | INFO  | > Delayed.
2018-03-07T01:17:22:155 [16940] | INFO  | Registering hooks for 'C:\Windows\system32\user32.dll' ...
2018-03-07T01:17:22:156 [16940] | INFO  | > Libraries loaded.
2018-03-07T01:17:22:156 [16940] | INFO  | > Dumping matches in export table:
2018-03-07T01:17:22:156 [16940] | INFO  |   +--------------------+---------+----------------------------------------------------+
2018-03-07T01:17:22:156 [16940] | INFO  |   | Address            | Ordinal | Name                                               |
2018-03-07T01:17:22:156 [16940] | INFO  |   +--------------------+---------+----------------------------------------------------+
2018-03-07T01:17:22:156 [16940] | INFO  |   | 0x00007FFDA5537AA0 | 1826    | GetCursorPos                                       |
2018-03-07T01:17:22:156 [16940] | INFO  |   | 0x00007FFDA55306E0 | 1891    | GetMessageA                                        |
2018-03-07T01:17:22:156 [16940] | INFO  |   | 0x00007FFDA5533F50 | 1895    | GetMessageW                                        |
2018-03-07T01:17:22:156 [16940] | INFO  |   | 0x00007FFDA5530040 | 2186    | PeekMessageA                                       |
2018-03-07T01:17:22:156 [16940] | INFO  |   | 0x00007FFDA5530170 | 2187    | PeekMessageW                                       |
2018-03-07T01:17:22:156 [16940] | INFO  |   | 0x00007FFDA55389C0 | 2190    | PostMessageA                                       |
2018-03-07T01:17:22:156 [16940] | INFO  |   | 0x00007FFDA5512A40 | 2191    | PostMessageW                                       |
2018-03-07T01:17:22:156 [16940] | INFO  |   | 0x00007FFDA552A2C0 | 2234    | RegisterClassA                                     |
2018-03-07T01:17:22:156 [16940] | INFO  |   | 0x00007FFDA558D400 | 2235    | RegisterClassExA                                   |
2018-03-07T01:17:22:156 [16940] | INFO  |   | 0x00007FFDA552D170 | 2236    | RegisterClassExW                                   |
2018-03-07T01:17:22:156 [16940] | INFO  |   | 0x00007FFDA552D1A0 | 2237    | RegisterClassW                                     |
2018-03-07T01:17:22:156 [16940] | INFO  |   | 0x00007FFDA55420F0 | 2253    | RegisterRawInputDevices                            |
2018-03-07T01:17:22:156 [16940] | INFO  |   | 0x00007FFDA553AF80 | 2308    | SetCursorPos                                       |
2018-03-07T01:17:22:156 [16940] | INFO  |   +--------------------+---------+----------------------------------------------------+
2018-03-07T01:17:22:156 [16940] | INFO  | > Found 13 match(es). Installing ...
2018-03-07T01:17:22:156 [16940] | INFO  | Installing hook for 'GetCursorPos' at 0x00007FFDA5537AA0 with 0x00007FFD7A86C170 using method 1 ...
2018-03-07T01:17:22:156 [16940] | INFO  | > Succeeded.
2018-03-07T01:17:22:156 [16940] | INFO  | Installing hook for 'GetMessageA' at 0x00007FFDA55306E0 with 0x00007FFD7A86B4D0 using method 1 ...
2018-03-07T01:17:22:157 [16940] | INFO  | > Succeeded.
2018-03-07T01:17:22:157 [16940] | INFO  | Installing hook for 'GetMessageW' at 0x00007FFDA5533F50 with 0x00007FFD7A86B5A0 using method 1 ...
2018-03-07T01:17:22:157 [16940] | INFO  | > Succeeded.
2018-03-07T01:17:22:157 [16940] | INFO  | Installing hook for 'PeekMessageA' at 0x00007FFDA5530040 with 0x00007FFD7A86B670 using method 1 ...
2018-03-07T01:17:22:157 [16940] | INFO  | > Succeeded.
2018-03-07T01:17:22:157 [16940] | INFO  | Installing hook for 'PeekMessageW' at 0x00007FFDA5530170 with 0x00007FFD7A86B750 using method 1 ...
2018-03-07T01:17:22:157 [16940] | INFO  | > Succeeded.
2018-03-07T01:17:22:157 [16940] | INFO  | Installing hook for 'PostMessageA' at 0x00007FFDA55389C0 with 0x00007FFD7A86BF50 using method 1 ...
2018-03-07T01:17:22:157 [16940] | INFO  | > Succeeded.
2018-03-07T01:17:22:157 [16940] | INFO  | Installing hook for 'PostMessageW' at 0x00007FFDA5512A40 with 0x00007FFD7A86C010 using method 1 ...
2018-03-07T01:17:22:157 [16940] | INFO  | > Succeeded.
2018-03-07T01:17:22:157 [16940] | INFO  | Installing hook for 'RegisterClassA' at 0x00007FFDA552A2C0 with 0x00007FFD7A8B0F30 using method 1 ...
2018-03-07T01:17:22:157 [16940] | INFO  | > Succeeded.
2018-03-07T01:17:22:157 [16940] | INFO  | Installing hook for 'RegisterClassExA' at 0x00007FFDA558D400 with 0x00007FFD7A8B1270 using method 1 ...
2018-03-07T01:17:22:157 [16940] | INFO  | > Succeeded.
2018-03-07T01:17:22:157 [16940] | INFO  | Installing hook for 'RegisterClassExW' at 0x00007FFDA552D170 with 0x00007FFD7A8B1400 using method 1 ...
2018-03-07T01:17:22:157 [16940] | INFO  | > Succeeded.
2018-03-07T01:17:22:157 [16940] | INFO  | Installing hook for 'RegisterClassW' at 0x00007FFDA552D1A0 with 0x00007FFD7A8B10D0 using method 1 ...
2018-03-07T01:17:22:157 [16940] | INFO  | > Succeeded.
2018-03-07T01:17:22:157 [16940] | INFO  | Installing hook for 'RegisterRawInputDevices' at 0x00007FFDA55420F0 with 0x00007FFD7A86B830 using method 1 ...
2018-03-07T01:17:22:157 [16940] | INFO  | > Succeeded.
2018-03-07T01:17:22:157 [16940] | INFO  | Installing hook for 'SetCursorPos' at 0x00007FFDA553AF80 with 0x00007FFD7A86C0D0 using method 1 ...
2018-03-07T01:17:22:157 [16940] | INFO  | > Succeeded.
2018-03-07T01:17:22:191 [16940] | INFO  | Registering hooks for 'C:\Windows\system32\ws2_32.dll' ...
2018-03-07T01:17:22:192 [16940] | INFO  | > Libraries loaded.
2018-03-07T01:17:22:192 [16940] | INFO  | > Dumping matches in export table:
2018-03-07T01:17:22:192 [16940] | INFO  |   +--------------------+---------+----------------------------------------------------+
2018-03-07T01:17:22:192 [16940] | INFO  |   | Address            | Ordinal | Name                                               |
2018-03-07T01:17:22:192 [16940] | INFO  |   +--------------------+---------+----------------------------------------------------+
2018-03-07T01:17:22:192 [16940] | INFO  |   | 0x00007FFDA534AD90 | 91      | WSARecv                                            |
2018-03-07T01:17:22:192 [16940] | INFO  |   | 0x00007FFDA5356780 | 93      | WSARecvFrom                                        |
2018-03-07T01:17:22:192 [16940] | INFO  |   | 0x00007FFDA534A8A0 | 96      | WSASend                                            |
2018-03-07T01:17:22:192 [16940] | INFO  |   | 0x00007FFDA5356D80 | 99      | WSASendTo                                          |
2018-03-07T01:17:22:192 [16940] | INFO  |   | 0x00007FFDA5349EC0 | 16      | recv                                               |
2018-03-07T01:17:22:192 [16940] | INFO  |   | 0x00007FFDA5349CC0 | 17      | recvfrom                                           |
2018-03-07T01:17:22:192 [16940] | INFO  |   | 0x00007FFDA534BA40 | 19      | send                                               |
2018-03-07T01:17:22:192 [16940] | INFO  |   | 0x00007FFDA534F0B0 | 20      | sendto                                             |
2018-03-07T01:17:22:192 [16940] | INFO  |   +--------------------+---------+----------------------------------------------------+
2018-03-07T01:17:22:192 [16940] | INFO  | > Found 8 match(es). Installing ...
2018-03-07T01:17:22:192 [16940] | INFO  | Installing hook for 'WSARecv' at 0x00007FFDA534AD90 with 0x00007FFD7A8B1740 using method 1 ...
2018-03-07T01:17:22:192 [16940] | INFO  | > Succeeded.
2018-03-07T01:17:22:192 [16940] | INFO  | Installing hook for 'WSARecvFrom' at 0x00007FFDA5356780 with 0x00007FFD7A8B18D0 using method 1 ...
2018-03-07T01:17:22:192 [16940] | INFO  | > Succeeded.
2018-03-07T01:17:22:192 [16940] | INFO  | Installing hook for 'WSASend' at 0x00007FFDA534A8A0 with 0x00007FFD7A8B15A0 using method 1 ...
2018-03-07T01:17:22:192 [16940] | INFO  | > Succeeded.
2018-03-07T01:17:22:192 [16940] | INFO  | Installing hook for 'WSASendTo' at 0x00007FFDA5356D80 with 0x00007FFD7A8B1670 using method 1 ...
2018-03-07T01:17:22:192 [16940] | INFO  | > Succeeded.
2018-03-07T01:17:22:192 [16940] | INFO  | Installing hook for 'recv' at 0x00007FFDA5349EC0 with 0x00007FFD7A8B1B50 using method 1 ...
2018-03-07T01:17:22:192 [16940] | INFO  | > Succeeded.
2018-03-07T01:17:22:192 [16940] | INFO  | Installing hook for 'recvfrom' at 0x00007FFDA5349CC0 with 0x00007FFD7A8B1C00 using method 1 ...
2018-03-07T01:17:22:192 [16940] | INFO  | > Succeeded.
2018-03-07T01:17:22:192 [16940] | INFO  | Installing hook for 'send' at 0x00007FFDA534BA40 with 0x00007FFD7A8B19D0 using method 1 ...
2018-03-07T01:17:22:193 [16940] | INFO  | > Succeeded.
2018-03-07T01:17:22:193 [16940] | INFO  | Installing hook for 'sendto' at 0x00007FFDA534F0B0 with 0x00007FFD7A8B1A80 using method 1 ...
2018-03-07T01:17:22:193 [16940] | INFO  | > Succeeded.
2018-03-07T01:17:22:227 [16940] | INFO  | Initialized.
2018-03-07T01:17:22:227 [16940] | INFO  | Redirecting 'D3D11CreateDevice(0000000000000000, 1, 0000000000000000, 0x1, 00000043B0CFF440, 3, 7, 0000000000000000, 00000043B0CFF460, 0000000000000000)' ...
2018-03-07T01:17:22:227 [16940] | INFO  | > Passing on to 'D3D11CreateDeviceAndSwapChain':
2018-03-07T01:17:22:227 [16940] | INFO  | Redirecting 'D3D11CreateDeviceAndSwapChain(0000000000000000, 1, 0000000000000000, 0x1, 00000043B0CFF440, 3, 7, 0000000000000000, 0000000000000000, 0000000000000000, 00000043B0CFF460, 0000000000000000)' ...
2018-03-07T01:17:22:227 [16940] | INFO  | Redirecting 'CreateDXGIFactory2(2147483648, {7B7166EC-21C7-44AE-B21A-C9AE321AE369}, 00000043B0CFEBC8)' ...
2018-03-07T01:17:22:229 [16940] | INFO  | Installing export hooks for 'C:\Windows\system32\dxgi.dll' ...
2018-03-07T01:17:22:229 [16940] | INFO  | > Dumping matches in export table:
2018-03-07T01:17:22:229 [16940] | INFO  |   +--------------------+---------+----------------------------------------------------+
2018-03-07T01:17:22:229 [16940] | INFO  |   | Address            | Ordinal | Name                                               |
2018-03-07T01:17:22:229 [16940] | INFO  |   +--------------------+---------+----------------------------------------------------+
2018-03-07T01:17:22:229 [16940] | INFO  |   | 0x00007FFDA2728D00 | 11      | CreateDXGIFactory                                  |
2018-03-07T01:17:22:229 [16940] | INFO  |   | 0x00007FFDA2727F00 | 12      | CreateDXGIFactory1                                 |
2018-03-07T01:17:22:229 [16940] | INFO  |   | 0x00007FFDA27153A0 | 13      | CreateDXGIFactory2                                 |
2018-03-07T01:17:22:229 [16940] | INFO  |   | 0x00007FFDA272C2F0 | 14      | DXGID3D10CreateDevice                              |
2018-03-07T01:17:22:229 [16940] | INFO  |   | 0x00007FFDA272C2F0 | 15      | DXGID3D10CreateLayeredDevice                       |
2018-03-07T01:17:22:229 [16940] | INFO  |   | 0x00007FFDA272C2D0 | 17      | DXGID3D10GetLayeredDeviceSize                      |
2018-03-07T01:17:22:229 [16940] | INFO  |   | 0x00007FFDA272C2F0 | 18      | DXGID3D10RegisterLayers                            |
2018-03-07T01:17:22:229 [16940] | INFO  |   +--------------------+---------+----------------------------------------------------+
2018-03-07T01:17:22:229 [16940] | INFO  | > Found 7 match(es). Installing ...
2018-03-07T01:17:22:229 [16940] | INFO  | Installing hook for 'CreateDXGIFactory' at 0x00007FFDA2728D00 with 0x00007FFD7A884E30 using method 0 ...
2018-03-07T01:17:22:229 [16940] | INFO  | > Succeeded.
2018-03-07T01:17:22:229 [16940] | INFO  | Installing hook for 'CreateDXGIFactory1' at 0x00007FFDA2727F00 with 0x00007FFD7A884F70 using method 0 ...
2018-03-07T01:17:22:229 [16940] | INFO  | > Succeeded.
2018-03-07T01:17:22:229 [16940] | INFO  | Installing hook for 'CreateDXGIFactory2' at 0x00007FFDA27153A0 with 0x00007FFD7A885220 using method 0 ...
2018-03-07T01:17:22:229 [16940] | INFO  | > Succeeded.
2018-03-07T01:17:22:229 [16940] | INFO  | Installing hook for 'DXGID3D10CreateDevice' at 0x00007FFDA272C2F0 with 0x00007FFD7A884D60 using method 0 ...
2018-03-07T01:17:22:229 [16940] | INFO  | > Succeeded.
2018-03-07T01:17:22:229 [16940] | INFO  | Installing hook for 'DXGID3D10CreateLayeredDevice' at 0x00007FFDA272C2F0 with 0x00007FFD7A884DB0 using method 0 ...
2018-03-07T01:17:22:229 [16940] | INFO  | > Succeeded.
2018-03-07T01:17:22:229 [16940] | INFO  | Installing hook for 'DXGID3D10GetLayeredDeviceSize' at 0x00007FFDA272C2D0 with 0x00007FFD7A884E00 using method 0 ...
2018-03-07T01:17:22:229 [16940] | INFO  | > Succeeded.
2018-03-07T01:17:22:229 [16940] | INFO  | Installing hook for 'DXGID3D10RegisterLayers' at 0x00007FFDA272C2F0 with 0x00007FFD7A884E00 using method 0 ...
2018-03-07T01:17:22:229 [16940] | INFO  | > Succeeded.
2018-03-07T01:17:22:232 [16940] | INFO  | Installing hook for 'IDXGIFactory::CreateSwapChain' at 0x00007FFDA27642A0 with 0x00007FFD7A882FF0 using method 2 ...
2018-03-07T01:17:22:232 [16940] | INFO  | > Succeeded.
2018-03-07T01:17:22:232 [16940] | INFO  | Installing hook for 'IDXGIFactory2::CreateSwapChainForHwnd' at 0x00007FFDA2764A90 with 0x00007FFD7A8836F0 using method 2 ...
2018-03-07T01:17:22:232 [16940] | INFO  | > Succeeded.
2018-03-07T01:17:22:232 [16940] | INFO  | Installing hook for 'IDXGIFactory2::CreateSwapChainForCoreWindow' at 0x00007FFDA27648B0 with 0x00007FFD7A883ED0 using method 2 ...
2018-03-07T01:17:22:232 [16940] | INFO  | > Succeeded.
2018-03-07T01:17:22:232 [16940] | INFO  | Installing hook for 'IDXGIFactory2::CreateSwapChainForComposition' at 0x00007FFDA2764710 with 0x00007FFD7A884620 using method 2 ...
2018-03-07T01:17:22:232 [16940] | INFO  | > Succeeded.
2018-03-07T01:17:22:232 [16940] | INFO  | Returning 'IDXGIFactory2' object 000001A70F592640
2018-03-07T01:17:22:265 [16940] | INFO  | > Using feature level 0xb000.
2018-03-07T01:17:22:266 [16940] | INFO  | Redirecting 'Direct3DCreate9(32)' ...
2018-03-07T01:17:22:287 [16940] | INFO  | Installing hook for 'IDirect3D9::CreateDevice' at 0x00007FFD9CC02490 with 0x00007FFD7A84FE80 using method 2 ...
2018-03-07T01:17:22:287 [16940] | INFO  | > Succeeded.
2018-03-07T01:17:22:287 [16940] | INFO  | Returning 'IDirect3D9' object 000001A71A2D3600
2018-03-07T01:17:22:293 [16940] | INFO  | Redirecting 'CreateDXGIFactory1({770AAE78-F26F-4DBA-A829-253C83D1B387}, 00000043B0CFF2B8)' ...
2018-03-07T01:17:22:294 [16940] | INFO  | Returning 'IDXGIFactory1' object 000001A70F592640
2018-03-07T01:17:22:308 [16940] | INFO  | Redirecting 'CreateDXGIFactory1({770AAE78-F26F-4DBA-A829-253C83D1B387}, 00000043B0CFF260)' ...
2018-03-07T01:17:22:308 [16940] | INFO  | Returning 'IDXGIFactory1' object 000001A70F592640
2018-03-07T01:17:22:315 [16940] | INFO  | Redirecting 'Direct3DCreate9(32)' ...
2018-03-07T01:17:22:336 [16940] | INFO  | Returning 'IDirect3D9' object 000001A71A2D3600
2018-03-07T01:17:22:339 [16940] | INFO  | Redirecting 'CreateDXGIFactory1({770AAE78-F26F-4DBA-A829-253C83D1B387}, 00000043B0CFF270)' ...
2018-03-07T01:17:22:339 [16940] | INFO  | Returning 'IDXGIFactory1' object 000001A70F592640
2018-03-07T01:17:22:346 [16940] | INFO  | Redirecting 'CreateDXGIFactory1({770AAE78-F26F-4DBA-A829-253C83D1B387}, 00000043B0CFF1D8)' ...
2018-03-07T01:17:22:346 [16940] | INFO  | Returning 'IDXGIFactory1' object 000001A70F592640
2018-03-07T01:17:22:357 [16940] | INFO  | Redirecting 'CreateDXGIFactory1({770AAE78-F26F-4DBA-A829-253C83D1B387}, 00000043B0CFF298)' ...
2018-03-07T01:17:22:357 [16940] | INFO  | Returning 'IDXGIFactory1' object 000001A70F592640
2018-03-07T01:17:22:369 [16940] | INFO  | Redirecting 'RegisterClassExW(00000043B0CFF2C0)' ...
2018-03-07T01:17:22:377 [16940] | INFO  | Redirecting 'CreateDXGIFactory1({770AAE78-F26F-4DBA-A829-253C83D1B387}, 000001A71A2D5F58)' ...
2018-03-07T01:17:22:377 [16940] | INFO  | Returning 'IDXGIFactory1' object 000001A70F592640
2018-03-07T01:17:22:419 [16940] | INFO  | Redirecting 'D3D11CreateDevice(000001A7192C4670, 0, 0000000000000000, 0x1, 00000043B0CFF1C8, 3, 7, 000001A71A2D5F50, 00000043B0CFF198, 000001A71A2D5F70)' ...
2018-03-07T01:17:22:419 [16940] | INFO  | > Passing on to 'D3D11CreateDeviceAndSwapChain':
2018-03-07T01:17:22:419 [16940] | INFO  | Redirecting 'D3D11CreateDeviceAndSwapChain(000001A7192C4670, 0, 0000000000000000, 0x1, 00000043B0CFF1C8, 3, 7, 0000000000000000, 0000000000000000, 000001A71A2D5F50, 00000043B0CFF198, 000001A71A2D5F70)' ...
2018-03-07T01:17:22:460 [16940] | INFO  | > Using feature level 0xb000.
2018-03-07T01:17:22:460 [16940] | INFO  | Returning 'IDXGIDevice1' object 000001A71A4BC4C0
2018-03-07T01:17:22:460 [16940] | INFO  | Returning 'ID3D11Device' object 000001A71A27EB80
2018-03-07T01:17:22:460 [16940] | INFO  | Returning 'ID3D11DeviceContext' object 000001A71A2859A0
2018-03-07T01:17:22:460 [16940] | INFO  | Redirecting 'IDXGIFactory::CreateSwapChain(000001A70F592640, 000001A71A27EB80, 00000043B0CFF140, 000001A71A2D5F68)' ...
2018-03-07T01:17:22:460 [16940] | INFO  | > Dumping swap chain description:
2018-03-07T01:17:22:460 [16940] | INFO  |   +-----------------------------------------+-----------------------------------------+
2018-03-07T01:17:22:460 [16940] | INFO  |   | Parameter                               | Value                                   |
2018-03-07T01:17:22:460 [16940] | INFO  |   +-----------------------------------------+-----------------------------------------+
2018-03-07T01:17:22:460 [16940] | INFO  |   | Width                                   | 2560                                    |
2018-03-07T01:17:22:460 [16940] | INFO  |   | Height                                  | 1440                                    |
2018-03-07T01:17:22:460 [16940] | INFO  |   | RefreshRate                             | 165000              1000                |
2018-03-07T01:17:22:460 [16940] | INFO  |   | Format                                  | 28                                      |
2018-03-07T01:17:22:460 [16940] | INFO  |   | ScanlineOrdering                        | 1                                       |
2018-03-07T01:17:22:460 [16940] | INFO  |   | Scaling                                 | 0                                       |
2018-03-07T01:17:22:460 [16940] | INFO  |   | SampleCount                             | 1                                       |
2018-03-07T01:17:22:460 [16940] | INFO  |   | SampleQuality                           | 0                                       |
2018-03-07T01:17:22:460 [16940] | INFO  |   | BufferUsage                             | 48                                      |
2018-03-07T01:17:22:460 [16940] | INFO  |   | BufferCount                             | 1                                       |
2018-03-07T01:17:22:460 [16940] | INFO  |   | OutputWindow                            | 00000000000B058E                        |
2018-03-07T01:17:22:460 [16940] | INFO  |   | Windowed                                | FALSE                                   |
2018-03-07T01:17:22:460 [16940] | INFO  |   | SwapEffect                              | 0                                       |
2018-03-07T01:17:22:460 [16940] | INFO  |   | Flags                                   | 0x2                                     |
2018-03-07T01:17:22:460 [16940] | INFO  |   +-----------------------------------------+-----------------------------------------+
2018-03-07T01:17:22:549 [16940] | INFO  | Starting input capture for window 00000000000B058E ...
2018-03-07T01:17:22:555 [16940] | INFO  | Recreated runtime environment on runtime 000001A71A5E2320.
2018-03-07T01:17:22:557 [16940] | INFO  | Returning 'IDXGISwapChain' object 000001A71A2B8E10
2018-03-07T01:17:22:618 [16940] | INFO  | Redirecting 'IDXGISwapChain::SetFullscreenState(000001A71A2B8E10, TRUE, 0000000000000000)' ...
2018-03-07T01:17:22:735 [16940] | INFO  | Redirecting 'RegisterRawInputDevices(00000043B0CFF430, 1, 16)' ...
2018-03-07T01:17:22:735 [16940] | INFO  | > Dumping device registration at index 0:
2018-03-07T01:17:22:735 [16940] | INFO  |   +-----------------------------------------+-----------------------------------------+
2018-03-07T01:17:22:735 [16940] | INFO  |   | Parameter                               | Value                                   |
2018-03-07T01:17:22:735 [16940] | INFO  |   +-----------------------------------------+-----------------------------------------+
2018-03-07T01:17:22:735 [16940] | INFO  |   | UsagePage                               | 0x1                                     |
2018-03-07T01:17:22:735 [16940] | INFO  |   | Usage                                   | 0x2                                     |
2018-03-07T01:17:22:735 [16940] | INFO  |   | Flags                                   | 0x1                                     |
2018-03-07T01:17:22:735 [16940] | INFO  |   | TargetWindow                            | 0000000000000000                        |
2018-03-07T01:17:22:735 [16940] | INFO  |   +-----------------------------------------+-----------------------------------------+
2018-03-07T01:17:22:947 [16940] | INFO  | Redirecting 'Direct3DCreate9(32)' ...
2018-03-07T01:17:22:968 [16940] | INFO  | Returning 'IDirect3D9' object 000001A71A638820
2018-03-07T01:17:22:969 [16940] | INFO  | Redirecting 'Direct3DCreate9(32)' ...
2018-03-07T01:17:22:974 [16940] | INFO  | Returning 'IDirect3D9' object 000001A71A638820
2018-03-07T01:17:23:172 [16940] | INFO  | Redirecting 'IDXGISwapChain::ResizeBuffers(000001A71A2B8E10, 1, 2560, 1440, 28, 0x2)' ...
2018-03-07T01:17:23:172 [16940] | INFO  | Destroyed runtime environment on runtime 000001A71A5E2320.
2018-03-07T01:17:23:183 [16940] | INFO  | Recreated runtime environment on runtime 000001A71A5E2320.
2018-03-07T01:17:23:397 [16940] | INFO  | Compiling 'D:\Program Files (x86)\World of Warcraft\reshade-shaders\Shaders\AdaptiveFog.fx' ...
2018-03-07T01:17:23:435 [16940] | INFO  | > Successfully compiled.
2018-03-07T01:17:23:438 [16940] | INFO  | Compiling 'D:\Program Files (x86)\World of Warcraft\reshade-shaders\Shaders\AdaptiveSharpen.fx' ...
2018-03-07T01:17:23:535 [08536] | INFO  | Redirecting 'Direct3DCreate9Ex(32, 00007FFD91943498)' ...
2018-03-07T01:17:23:541 [08536] | INFO  | Installing hook for 'IDirect3D9Ex::CreateDeviceEx' at 0x00007FFD9CC025E0 with 0x00007FFD7A850530 using method 2 ...
2018-03-07T01:17:23:541 [08536] | INFO  | > Succeeded.
2018-03-07T01:17:23:541 [08536] | INFO  | Returning 'IDirect3D9Ex' object 000001A7AEBFFF00
2018-03-07T01:17:23:541 [08536] | INFO  | Redirecting 'IDirect3D9Ex::CreateDeviceEx(000001A7AEBFFF00, 0, 4, 00000000000B058E, 0x840, 00000043B1BFF250, 0000000000000000, 00000043B1BFF2A0)' ...
2018-03-07T01:17:23:541 [08536] | INFO  | > Dumping presentation parameters:
2018-03-07T01:17:23:541 [08536] | INFO  |   +-----------------------------------------+-----------------------------------------+
2018-03-07T01:17:23:541 [08536] | INFO  |   | Parameter                               | Value                                   |
2018-03-07T01:17:23:541 [08536] | INFO  |   +-----------------------------------------+-----------------------------------------+
2018-03-07T01:17:23:541 [08536] | INFO  |   | BackBufferWidth                         | 0                                       |
2018-03-07T01:17:23:541 [08536] | INFO  |   | BackBufferHeight                        | 0                                       |
2018-03-07T01:17:23:541 [08536] | INFO  |   | BackBufferFormat                        | 22                                      |
2018-03-07T01:17:23:541 [08536] | INFO  |   | BackBufferCount                         | 0                                       |
2018-03-07T01:17:23:541 [08536] | INFO  |   | MultiSampleType                         | 0                                       |
2018-03-07T01:17:23:541 [08536] | INFO  |   | MultiSampleQuality                      | 0                                       |
2018-03-07T01:17:23:541 [08536] | INFO  |   | SwapEffect                              | 1                                       |
2018-03-07T01:17:23:541 [08536] | INFO  |   | DeviceWindow                            | 0000000000000000                        |
2018-03-07T01:17:23:541 [08536] | INFO  |   | Windowed                                | TRUE                                    |
2018-03-07T01:17:23:541 [08536] | INFO  |   | EnableAutoDepthStencil                  | FALSE                                   |
2018-03-07T01:17:23:541 [08536] | INFO  |   | AutoDepthStencilFormat                  | 0                                       |
2018-03-07T01:17:23:541 [08536] | INFO  |   | Flags                                   | 0                                       |
2018-03-07T01:17:23:541 [08536] | INFO  |   | FullScreen_RefreshRateInHz              | 0                                       |
2018-03-07T01:17:23:541 [08536] | INFO  |   | PresentationInterval                    | 0                                       |
2018-03-07T01:17:23:541 [08536] | INFO  |   +-----------------------------------------+-----------------------------------------+
2018-03-07T01:17:23:583 [08536] | WARN  | > Skipping device due to device type being 'D3DDEVTYPE_NULLREF'.
2018-03-07T01:17:23:583 [08536] | INFO  | Returning 'IDirect3DDevice9Ex' object 000001A7AE4DFCC0
2018-03-07T01:17:23:657 [08536] | INFO  | Redirecting 'D3D11CreateDevice(0000000000000000, 1, 0000000000000000, 0, 0000000000000000, 0, 7, 00007FFD9193FDF0, 00000043B1BFF250, 00007FFD9193FDF8)' ...
2018-03-07T01:17:23:657 [08536] | INFO  | > Passing on to 'D3D11CreateDeviceAndSwapChain':
2018-03-07T01:17:23:657 [08536] | INFO  | Redirecting 'D3D11CreateDeviceAndSwapChain(0000000000000000, 1, 0000000000000000, 0, 0000000000000000, 0, 7, 0000000000000000, 0000000000000000, 00007FFD9193FDF0, 00000043B1BFF250, 00007FFD9193FDF8)' ...
2018-03-07T01:17:23:657 [08536] | INFO  | Redirecting 'CreateDXGIFactory2(2147483648, {7B7166EC-21C7-44AE-B21A-C9AE321AE369}, 00000043B1BFE9D8)' ...
2018-03-07T01:17:23:657 [08536] | INFO  | Returning 'IDXGIFactory2' object 000001A723D02520
2018-03-07T01:17:23:672 [08536] | INFO  | > Using feature level 0xb000.
2018-03-07T01:17:23:672 [08536] | INFO  | Returning 'IDXGIDevice1' object 000001A7AE99CCF0
2018-03-07T01:17:23:672 [08536] | INFO  | Returning 'ID3D11Device' object 000001A7AEA39840
2018-03-07T01:17:23:672 [08536] | INFO  | Returning 'ID3D11DeviceContext' object 000001A7ADB82EE0
2018-03-07T01:17:23:672 [08536] | INFO  | Redirecting 'IDXGIFactory::CreateSwapChain(000001A723D02520, 000001A7AEA39840, 00000043B1BFF260, 00007FFD9193FE20)' ...
2018-03-07T01:17:23:672 [08536] | INFO  | > Dumping swap chain description:
2018-03-07T01:17:23:672 [08536] | INFO  |   +-----------------------------------------+-----------------------------------------+
2018-03-07T01:17:23:672 [08536] | INFO  |   | Parameter                               | Value                                   |
2018-03-07T01:17:23:672 [08536] | INFO  |   +-----------------------------------------+-----------------------------------------+
2018-03-07T01:17:23:672 [08536] | INFO  |   | Width                                   | 0                                       |
2018-03-07T01:17:23:672 [08536] | INFO  |   | Height                                  | 0                                       |
2018-03-07T01:17:23:672 [08536] | INFO  |   | RefreshRate                             | 60                  1                   |
2018-03-07T01:17:23:672 [08536] | INFO  |   | Format                                  | 28                                      |
2018-03-07T01:17:23:672 [08536] | INFO  |   | ScanlineOrdering                        | 0                                       |
2018-03-07T01:17:23:672 [08536] | INFO  |   | Scaling                                 | 0                                       |
2018-03-07T01:17:23:672 [08536] | INFO  |   | SampleCount                             | 1                                       |
2018-03-07T01:17:23:672 [08536] | INFO  |   | SampleQuality                           | 0                                       |
2018-03-07T01:17:23:672 [08536] | INFO  |   | BufferUsage                             | 32                                      |
2018-03-07T01:17:23:672 [08536] | INFO  |   | BufferCount                             | 1                                       |
2018-03-07T01:17:23:672 [08536] | INFO  |   | OutputWindow                            | 000000000002060C                        |
2018-03-07T01:17:23:672 [08536] | INFO  |   | Windowed                                | TRUE                                    |
2018-03-07T01:17:23:672 [08536] | INFO  |   | SwapEffect                              | 0                                       |
2018-03-07T01:17:23:672 [08536] | INFO  |   | Flags                                   | 0                                       |
2018-03-07T01:17:23:672 [08536] | INFO  |   +-----------------------------------------+-----------------------------------------+
2018-03-07T01:17:23:692 [16940] | INFO  | > Successfully compiled.
2018-03-07T01:17:23:707 [16940] | INFO  | Compiling 'D:\Program Files (x86)\World of Warcraft\reshade-shaders\Shaders\AmbientLight.fx' ...
2018-03-07T01:17:23:709 [08536] | INFO  | Starting input capture for window 000000000002060C ...
2018-03-07T01:17:23:715 [08536] | INFO  | Recreated runtime environment on runtime 000001A7B5F4F810.
2018-03-07T01:17:23:717 [08536] | INFO  | Returning 'IDXGISwapChain' object 000001A7B5E8E700
2018-03-07T01:17:23:717 [08536] | INFO  | Redirecting 'IDXGIFactory2::CreateSwapChainForHwnd(000001A723D02520, 000001A7AEA39840, 000000000002060C, 00000043B1BFF2B0, 0000000000000000, 0000000000000000, 00007FFD9193FE90)' ...
2018-03-07T01:17:23:717 [08536] | INFO  | > Dumping swap chain description:
2018-03-07T01:17:23:717 [08536] | INFO  |   +-----------------------------------------+-----------------------------------------+
2018-03-07T01:17:23:717 [08536] | INFO  |   | Parameter                               | Value                                   |
2018-03-07T01:17:23:717 [08536] | INFO  |   +-----------------------------------------+-----------------------------------------+
2018-03-07T01:17:23:717 [08536] | INFO  |   | Width                                   | 0                                       |
2018-03-07T01:17:23:717 [08536] | INFO  |   | Height                                  | 0                                       |
2018-03-07T01:17:23:717 [08536] | INFO  |   | Format                                  | 28                                      |
2018-03-07T01:17:23:717 [08536] | INFO  |   | Stereo                                  | FALSE                                   |
2018-03-07T01:17:23:717 [08536] | INFO  |   | SampleCount                             | 1                                       |
2018-03-07T01:17:23:717 [08536] | INFO  |   | SampleQuality                           | 0                                       |
2018-03-07T01:17:23:717 [08536] | INFO  |   | BufferUsage                             | 32                                      |
2018-03-07T01:17:23:717 [08536] | INFO  |   | BufferCount                             | 1                                       |
2018-03-07T01:17:23:717 [08536] | INFO  |   | Scaling                                 | 0                                       |
2018-03-07T01:17:23:717 [08536] | INFO  |   | SwapEffect                              | 0                                       |
2018-03-07T01:17:23:717 [08536] | INFO  |   | AlphaMode                               | 0                                       |
2018-03-07T01:17:23:717 [08536] | INFO  |   | Flags                                   | 0                                       |
2018-03-07T01:17:23:717 [08536] | INFO  |   +-----------------------------------------+-----------------------------------------+
2018-03-07T01:17:23:730 [08536] | INFO  | Recreated runtime environment on runtime 000001A7AEB59D00.
2018-03-07T01:17:23:732 [08536] | INFO  | Returning 'IDXGISwapChain1' object 000001A7AEB61DA0
2018-03-07T01:17:23:783 [08536] | INFO  | Destroyed runtime environment on runtime 000001A7B5F4F810.
2018-03-07T01:17:23:784 [08536] | INFO  | Destroyed 'IDXGISwapChain' object 000001A7B5E8E700.
2018-03-07T01:17:23:784 [08536] | INFO  | Destroyed runtime environment on runtime 000001A7AEB59D00.
2018-03-07T01:17:23:784 [08536] | INFO  | Destroyed 'IDXGISwapChain1' object 000001A7AEB61DA0.
2018-03-07T01:17:23:784 [08536] | INFO  | Destroyed 'ID3D11DeviceContext' object 000001A7ADB82EE0.
2018-03-07T01:17:23:784 [08536] | WARN  | Reference count for 'ID3D11Device' object 000001A7AEA39840 is inconsistent: 1, but expected 0.
2018-03-07T01:17:23:784 [08536] | INFO  | Destroyed 'ID3D11Device' object 000001A7AEA39840.
2018-03-07T01:17:232018-03-07T02:44:38:245 [13268] | INFO  | Redirecting 'IDXGISwapChain::SetFullscreenState(000002071728CA90, TRUE, 0000000000000000)' ...
2018-03-07T02:44:38:295 [13268] | INFO  | Compiling 'D:\Program Files (x86)\World of Warcraft\reshade-shaders\Shaders\AdaptiveSharpen.fx' ...
2018-03-07T02:44:38:552 [13268] | INFO  | > Successfully compiled.
2018-03-07T02:44:38:576 [13268] | INFO  | Compiling 'D:\Program Files (x86)\World of Warcraft\reshade-shaders\Shaders\AmbientLight.fx' ...
2018-03-07T02:44:39:618 [13268] | INFO  | > Successfully compiled.
2018-03-07T02:44:39:669 [13268] | INFO  | Redirecting 'IDXGISwapChain::SetFullscreenState(000002071728CA90, FALSE, 0000000000000000)' ...
2018-03-07T02:44:39:673 [13268] | INFO  | Compiling 'D:\Program Files (x86)\World of Warcraft\reshade-shaders\Shaders\Bloom.fx' ...
2018-03-07T02:44:39:927 [13268] | INFO  | > Successfully compiled.
2018-03-07T02:44:41:911 [13268] | INFO  | Redirecting 'IDXGISwapChain::SetFullscreenState(000002071728CA90, TRUE, 0000000000000000)' ...
2018-03-07T02:44:41:966 [13268] | INFO  | Compiling 'D:\Program Files (x86)\World of Warcraft\reshade-shaders\Shaders\Clarity.fx' ...
2018-03-07T02:44:42:288 [13268] | INFO  | > Successfully compiled.
2018-03-07T02:44:42:300 [13268] | INFO  | Compiling 'D:\Program Files (x86)\World of Warcraft\reshade-shaders\Shaders\Colourfulness.fx' ...
2018-03-07T02:44:42:324 [13268] | INFO  | > Successfully compiled.
2018-03-07T02:44:42:326 [13268] | INFO  | Compiling 'D:\Program Files (x86)\World of Warcraft\reshade-shaders\Shaders\FilmGrain.fx' ...
2018-03-07T02:44:42:344 [13268] | INFO  | > Successfully compiled.
2018-03-07T02:44:42:346 [13268] | INFO  | Compiling 'D:\Program Files (x86)\World of Warcraft\reshade-shaders\Shaders\FXAA.fx' ...
2018-03-07T02:44:42:462 [13268] | INFO  | > Successfully compiled.
2018-03-07T02:44:42:484 [13268] | INFO  | Compiling 'D:\Program Files (x86)\World of Warcraft\reshade-shaders\Shaders\LumaSharpen.fx' ...
2018-03-07T02:44:42:523 [13268] | INFO  | > Successfully compiled.
2018-03-07T02:44:42:533 [13268] | INFO  | Compiling 'D:\Program Files (x86)\World of Warcraft\reshade-shaders\Shaders\SMAA.fx' ...
2018-03-07T02:44:42:719 [13268] | INFO  | > Successfully compiled.
2018-03-07T02:44:42:720 [13268] | INFO  | Loading image files for textures ...
2018-03-07T02:44:42:849 [13268] | INFO  | > Resizing image data for texture 'lensDBTex' from 1024x576 to 1920x1080 ...
2018-03-07T02:44:42:912 [13268] | INFO  | > Resizing image data for texture 'lensDB2Tex' from 1024x576 to 1920x1080 ...
2018-03-07T02:44:43:027 [13268] | INFO  | > Resizing image data for texture 'texDirt' from 1024x576 to 1920x1080 ...
2018-03-07T02:44:45:054 [13268] | INFO  | Redirecting 'IDXGISwapChain::SetFullscreenState(000002071728CA90, FALSE, 0000000000000000)' ...
2018-03-07T02:44:45:133 [13268] | INFO  | Destroyed runtime environment on runtime 00000207175DD0E0.
2018-03-07T02:44:45:134 [13268] | INFO  | Destroyed 'IDXGISwapChain' object 000002071728CA90.
2018-03-07T02:44:45:134 [13268] | WARN  | Reference count for 'IDXGIDevice1' object 000002070C18D380 is inconsistent: 2, but expected 1.
2018-03-07T02:44:45:134 [13268] | INFO  | Destroyed 'IDXGIDevice1' object 000002070C18D380.
2018-03-07T02:44:45:134 [13268] | WARN  | Reference count for 'ID3D11Device' object 00000207172A0420 is inconsistent: 1, but expected 0.
2018-03-07T02:44:45:134 [13268] | INFO  | Destroyed 'ID3D11Device' object 00000207172A0420.
2018-03-07T02:44:45:147 [13268] | INFO  | Redirecting 'RegisterRawInputDevices(0000005AA432FD10, 1, 16)' ...
2018-03-07T02:44:45:147 [13268] | INFO  | > Dumping device registration at index 0:
2018-03-07T02:44:45:147 [13268] | INFO  |   +-----------------------------------------+-----------------------------------------+
2018-03-07T02:44:45:147 [13268] | INFO  |   | Parameter                               | Value                                   |
2018-03-07T02:44:45:147 [13268] | INFO  |   +-----------------------------------------+-----------------------------------------+
2018-03-07T02:44:45:147 [13268] | INFO  |   | UsagePage                               | 0x1                                     |
2018-03-07T02:44:45:147 [13268] | INFO  |   | Usage                                   | 0x2                                     |
2018-03-07T02:44:45:147 [13268] | INFO  |   | Flags                                   | 0x1                                     |
2018-03-07T02:44:45:147 [13268] | INFO  |   | TargetWindow                            | 0000000000000000                        |
2018-03-07T02:44:45:147 [13268] | INFO  |   +-----------------------------------------+-----------------------------------------+
2018-03-07T02:44:46:198 [13268] | INFO  | Exiting ...
2018-03-07T02:44:46:199 [13268] | INFO  | Uninstalling 49 hook(s) ...
2018-03-07T02:44:46:241 [13268] | INFO  | Uninstalling hook for 'LoadLibraryA' ...
2018-03-07T02:44:46:241 [13268] | INFO  | > Succeeded.
2018-03-07T02:44:46:241 [13268] | INFO  | Uninstalling hook for 'LoadLibraryExA' ...
2018-03-07T02:44:46:241 [13268] | INFO  | > Succeeded.
2018-03-07T02:44:46:241 [13268] | INFO  | Uninstalling hook for 'LoadLibraryW' ...
2018-03-07T02:44:46:241 [13268] | INFO  | > Succeeded.
2018-03-07T02:44:46:241 [13268] | INFO  | Uninstalling hook for 'LoadLibraryExW' ...
2018-03-07T02:44:46:241 [13268] | INFO  | > Succeeded.
2018-03-07T02:44:46:241 [13268] | INFO  | Uninstalling hook for 'D3DPERF_BeginEvent' ...
2018-03-07T02:44:46:241 [13268] | INFO  | > Succeeded.
2018-03-07T02:44:46:241 [13268] | INFO  | Uninstalling hook for 'D3DPERF_EndEvent' ...
2018-03-07T02:44:46:241 [13268] | INFO  | > Succeeded.
2018-03-07T02:44:46:241 [13268] | INFO  | Uninstalling hook for 'D3DPERF_GetStatus' ...
2018-03-07T02:44:46:241 [13268] | INFO  | > Succeeded.
2018-03-07T02:44:46:241 [13268] | INFO  | Uninstalling hook for 'D3DPERF_QueryRepeatFrame' ...
2018-03-07T02:44:46:241 [13268] | INFO  | > Succeeded.
2018-03-07T02:44:46:241 [13268] | INFO  | Uninstalling hook for 'D3DPERF_SetMarker' ...
2018-03-07T02:44:46:241 [13268] | INFO  | > Succeeded.
2018-03-07T02:44:46:241 [13268] | INFO  | Uninstalling hook for 'D3DPERF_SetOptions' ...
2018-03-07T02:44:46:241 [13268] | INFO  | > Succeeded.
2018-03-07T02:44:46:241 [13268] | INFO  | Uninstalling hook for 'D3DPERF_SetRegion' ...
2018-03-07T02:44:46:241 [13268] | INFO  | > Succeeded.
2018-03-07T02:44:46:241 [13268] | INFO  | Uninstalling hook for 'Direct3DCreate9' ...
2018-03-07T02:44:46:241 [13268] | INFO  | > Succeeded.
2018-03-07T02:44:46:241 [13268] | INFO  | Uninstalling hook for 'Direct3DCreate9Ex' ...
2018-03-07T02:44:46:241 [13268] | INFO  | > Succeeded.
2018-03-07T02:44:46:241 [13268] | INFO  | Uninstalling hook for 'D3D11CreateDevice' ...
2018-03-07T02:44:46:241 [13268] | INFO  | > Succeeded.
2018-03-07T02:44:46:241 [13268] | INFO  | Uninstalling hook for 'D3D11CreateDeviceAndSwapChain' ...
2018-03-07T02:44:46:241 [13268] | INFO  | > Succeeded.
2018-03-07T02:44:46:241 [13268] | INFO  | Uninstalling hook for 'GetCursorPos' ...
2018-03-07T02:44:46:241 [13268] | INFO  | > Succeeded.
2018-03-07T02:44:46:241 [13268] | INFO  | Uninstalling hook for 'GetMessageA' ...
2018-03-07T02:44:46:241 [13268] | INFO  | > Succeeded.
2018-03-07T02:44:46:241 [13268] | INFO  | Uninstalling hook for 'GetMessageW' ...
2018-03-07T02:44:46:241 [13268] | INFO  | > Succeeded.
2018-03-07T02:44:46:241 [13268] | INFO  | Uninstalling hook for 'PeekMessageA' ...
2018-03-07T02:44:46:241 [13268] | INFO  | > Succeeded.
2018-03-07T02:44:46:241 [13268] | INFO  | Uninstalling hook for 'PeekMessageW' ...
2018-03-07T02:44:46:241 [13268] | INFO  | > Succeeded.
2018-03-07T02:44:46:241 [13268] | INFO  | Uninstalling hook for 'PostMessageA' ...
2018-03-07T02:44:46:241 [13268] | INFO  | > Succeeded.
2018-03-07T02:44:46:241 [13268] | INFO  | Uninstalling hook for 'PostMessageW' ...
2018-03-07T02:44:46:241 [13268] | INFO  | > Succeeded.
2018-03-07T02:44:46:242 [13268] | INFO  | Uninstalling hook for 'RegisterClassA' ...
2018-03-07T02:44:46:242 [13268] | INFO  | > Succeeded.
2018-03-07T02:44:46:242 [13268] | INFO  | Uninstalling hook for 'RegisterClassExA' ...
2018-03-07T02:44:46:242 [13268] | INFO  | > Succeeded.
2018-03-07T02:44:46:242 [13268] | INFO  | Uninstalling hook for 'RegisterClassExW' ...
2018-03-07T02:44:46:242 [13268] | INFO  | > Succeeded.
2018-03-07T02:44:46:242 [13268] | INFO  | Uninstalling hook for 'RegisterClassW' ...
2018-03-07T02:44:46:242 [13268] | INFO  | > Succeeded.
2018-03-07T02:44:46:242 [13268] | INFO  | Uninstalling hook for 'RegisterRawInputDevices' ...
2018-03-07T02:44:46:242 [13268] | INFO  | > Succeeded.
2018-03-07T02:44:46:242 [13268] | INFO  | Uninstalling hook for 'SetCursorPos' ...
2018-03-07T02:44:46:242 [13268] | INFO  | > Succeeded.
2018-03-07T02:44:46:242 [13268] | INFO  | Uninstalling hook for 'WSARecv' ...
2018-03-07T02:44:46:242 [13268] | INFO  | > Succeeded.
2018-03-07T02:44:46:242 [13268] | INFO  | Uninstalling hook for 'WSARecvFrom' ...
2018-03-07T02:44:46:242 [13268] | INFO  | > Succeeded.
2018-03-07T02:44:46:242 [13268] | INFO  | Uninstalling hook for 'WSASend' ...
2018-03-07T02:44:46:242 [13268] | INFO  | > Succeeded.
2018-03-07T02:44:46:242 [13268] | INFO  | Uninstalling hook for 'WSASendTo' ...
2018-03-07T02:44:46:242 [13268] | INFO  | > Succeeded.
2018-03-07T02:44:46:242 [13268] | INFO  | Uninstalling hook for 'recv' ...
2018-03-07T02:44:46:242 [13268] | INFO  | > Succeeded.
2018-03-07T02:44:46:242 [13268] | INFO  | Uninstalling hook for 'recvfrom' ...
2018-03-07T02:44:46:242 [13268] | INFO  | > Succeeded.
2018-03-07T02:44:46:242 [13268] | INFO  | Uninstalling hook for 'send' ...
2018-03-07T02:44:46:242 [13268] | INFO  | > Succeeded.
2018-03-07T02:44:46:242 [13268] | INFO  | Uninstalling hook for 'sendto' ...
2018-03-07T02:44:46:242 [13268] | INFO  | > Succeeded.
2018-03-07T02:44:46:242 [13268] | INFO  | Uninstalling hook for 'CreateDXGIFactory' ...
2018-03-07T02:44:46:242 [13268] | INFO  | > Skipped.
2018-03-07T02:44:46:242 [13268] | INFO  | Uninstalling hook for 'CreateDXGIFactory1' ...
2018-03-07T02:44:46:242 [13268] | INFO  | > Skipped.
2018-03-07T02:44:46:242 [13268] | INFO  | Uninstalling hook for 'CreateDXGIFactory2' ...
2018-03-07T02:44:46:242 [13268] | INFO  | > Skipped.
2018-03-07T02:44:46:242 [13268] | INFO  | Uninstalling hook for 'DXGID3D10CreateDevice' ...
2018-03-07T02:44:46:242 [13268] | INFO  | > Skipped.
2018-03-07T02:44:46:242 [13268] | INFO  | Uninstalling hook for 'DXGID3D10CreateLayeredDevice' ...
2018-03-07T02:44:46:242 [13268] | INFO  | > Skipped.
2018-03-07T02:44:46:242 [13268] | INFO  | Uninstalling hook for 'DXGID3D10GetLayeredDeviceSize' ...
2018-03-07T02:44:46:242 [13268] | INFO  | > Skipped.
2018-03-07T02:44:46:242 [13268] | INFO  | Uninstalling hook for 'DXGID3D10RegisterLayers' ...
2018-03-07T02:44:46:242 [13268] | INFO  | > Skipped.
2018-03-07T02:44:46:242 [13268] | INFO  | Uninstalling hook for 'IDXGIFactory::CreateSwapChain' ...
2018-03-07T02:44:46:242 [13268] | INFO  | > Succeeded.
2018-03-07T02:44:46:242 [13268] | INFO  | Uninstalling hook for 'IDXGIFactory2::CreateSwapChainForHwnd' ...
2018-03-07T02:44:46:242 [13268] | INFO  | > Succeeded.
2018-03-07T02:44:46:242 [13268] | INFO  | Uninstalling hook for 'IDXGIFactory2::CreateSwapChainForCoreWindow' ...
2018-03-07T02:44:46:242 [13268] | INFO  | > Succeeded.
2018-03-07T02:44:46:242 [13268] | INFO  | Uninstalling hook for 'IDXGIFactory2::CreateSwapChainForComposition' ...
2018-03-07T02:44:46:242 [13268] | INFO  | > Succeeded.
2018-03-07T02:44:46:242 [13268] | INFO  | Uninstalling hook for 'IDirect3D9::CreateDevice' ...
2018-03-07T02:44:46:242 [13268] | INFO  | > Succeeded.
2018-03-07T02:44:46:242 [13268] | INFO  | Uninstalling hook for 'IDirect3D9Ex::CreateDeviceEx' ...
2018-03-07T02:44:46:242 [13268] | INFO  | > Succeeded.
2018-03-07T02:44:46:242 [13268] | INFO  | Exited.
wapChain' ...
2018-03-07T02:41:31:294 [16940] | INFO  | > Succeeded.
2018-03-07T02:41:31:294 [16940] | INFO  | Uninstalling hook for 'IDXGIFactory2::CreateSwapChainForHwnd' ...
2018-03-07T02:41:31:294 [16940] | INFO  | > Succeeded.
2018-03-07T02:41:31:294 [16940] | INFO  | Uninstalling hook for 'IDXGIFactory2::CreateSwapChainForCoreWindow' ...
2018-03-07T02:41:31:294 [16940] | INFO  | > Succeeded.
2018-03-07T02:41:31:294 [16940] | INFO  | Uninstalling hook for 'IDXGIFactory2::CreateSwapChainForComposition' ...
2018-03-07T02:41:31:294 [16940] | INFO  | > Succeeded.
2018-03-07T02:41:31:294 [16940] | INFO  | Uninstalling hook for 'IDirect3D9::CreateDevice' ...
2018-03-07T02:41:31:294 [16940] | INFO  | > Succeeded.
2018-03-07T02:41:31:294 [16940] | INFO  | Uninstalling hook for 'IDirect3D9Ex::CreateDeviceEx' ...
2018-03-07T02:41:31:294 [16940] | INFO  | > Succeeded.
2018-03-07T02:41:31:294 [16940] | INFO  | Exited.
