6/19 19:16:59.780  LogOpen
6/19 19:16:59.780  ConsoleDetectDetectHardware():
6/19 19:16:59.780  	cpuIdx: 1
6/19 19:16:59.791  ConsoleDeviceInitialize(): hwDetect = 0, hwChanged = 0
6/19 19:16:59.791  D3d11 Device Create
6/19 19:16:59.791  	Format 2560 x 1440 Fullscreen, ArgbX888, vsync 0
6/19 19:16:59.791  Found Adapter 0: Vendor Id 0x10de, Device Id 0x1e07 - Sysmem = 0
6/19 19:16:59.802  Monitor 0 attached to adapter 0
6/19 19:16:59.802  Skipping Software Renderer 1: Vendor Id 0x1414, Device Id 0x008c - Sysmem = 0
6/19 19:16:59.802  Choosing adapter 0
6/19 19:16:59.802  Detected NvAPI and checking if it's valid...
6/19 19:17:00.030  AFR detection
6/19 19:17:00.030  AFR found with 1 devices(s)
6/19 19:17:00.030  Caps:
6/19 19:17:00.030  	Vendor ID: 10de
6/19 19:17:00.030  	Device ID: 1e07
6/19 19:17:00.030  	AFR Groups: 1/1
6/19 19:17:00.036  Feature Level: DX=3, GL=0, MTL=0
6/19 19:17:00.055  D3d11 Device Create Successful
6/19 19:17:00.070  CPU Processor Detection: 12 H/W threads
6/19 19:17:00.070  Memory Detection: 34296328192 bytes of physical memory available
6/19 19:17:00.070  Detected Graphics Defaults: 6 (CPU = 6, GPU = 6, MEM = 6)
6/19 19:17:00.070  Resample::CreateResources
6/19 19:17:00.161  RenderSettings::NotifyChanged
6/19 19:17:00.180  Liquid::CreateProceduralTextures
6/19 19:17:00.395  PortraitDeviceCreate
6/19 19:17:00.528  VolumeFog::DestroyResources
6/19 19:17:00.606  VolumeFog::UpdateResources
6/19 19:17:00.606  VolumeFog::DestroyResources
6/19 19:17:11.362  PortraitDeviceDestroy
6/19 19:17:11.364  PortraitDeviceCreate
6/19 19:22:18.649  CPU Processor Detection: 12 H/W threads
6/19 19:22:18.649  Memory Detection: 34296328192 bytes of physical memory available
6/19 19:22:18.649  Detected Graphics Defaults: 6 (CPU = 6, GPU = 6, MEM = 6)
6/19 19:22:18.649  D3d11 Device Destroy
6/19 19:22:18.662  PortraitDeviceDestroy
6/19 19:22:18.662  VolumeFog::DestroyResources
6/19 19:22:18.662  Liquid::DestroyProceduralTextures
6/19 19:22:18.662  Resample::DestroyResources
6/19 19:22:18.893  D3d11 Device Destroyed
6/19 19:22:18.895  D3d11 Device Create
6/19 19:22:18.895  	Format 2560 x 1440 Fullscreen, ArgbX888, vsync 0
6/19 19:22:18.895  Found Adapter 0: Vendor Id 0x10de, Device Id 0x1e07 - Sysmem = 0
6/19 19:22:18.895  Monitor 0 attached to adapter 0
6/19 19:22:18.895  Skipping Software Renderer 1: Vendor Id 0x1414, Device Id 0x008c - Sysmem = 0
6/19 19:22:18.895  Choosing adapter 0
6/19 19:22:18.895  Detected NvAPI and checking if it's valid...
6/19 19:22:18.957  AFR detection
6/19 19:22:18.958  AFR found with 1 devices(s)
6/19 19:22:18.958  Caps:
6/19 19:22:18.958  	Vendor ID: 10de
6/19 19:22:18.958  	Device ID: 1e07
6/19 19:22:18.958  	AFR Groups: 1/1
6/19 19:22:18.958  Feature Level: DX=3, GL=0, MTL=0
6/19 19:22:18.980  Resample::CreateResources
6/19 19:22:19.011  Liquid::CreateProceduralTextures
6/19 19:22:19.054  PortraitDeviceCreate
6/19 19:22:19.054  D3d11 Device Create Successful
6/19 19:22:19.054  VolumeFog::UpdateResources
6/19 19:22:19.054  VolumeFog::DestroyResources
6/19 19:22:19.071  CPU Processor Detection: 12 H/W threads
6/19 19:22:19.071  Memory Detection: 34296328192 bytes of physical memory available
6/19 19:22:19.071  Detected Graphics Defaults: 6 (CPU = 6, GPU = 6, MEM = 6)
6/19 19:22:19.071  CPU Processor Detection: 12 H/W threads
6/19 19:22:19.071  Memory Detection: 34296328192 bytes of physical memory available
6/19 19:22:19.071  Detected Graphics Defaults: 6 (CPU = 6, GPU = 6, MEM = 6)
6/19 19:22:19.121  RenderSettings::NotifyChanged
6/19 19:22:19.154  Liquid::DestroyProceduralTextures
6/19 19:22:19.154  Liquid::CreateProceduralTextures
6/19 19:22:35.064  RenderSettings::NotifyChanged
6/19 19:22:35.086  Liquid::DestroyProceduralTextures
6/19 19:22:35.086  Liquid::CreateProceduralTextures
6/19 19:49:36.009  PortraitDeviceDestroy
6/19 19:49:36.032  PortraitDeviceDestroy
6/19 19:49:36.180  VolumeFog::DestroyResources
6/19 19:49:36.201  Liquid::DestroyProceduralTextures
6/19 19:49:36.366  Resample::DestroyResources
6/19 19:49:36.366  D3d11 Device Destroy
6/19 19:49:36.558  D3d11 Device Destroyed
