[INFO]-[BNL_Browser]: 2022-12-04T17:41:00 {442c} [INFO] - setting background color 'ff000000'.
[INFO]-[BNL_Browser]: 2022-12-04T17:41:00 {442c} [INFO] - UserAgent: BlizzardBrowser/5.2.3.579 Chrome/83.0.4103.106 WorldOfWarcraft/1
[INFO]-[BNL_Browser]: 2022-12-04T17:41:01 {442c} [INFO] - [BrowserProcessHandler] Create invoked. winSize: {0, 0}; 963; 602
[INFO]-[BNL_Browser]: 2022-12-04T17:41:01 {442c} [INFO] - [BrowserProcessHandler] BrowserConfig::backgroundColor: {r:0, g:0, b:0, a:255}
[INFO]-[BNL_Browser]: 2022-12-04T17:41:01 {442c} [INFO] - [BrowserProcessHandler] BrowserConfig::blizzardErrorPath: ""
[INFO]-[BNL_Browser]: 2022-12-04T17:41:01 {442c} [INFO] - [BrowserProcessHandler] BrowserConfig::enableHardwareAcceleration: false
[INFO]-[BNL_Browser]: 2022-12-04T17:41:01 {442c} [INFO] - [BrowserProcessHandler] BrowserConfig::enableLocalStorage: false
[INFO]-[BNL_Browser]: 2022-12-04T17:41:01 {442c} [INFO] - [BrowserProcessHandler] BrowserConfig::enablePlugins: false
[INFO]-[BNL_Browser]: 2022-12-04T17:41:01 {442c} [INFO] - [BrowserProcessHandler] BrowserConfig::showCrashDialog: false
[INFO]-[BNL_Browser]: 2022-12-04T17:41:01 {442c} [INFO] - [BrowserProcessHandler] BrowserConfig::showNativeScrollBar: true
[INFO]-[BNL_Browser]: 2022-12-04T17:41:01 {442c} [INFO] - [BrowserProcessHandler] BrowserConfig::startUrl: "about:blank"
[INFO]-[BNL_Browser]: 2022-12-04T17:41:01 {442c} [INFO] - [BrowserProcessHandler] BrowserConfig::userAgentToken: "WorldOfWarcraft/1"
[INFO]-[BNL_Browser]: 2022-12-04T17:41:01 {442c} [INFO] - [BrowserProcessHandler] BrowserConfig::webkitLocale: 2
[INFO]-[BNL_Browser]: 2022-12-04T17:41:01 {442c} [INFO] - [BrowserProcessHandler] OnLoadingStateChange loading:true goBack:false goForward:false
[INFO]-[BNL_Browser]: 2022-12-04T17:41:01 {442c} [INFO] - [BrowserProcessHandler] OnTakeFocus source:0
[INFO]-[BNL_Browser]: 2022-12-04T17:41:01 {442c} [INFO] - [BrowserProcessHandler] OnGotFocus
[INFO]-[BNL_Browser]: 2022-12-04T17:41:01 {442c} [INFO] - [BrowserProcessHandler] OnLoadStart type:33554433 frame:17179869185
[INFO]-[BNL_Browser]: 2022-12-04T17:41:01 {442c} [INFO] - [BrowserProcessHandler] OnLoadEnd frame:17179869185
[INFO]-[BNL_Browser]: 2022-12-04T17:41:01 {442c} [INFO] - [BrowserProcessHandler] OnLoadingStateChange loading:false goBack:false goForward:false
[INFO]-[BNL_Browser]: 2022-12-04T17:41:01 {442c} [INFO] - first page load completed
[INFO]-[BNL_Browser]: 2022-12-04T17:41:01 {442c} [INFO] - [BrowserProcessHandler] OnTitleChange
[INFO]-[BNL_Browser]: 2022-12-04T17:41:01 {442c} [INFO] - [BrowserProcessHandler] OnCursorChange type:0
[INFO]-[BNL_Browser]: 2022-12-04T17:41:01 {442c} [INFO] - [BrowserProcessHandler] OnLoadingStateChange loading:true goBack:false goForward:false
[INFO]-[BNL_Browser]: 2022-12-04T17:41:01 {442c} [INFO] - [BrowserProcessHandler] OnTakeFocus source:0
[INFO]-[BNL_Browser]: 2022-12-04T17:41:01 {442c} [INFO] - [BrowserProcessHandler] OnGotFocus
[INFO]-[BNL_Browser]: 2022-12-04T17:41:03 {442c} [INFO] - [BrowserProcessHandler] OnLoadStart type:33554433 frame:17179869185
[INFO]-[BNL_Browser]: 2022-12-04T17:41:03 {442c} [INFO] - [BrowserProcessHandler] OnTitleChange
[INFO]-[BNL_Browser]: 2022-12-04T17:41:04 {442c} [INFO] - [BrowserProcessHandler] OnLoadEnd frame:17179869185
[INFO]-[BNL_Browser]: 2022-12-04T17:41:04 {442c} [INFO] - [BrowserProcessHandler] OnLoadingStateChange loading:false goBack:true goForward:false
[INFO]-[BNL_Browser]: 2022-12-04T17:41:04 {442c} [INFO] - [BrowserProcessHandler] OnTitleChange
[INFO]-[BNL_Scene]: 2022-12-04T17:41:08 {442c} [INFO] - received shutdown message from client.
[INFO]-[BNL_Browser]: 2022-12-04T17:41:08 {442c} [INFO] - [BrowserProcessHandler] Shutdown invoked
[INFO]-[BNL_Browser]: 2022-12-04T17:41:08 {442c} [INFO] - [BrowserProcessHandler] OnBeforeClose
