[INFO]-[BNL_Browser]: 2022-12-21T17:35:21 {4ad8} [INFO] - setting background color 'ff15171e'.
[INFO]-[BNL_Browser]: 2022-12-21T17:35:21 {3644} [INFO] - UserAgent: BlizzardBrowser/5.2.3.579 Chrome/83.0.4103.106 SimpleCheckout/5.2.11/WoW
[INFO]-[BNL_Browser]: 2022-12-21T17:35:21 {4ad8} [INFO] - UserAgent: BlizzardBrowser/5.2.3.579 Chrome/83.0.4103.106 SimpleCheckout/5.2.11/WoW
[INFO]-[BNL_Browser]: 2022-12-21T17:35:22 {4ad8} [INFO] - [BrowserProcessHandler] Create invoked. winSize: {0, 0}; 859; 100
[INFO]-[BNL_Browser]: 2022-12-21T17:35:22 {4ad8} [INFO] - [BrowserProcessHandler] BrowserConfig::backgroundColor: {r:21, g:23, b:30, a:255}
[INFO]-[BNL_Browser]: 2022-12-21T17:35:22 {3644} [INFO] - [BrowserProcessHandler] Create invoked. winSize: {0, 0}; 859; 544
[INFO]-[BNL_Browser]: 2022-12-21T17:35:22 {4ad8} [INFO] - [BrowserProcessHandler] BrowserConfig::blizzardErrorPath: ""
[INFO]-[BNL_Browser]: 2022-12-21T17:35:22 {3644} [INFO] - [BrowserProcessHandler] BrowserConfig::backgroundColor: {r:21, g:23, b:30, a:255}
[INFO]-[BNL_Browser]: 2022-12-21T17:35:22 {4ad8} [INFO] - [BrowserProcessHandler] BrowserConfig::enableHardwareAcceleration: false
[INFO]-[BNL_Browser]: 2022-12-21T17:35:22 {3644} [INFO] - [BrowserProcessHandler] BrowserConfig::blizzardErrorPath: ""
[INFO]-[BNL_Browser]: 2022-12-21T17:35:22 {4ad8} [INFO] - [BrowserProcessHandler] BrowserConfig::enableLocalStorage: true
[INFO]-[BNL_Browser]: 2022-12-21T17:35:22 {3644} [INFO] - [BrowserProcessHandler] BrowserConfig::enableHardwareAcceleration: false
[INFO]-[BNL_Browser]: 2022-12-21T17:35:22 {3644} [INFO] - [BrowserProcessHandler] BrowserConfig::enableLocalStorage: true
[INFO]-[BNL_Browser]: 2022-12-21T17:35:22 {4ad8} [INFO] - [BrowserProcessHandler] BrowserConfig::showCrashDialog: false
[INFO]-[BNL_Browser]: 2022-12-21T17:35:22 {3644} [INFO] - [BrowserProcessHandler] BrowserConfig::enablePlugins: false
[INFO]-[BNL_Browser]: 2022-12-21T17:35:22 {4ad8} [INFO] - [BrowserProcessHandler] BrowserConfig::showNativeScrollBar: false
[INFO]-[BNL_Browser]: 2022-12-21T17:35:22 {3644} [INFO] - [BrowserProcessHandler] BrowserConfig::showCrashDialog: false
[INFO]-[BNL_Browser]: 2022-12-21T17:35:22 {4ad8} [INFO] - [BrowserProcessHandler] BrowserConfig::startUrl: "about:blank"
[INFO]-[BNL_Browser]: 2022-12-21T17:35:22 {3644} [INFO] - [BrowserProcessHandler] BrowserConfig::showNativeScrollBar: true
[INFO]-[BNL_Browser]: 2022-12-21T17:35:22 {4ad8} [INFO] - [BrowserProcessHandler] BrowserConfig::userAgentToken: "SimpleCheckout/5.2.11/WoW"
[INFO]-[BNL_Browser]: 2022-12-21T17:35:22 {4ad8} [INFO] - [BrowserProcessHandler] BrowserConfig::webkitLocale: 2
[INFO]-[BNL_Browser]: 2022-12-21T17:35:22 {3644} [INFO] - [BrowserProcessHandler] BrowserConfig::userAgentToken: "SimpleCheckout/5.2.11/WoW"
[INFO]-[BNL_Browser]: 2022-12-21T17:35:22 {3644} [INFO] - [BrowserProcessHandler] BrowserConfig::webkitLocale: 2
[INFO]-[BNL_Browser]: 2022-12-21T17:35:22 {3644} [INFO] - [BrowserProcessHandler] OnLoadingStateChange loading:true goBack:false goForward:false
[INFO]-[BNL_Browser]: 2022-12-21T17:35:22 {3644} [INFO] - [BrowserProcessHandler] OnTakeFocus source:0
[INFO]-[BNL_Browser]: 2022-12-21T17:35:22 {3644} [INFO] - [BrowserProcessHandler] OnGotFocus
[INFO]-[BNL_Browser]: 2022-12-21T17:35:22 {4ad8} [INFO] - [BrowserProcessHandler] OnLoadingStateChange loading:true goBack:false goForward:false
[INFO]-[BNL_Browser]: 2022-12-21T17:35:22 {4ad8} [INFO] - [BrowserProcessHandler] OnTakeFocus source:0
[INFO]-[BNL_Browser]: 2022-12-21T17:35:22 {4ad8} [INFO] - [BrowserProcessHandler] OnGotFocus
[INFO]-[BNL_Browser]: 2022-12-21T17:35:22 {3644} [INFO] - [BrowserProcessHandler] OnLoadStart type:33554433 frame:12884901889
[INFO]-[BNL_Browser]: 2022-12-21T17:35:22 {3644} [INFO] - [BrowserProcessHandler] OnLoadEnd frame:12884901889
[INFO]-[BNL_Browser]: 2022-12-21T17:35:22 {3644} [INFO] - [BrowserProcessHandler] OnLoadingStateChange loading:false goBack:false goForward:false
[INFO]-[BNL_Browser]: 2022-12-21T17:35:22 {3644} [INFO] - first page load completed
[INFO]-[BNL_Browser]: 2022-12-21T17:35:22 {3644} [INFO] - [BrowserProcessHandler] OnTitleChange
[INFO]-[BNL_Browser]: 2022-12-21T17:35:22 {3644} [INFO] - [BrowserProcessHandler] OnCursorChange type:0
[INFO]-[BNL_Browser]: 2022-12-21T17:35:22 {3644} [INFO] - [BrowserProcessHandler] OnLoadingStateChange loading:true goBack:false goForward:false
[INFO]-[BNL_Browser]: 2022-12-21T17:35:22 {4ad8} [INFO] - [BrowserProcessHandler] OnLoadStart type:33554433 frame:17179869185
[INFO]-[BNL_Browser]: 2022-12-21T17:35:22 {3644} [INFO] - [BrowserProcessHandler] OnTakeFocus source:0
[INFO]-[BNL_Browser]: 2022-12-21T17:35:22 {4ad8} [INFO] - [BrowserProcessHandler] OnLoadEnd frame:17179869185
[INFO]-[BNL_Browser]: 2022-12-21T17:35:22 {3644} [INFO] - [BrowserProcessHandler] OnGotFocus
[INFO]-[BNL_Browser]: 2022-12-21T17:35:22 {4ad8} [INFO] - [BrowserProcessHandler] OnLoadingStateChange loading:false goBack:false goForward:false
[INFO]-[BNL_Browser]: 2022-12-21T17:35:22 {4ad8} [INFO] - first page load completed
[INFO]-[BNL_Browser]: 2022-12-21T17:35:22 {4ad8} [INFO] - [BrowserProcessHandler] OnTitleChange
[INFO]-[BNL_Browser]: 2022-12-21T17:35:22 {4ad8} [INFO] - [BrowserProcessHandler] OnLoadingStateChange loading:true goBack:false goForward:false
[INFO]-[BNL_Browser]: 2022-12-21T17:35:22 {4ad8} [INFO] - [BrowserProcessHandler] OnTakeFocus source:0
[INFO]-[BNL_Browser]: 2022-12-21T17:35:22 {4ad8} [INFO] - [BrowserProcessHandler] OnGotFocus
[INFO]-[BNL_Browser]: 2022-12-21T17:35:24 {4ad8} [INFO] - [BrowserProcessHandler] OnLoadStart type:33554433 frame:17179869185
[INFO]-[BNL_Browser]: 2022-12-21T17:35:24 {4ad8} [INFO] - [BrowserProcessHandler] OnLoadEnd frame:17179869185
[INFO]-[BNL_Browser]: 2022-12-21T17:35:24 {4ad8} [INFO] - [BrowserProcessHandler] OnLoadingStateChange loading:false goBack:true goForward:false
[INFO]-[BNL_Browser]: 2022-12-21T17:35:24 {4ad8} [INFO] - [BrowserProcessHandler] OnTitleChange
[INFO]-[BNL_Browser]: 2022-12-21T17:35:24 {4ad8} [INFO] - [BrowserProcessHandler] OnLoadingStateChange loading:true goBack:true goForward:false
[INFO]-[BNL_Browser]: 2022-12-21T17:35:24 {4ad8} [INFO] - [BrowserProcessHandler] OnLoadStart type:1073741824 frame:17179869185
[INFO]-[BNL_Browser]: 2022-12-21T17:35:24 {4ad8} [INFO] - [BrowserProcessHandler] OnTitleChange
[INFO]-[BNL_Browser]: 2022-12-21T17:35:25 {3644} [INFO] - [BrowserProcessHandler] OnLoadStart type:33554433 frame:12884901889
[INFO]-[BNL_Browser]: 2022-12-21T17:35:25 {4ad8} [INFO] - [BrowserProcessHandler] OnTakeFocus source:0
[INFO]-[BNL_Browser]: 2022-12-21T17:35:25 {4ad8} [INFO] - [BrowserProcessHandler] OnGotFocus
[INFO]-[BNL_Browser]: 2022-12-21T17:35:25 {3644} [INFO] - [BrowserProcessHandler] OnLoadEnd frame:12884901889
[INFO]-[BNL_Browser]: 2022-12-21T17:35:25 {3644} [INFO] - [BrowserProcessHandler] OnLoadingStateChange loading:false goBack:true goForward:false
[INFO]-[BNL_Browser]: 2022-12-21T17:35:25 {3644} [INFO] - [BrowserProcessHandler] OnTitleChange
[INFO]-[BNL_Browser]: 2022-12-21T17:35:25 {3644} [INFO] - [BrowserProcessHandler] OnLoadingStateChange loading:true goBack:true goForward:false
[INFO]-[BNL_Browser]: 2022-12-21T17:35:25 {4ad8} [INFO] - [BrowserProcessHandler] OnTakeFocus source:0
[INFO]-[BNL_Browser]: 2022-12-21T17:35:25 {4ad8} [INFO] - [BrowserProcessHandler] OnGotFocus
[INFO]-[BNL_Browser]: 2022-12-21T17:35:26 {3644} [INFO] - [BrowserProcessHandler] OnLoadStart type:1073741824 frame:12884901889
[INFO]-[BNL_Browser]: 2022-12-21T17:35:26 {3644} [INFO] - [BrowserProcessHandler] OnTitleChange
[INFO]-[BNL_Browser]: 2022-12-21T17:35:26 {4ad8} [INFO] - [BrowserProcessHandler] OnLoadStart type:3 frame:17179869188
[INFO]-[BNL_Browser]: 2022-12-21T17:35:26 {4ad8} [INFO] - [BrowserProcessHandler] OnLoadEnd frame:17179869188
[INFO]-[BNL_Browser]: 2022-12-21T17:35:26 {4ad8} [INFO] - [BrowserProcessHandler] OnLoadStart type:3 frame:17179869189
[INFO]-[BNL_Browser]: 2022-12-21T17:35:26 {4ad8} [INFO] - [BrowserProcessHandler] OnLoadEnd frame:17179869189
[INFO]-[BNL_Browser]: 2022-12-21T17:35:27 {4ad8} [INFO] - [BrowserProcessHandler] OnLoadStart type:3 frame:17179869190
[INFO]-[BNL_Browser]: 2022-12-21T17:35:27 {4ad8} [INFO] - [BrowserProcessHandler] OnLoadEnd frame:17179869190
[INFO]-[BNL_Browser]: 2022-12-21T17:35:27 {4ad8} [INFO] - [BrowserProcessHandler] OnLoadStart type:3 frame:17179869191
[INFO]-[BNL_Browser]: 2022-12-21T17:35:27 {4ad8} [INFO] - [BrowserProcessHandler] OnLoadEnd frame:17179869191
[INFO]-[BNL_Browser]: 2022-12-21T17:35:27 {4ad8} [INFO] - [BrowserProcessHandler] OnTakeFocus source:0
[INFO]-[BNL_Browser]: 2022-12-21T17:35:27 {4ad8} [INFO] - [BrowserProcessHandler] OnGotFocus
[INFO]-[BNL_Browser]: 2022-12-21T17:35:27 {4ad8} [INFO] - [BrowserProcessHandler] OnLoadEnd frame:17179869185
[INFO]-[BNL_Browser]: 2022-12-21T17:35:27 {4ad8} [INFO] - [BrowserProcessHandler] OnLoadingStateChange loading:false goBack:true goForward:false
[INFO]-[BNL_Browser]: 2022-12-21T17:35:27 {4ad8} [INFO] - [BrowserProcessHandler] OnTitleChange
[INFO]-[BNL_Browser]: 2022-12-21T17:35:27 {3644} [INFO] - [BrowserProcessHandler] OnLoadStart type:3 frame:12884901893
[INFO]-[BNL_Browser]: 2022-12-21T17:35:27 {3644} [INFO] - [BrowserProcessHandler] OnLoadEnd frame:12884901893
[INFO]-[BNL_Browser]: 2022-12-21T17:35:27 {3644} [INFO] - [BrowserProcessHandler] OnLoadStart type:3 frame:12884901894
[INFO]-[BNL_Browser]: 2022-12-21T17:35:27 {3644} [INFO] - [BrowserProcessHandler] OnLoadEnd frame:12884901894
[INFO]-[BNL_Browser]: 2022-12-21T17:35:27 {3644} [INFO] - [BrowserProcessHandler] OnLoadStart type:3 frame:12884901895
[INFO]-[BNL_Browser]: 2022-12-21T17:35:27 {3644} [INFO] - [BrowserProcessHandler] OnLoadEnd frame:12884901895
[INFO]-[BNL_Browser]: 2022-12-21T17:35:27 {3644} [INFO] - [BrowserProcessHandler] OnLoadStart type:3 frame:12884901896
[INFO]-[BNL_Browser]: 2022-12-21T17:35:27 {3644} [INFO] - [BrowserProcessHandler] OnLoadEnd frame:12884901896
[INFO]-[BNL_Browser]: 2022-12-21T17:35:28 {3644} [INFO] - [BrowserProcessHandler] OnLoadStart type:3 frame:12884901892
[INFO]-[BNL_Browser]: 2022-12-21T17:35:28 {3644} [INFO] - [BrowserProcessHandler] OnLoadEnd frame:12884901892
[INFO]-[BNL_Browser]: 2022-12-21T17:35:28 {3644} [INFO] - [BrowserProcessHandler] OnLoadEnd frame:12884901889
[INFO]-[BNL_Browser]: 2022-12-21T17:35:28 {3644} [INFO] - [BrowserProcessHandler] OnLoadingStateChange loading:false goBack:true goForward:false
[INFO]-[BNL_Browser]: 2022-12-21T17:35:28 {3644} [INFO] - [BrowserProcessHandler] OnTitleChange
[INFO]-[BNL_Browser]: 2022-12-21T17:35:28 {4ad8} [INFO] - [BrowserProcessHandler] OnLoadingStateChange loading:true goBack:true goForward:false
[INFO]-[BNL_Browser]: 2022-12-21T17:35:28 {4ad8} [INFO] - [BrowserProcessHandler] OnTakeFocus source:0
[INFO]-[BNL_Browser]: 2022-12-21T17:35:28 {4ad8} [INFO] - [BrowserProcessHandler] OnGotFocus
[INFO]-[BNL_Browser]: 2022-12-21T17:35:28 {4ad8} [INFO] - [BrowserProcessHandler] OnLoadingStateChange loading:false goBack:true goForward:false
[INFO]-[BNL_Browser]: 2022-12-21T17:35:28 {4ad8} [INFO] - [BrowserProcessHandler] OnTitleChange
[INFO]-[BNL_Browser]: 2022-12-21T17:35:29 {3644} [INFO] - [BrowserProcessHandler] OnLoadingStateChange loading:true goBack:true goForward:false
[INFO]-[BNL_Browser]: 2022-12-21T17:35:29 {3644} [INFO] - [BrowserProcessHandler] OnLoadingStateChange loading:false goBack:true goForward:false
[INFO]-[BNL_Browser]: 2022-12-21T17:35:29 {3644} [INFO] - [BrowserProcessHandler] OnTitleChange
[INFO]-[BNL_Browser]: 2022-12-21T17:35:29 {3644} [INFO] - [BrowserProcessHandler] OnLoadingStateChange loading:true goBack:true goForward:false
[INFO]-[BNL_Browser]: 2022-12-21T17:35:30 {3644} [INFO] - [BrowserProcessHandler] OnLoadStart type:3 frame:17179869194
[INFO]-[BNL_Browser]: 2022-12-21T17:35:30 {3644} [INFO] - [BrowserProcessHandler] OnLoadEnd frame:17179869194
[INFO]-[BNL_Browser]: 2022-12-21T17:35:30 {3644} [INFO] - [BrowserProcessHandler] OnLoadingStateChange loading:false goBack:true goForward:false
[WARNING]-[BNL_Browser]: 2022-12-21T17:35:30 {3644} [WARNING] - [NavigationStateHandler] Bad loading state detected. We received a `loading end` before a `loading begin`.
[INFO]-[BNL_Browser]: 2022-12-21T17:35:30 {3644} [INFO] - [BrowserProcessHandler] OnTitleChange
[INFO]-[BNL_Browser]: 2022-12-21T17:35:30 {4ad8} [INFO] - [BrowserProcessHandler] OnLoadingStateChange loading:true goBack:true goForward:false
[INFO]-[BNL_Browser]: 2022-12-21T17:35:30 {4ad8} [INFO] - [BrowserProcessHandler] OnTakeFocus source:0
[INFO]-[BNL_Browser]: 2022-12-21T17:35:30 {4ad8} [INFO] - [BrowserProcessHandler] OnGotFocus
[INFO]-[BNL_Browser]: 2022-12-21T17:35:30 {4ad8} [INFO] - [BrowserProcessHandler] OnLoadingStateChange loading:false goBack:true goForward:false
[INFO]-[BNL_Browser]: 2022-12-21T17:35:30 {4ad8} [INFO] - [BrowserProcessHandler] OnTitleChange
[INFO]-[BNL_Browser]: 2022-12-21T17:35:30 {3644} [INFO] - [BrowserProcessHandler] OnCursorChange type:2
[INFO]-[BNL_Browser]: 2022-12-21T17:35:31 {3644} [INFO] - [BrowserProcessHandler] OnTakeFocus source:1
[INFO]-[BNL_Browser]: 2022-12-21T17:35:31 {3644} [INFO] - [BrowserProcessHandler] OnGotFocus
[INFO]-[BNL_Browser]: 2022-12-21T17:35:31 {3644} [INFO] - [BrowserProcessHandler] OnImeStateChanged type:0
[INFO]-[BNL_Browser]: 2022-12-21T17:35:31 {3644} [INFO] - [BrowserProcessHandler] OnTakeFocus source:1
[INFO]-[BNL_Browser]: 2022-12-21T17:35:31 {3644} [INFO] - [BrowserProcessHandler] OnGotFocus
[INFO]-[BNL_Browser]: 2022-12-21T17:35:31 {3644} [INFO] - [BrowserProcessHandler] OnImeStateChanged type:0
[INFO]-[BNL_Browser]: 2022-12-21T17:35:31 {3644} [INFO] - [BrowserProcessHandler] OnImeStateChanged type:0
[INFO]-[BNL_Browser]: 2022-12-21T17:35:31 {3644} [INFO] - [BrowserProcessHandler] OnCursorChange type:38
[INFO]-[BNL_Browser]: 2022-12-21T17:35:31 {3644} [INFO] - [BrowserProcessHandler] OnCursorChange type:0
[INFO]-[BNL_Browser]: 2022-12-21T17:35:32 {3644} [INFO] - [BrowserProcessHandler] OnLoadingStateChange loading:true goBack:true goForward:false
[INFO]-[BNL_Browser]: 2022-12-21T17:35:32 {3644} [INFO] - [BrowserProcessHandler] OnLoadStart type:1073741824 frame:12884901889
[INFO]-[BNL_Browser]: 2022-12-21T17:35:32 {3644} [INFO] - [BrowserProcessHandler] OnTitleChange
[INFO]-[BNL_Browser]: 2022-12-21T17:35:32 {4ad8} [INFO] - [BrowserProcessHandler] OnLoadingStateChange loading:true goBack:true goForward:false
[INFO]-[BNL_Browser]: 2022-12-21T17:35:32 {4ad8} [INFO] - [BrowserProcessHandler] OnTakeFocus source:0
[INFO]-[BNL_Browser]: 2022-12-21T17:35:32 {4ad8} [INFO] - [BrowserProcessHandler] OnGotFocus
[INFO]-[BNL_Browser]: 2022-12-21T17:35:32 {4ad8} [INFO] - [BrowserProcessHandler] OnLoadingStateChange loading:false goBack:true goForward:false
[INFO]-[BNL_Browser]: 2022-12-21T17:35:32 {4ad8} [INFO] - [BrowserProcessHandler] OnTitleChange
[INFO]-[BNL_Browser]: 2022-12-21T17:35:33 {3644} [INFO] - [BrowserProcessHandler] OnLoadStart type:3 frame:12884901899
[INFO]-[BNL_Browser]: 2022-12-21T17:35:33 {3644} [INFO] - [BrowserProcessHandler] OnLoadEnd frame:12884901899
[INFO]-[BNL_Browser]: 2022-12-21T17:35:33 {3644} [INFO] - [BrowserProcessHandler] OnLoadStart type:3 frame:12884901900
[INFO]-[BNL_Browser]: 2022-12-21T17:35:33 {3644} [INFO] - [BrowserProcessHandler] OnLoadEnd frame:12884901900
[INFO]-[BNL_Browser]: 2022-12-21T17:35:33 {3644} [INFO] - [BrowserProcessHandler] OnLoadStart type:3 frame:12884901901
[INFO]-[BNL_Browser]: 2022-12-21T17:35:33 {3644} [INFO] - [BrowserProcessHandler] OnLoadEnd frame:12884901901
[INFO]-[BNL_Browser]: 2022-12-21T17:35:33 {3644} [INFO] - [BrowserProcessHandler] OnLoadStart type:3 frame:12884901902
[INFO]-[BNL_Browser]: 2022-12-21T17:35:33 {3644} [INFO] - [BrowserProcessHandler] OnLoadEnd frame:12884901902
[INFO]-[BNL_Browser]: 2022-12-21T17:35:33 {3644} [INFO] - [BrowserProcessHandler] OnLoadEnd frame:12884901889
[INFO]-[BNL_Browser]: 2022-12-21T17:35:33 {3644} [INFO] - [BrowserProcessHandler] OnLoadingStateChange loading:false goBack:true goForward:false
[INFO]-[BNL_Browser]: 2022-12-21T17:35:33 {3644} [INFO] - [BrowserProcessHandler] OnTitleChange
[INFO]-[BNL_Browser]: 2022-12-21T17:35:33 {4ad8} [INFO] - [BrowserProcessHandler] OnLoadingStateChange loading:true goBack:true goForward:false
[INFO]-[BNL_Browser]: 2022-12-21T17:35:33 {4ad8} [INFO] - [BrowserProcessHandler] OnTakeFocus source:0
[INFO]-[BNL_Browser]: 2022-12-21T17:35:33 {4ad8} [INFO] - [BrowserProcessHandler] OnGotFocus
[INFO]-[BNL_Browser]: 2022-12-21T17:35:33 {4ad8} [INFO] - [BrowserProcessHandler] OnLoadingStateChange loading:false goBack:true goForward:false
[INFO]-[BNL_Browser]: 2022-12-21T17:35:33 {4ad8} [INFO] - [BrowserProcessHandler] OnTitleChange
[INFO]-[BNL_Browser]: 2022-12-21T17:35:33 {3644} [INFO] - [BrowserProcessHandler] OnCursorChange type:3
[INFO]-[BNL_Browser]: 2022-12-21T17:35:33 {3644} [INFO] - [BrowserProcessHandler] OnCursorChange type:0
[INFO]-[BNL_Browser]: 2022-12-21T17:35:33 {3644} [INFO] - [BrowserProcessHandler] OnCursorChange type:3
[INFO]-[BNL_Browser]: 2022-12-21T17:35:33 {3644} [INFO] - [BrowserProcessHandler] OnCursorChange type:0
[INFO]-[BNL_Browser]: 2022-12-21T17:35:33 {3644} [INFO] - [BrowserProcessHandler] OnCursorChange type:2
[INFO]-[BNL_Browser]: 2022-12-21T17:35:34 {3644} [INFO] - [BrowserProcessHandler] OnTakeFocus source:1
[INFO]-[BNL_Browser]: 2022-12-21T17:35:34 {3644} [INFO] - [BrowserProcessHandler] OnGotFocus
[INFO]-[BNL_Browser]: 2022-12-21T17:35:34 {3644} [INFO] - [BrowserProcessHandler] OnTextSelectionChanged offset:317 range:{317, 317}
[INFO]-[BNL_Browser]: 2022-12-21T17:35:34 {3644} [INFO] - [BrowserProcessHandler] OnTakeFocus source:1
[INFO]-[BNL_Browser]: 2022-12-21T17:35:34 {3644} [INFO] - [BrowserProcessHandler] OnGotFocus
[INFO]-[BNL_Browser]: 2022-12-21T17:35:34 {3644} [INFO] - [BrowserProcessHandler] OnImeStateChanged type:0
[ERROR]-[BNL_Scene]: 2022-12-21T17:35:34 {3644} [ERROR] - failed to fetch process block size from shmem: SHMEM_NOT_FOUND
[ERROR]-[BNL_Scene]: 2022-12-21T17:35:34 {3644} [ERROR] - failed to read target process block for pid: '23168'
[ERROR]-[BNL_Scene]: 2022-12-21T17:35:34 {3644} [ERROR] - Failed to write message to shared memory.
[INFO]-[BNL_Scene]: 2022-12-21T17:35:34 {3644} [INFO] - received shutdown message from client.
[WARNING]-[BNL_Scene]: 2022-12-21T17:35:34 {3644} [WARNING] - Attempted to update buffer while in a disconnected state.
[INFO]-[BNL_Browser]: 2022-12-21T17:35:34 {3644} [INFO] - [BrowserProcessHandler] Shutdown invoked
[INFO]-[BNL_Scene]: 2022-12-21T17:35:34 {4ad8} [INFO] - received shutdown message from client.
[INFO]-[BNL_Browser]: 2022-12-21T17:35:34 {3644} [INFO] - [BrowserProcessHandler] OnBeforeClose
[INFO]-[BNL_Browser]: 2022-12-21T17:35:34 {4ad8} [INFO] - [BrowserProcessHandler] Shutdown invoked
[INFO]-[BNL_Browser]: 2022-12-21T17:35:34 {4ad8} [INFO] - [BrowserProcessHandler] OnBeforeClose
