[INFO]-[BNL_Browser]: 2020-10-20T17:54:24 {1ba8} [INFO] - setting background color 'ff000000'.
[INFO]-[BNL_Browser]: 2020-10-20T17:54:24 {1ba8} [INFO] - UserAgent: BlizzardBrowser/4.1.37.249 Chrome/69.0.3497.81
[INFO]-[BNL_Browser]: 2020-10-20T17:54:24 {1ba8} [INFO] - [BrowserProcessHandler] Create invoked. winSize: {0, 0}; 746; 468
[INFO]-[BNL_Browser]: 2020-10-20T17:54:24 {1ba8} [INFO] - [BrowserProcessHandler] BrowserConfig::backgroundColor: {r:0, g:0, b:0, a:255}
[INFO]-[BNL_Browser]: 2020-10-20T17:54:24 {1ba8} [INFO] - [BrowserProcessHandler] BrowserConfig::blizzardErrorPath: ""
[INFO]-[BNL_Browser]: 2020-10-20T17:54:24 {1ba8} [INFO] - [BrowserProcessHandler] BrowserConfig::enableHardwareAcceleration: true
[INFO]-[BNL_Browser]: 2020-10-20T17:54:24 {1ba8} [INFO] - [BrowserProcessHandler] BrowserConfig::enableLocalStorage: false
[INFO]-[BNL_Browser]: 2020-10-20T17:54:24 {1ba8} [INFO] - [BrowserProcessHandler] BrowserConfig::enablePlugins: false
[INFO]-[BNL_Browser]: 2020-10-20T17:54:24 {1ba8} [INFO] - [BrowserProcessHandler] BrowserConfig::showCrashDialog: false
[INFO]-[BNL_Browser]: 2020-10-20T17:54:24 {1ba8} [INFO] - [BrowserProcessHandler] BrowserConfig::showNativeScrollBar: true
[INFO]-[BNL_Browser]: 2020-10-20T17:54:24 {1ba8} [INFO] - [BrowserProcessHandler] BrowserConfig::startUrl: "about:blank"
[INFO]-[BNL_Browser]: 2020-10-20T17:54:24 {1ba8} [INFO] - [BrowserProcessHandler] BrowserConfig::userAgentToken: ""
[INFO]-[BNL_Browser]: 2020-10-20T17:54:24 {1ba8} [INFO] - [BrowserProcessHandler] BrowserConfig::webkitLocale: 2
[INFO]-[BNL_Browser]: 2020-10-20T17:54:24 {1ba8} [INFO] - [BrowserProcessHandler] OnLoadingStateChange loading:true goBack:false goForward:false
[INFO]-[BNL_Browser]: 2020-10-20T17:54:24 {1ba8} [INFO] - [BrowserProcessHandler] OnTakeFocus source:0
[INFO]-[BNL_Browser]: 2020-10-20T17:54:24 {1ba8} [INFO] - [BrowserProcessHandler] OnGotFocus
[INFO]-[BNL_Renderer]: 2020-10-20T17:54:24 {420c} [INFO] - browser created
[INFO]-[BNL_Browser]: 2020-10-20T17:54:24 {1ba8} [INFO] - [BrowserProcessHandler] OnLoadStart type:1 frame:3
[INFO]-[BNL_Browser]: 2020-10-20T17:54:24 {1ba8} [INFO] - [BrowserProcessHandler] OnLoadEnd frame:3
[INFO]-[BNL_Browser]: 2020-10-20T17:54:24 {1ba8} [INFO] - [BrowserProcessHandler] OnLoadingStateChange loading:false goBack:false goForward:false
[INFO]-[BNL_Browser]: 2020-10-20T17:54:24 {1ba8} [INFO] - first page load completed
[INFO]-[BNL_Browser]: 2020-10-20T17:54:24 {1ba8} [INFO] - [BrowserProcessHandler] OnTitleChange
[INFO]-[BNL_Browser]: 2020-10-20T17:54:24 {1ba8} [INFO] - [BrowserProcessHandler] OnTakeFocus source:0
[INFO]-[BNL_Browser]: 2020-10-20T17:54:24 {1ba8} [INFO] - [BrowserProcessHandler] OnGotFocus
[INFO]-[BNL_Browser]: 2020-10-20T17:54:24 {1ba8} [INFO] - [BrowserProcessHandler] OnLoadingStateChange loading:true goBack:false goForward:false
[INFO]-[BNL_Browser]: 2020-10-20T17:54:24 {1ba8} [INFO] - [BrowserProcessHandler] OnTakeFocus source:0
[INFO]-[BNL_Browser]: 2020-10-20T17:54:24 {1ba8} [INFO] - [BrowserProcessHandler] OnGotFocus
[INFO]-[BNL_Browser]: 2020-10-20T17:54:26 {1ba8} [INFO] - [BrowserProcessHandler] OnLoadStart type:0 frame:3
[INFO]-[BNL_Browser]: 2020-10-20T17:54:26 {1ba8} [INFO] - [BrowserProcessHandler] OnLoadEnd frame:3
[INFO]-[BNL_Browser]: 2020-10-20T17:54:26 {1ba8} [INFO] - [BrowserProcessHandler] OnLoadingStateChange loading:false goBack:true goForward:false
[INFO]-[BNL_Browser]: 2020-10-20T17:54:26 {1ba8} [INFO] - [BrowserProcessHandler] OnTitleChange
[INFO]-[BNL_Browser]: 2020-10-20T17:54:26 {1ba8} [INFO] - [BrowserProcessHandler] OnTakeFocus source:0
[INFO]-[BNL_Browser]: 2020-10-20T17:54:26 {1ba8} [INFO] - [BrowserProcessHandler] OnGotFocus
[INFO]-[BNL_Browser]: 2020-10-20T17:54:26 {1ba8} [INFO] - [BrowserProcessHandler] OnLoadingStateChange loading:true goBack:true goForward:false
[INFO]-[BNL_Browser]: 2020-10-20T17:54:27 {1ba8} [INFO] - [BrowserProcessHandler] OnLoadStart type:0 frame:3
[INFO]-[BNL_Browser]: 2020-10-20T17:54:27 {1ba8} [INFO] - [BrowserProcessHandler] OnTitleChange
[INFO]-[BNL_Browser]: 2020-10-20T17:54:28 {1ba8} [INFO] - [BrowserProcessHandler] OnLoadEnd frame:3
[INFO]-[BNL_Browser]: 2020-10-20T17:54:28 {1ba8} [INFO] - [BrowserProcessHandler] OnLoadingStateChange loading:false goBack:true goForward:false
[INFO]-[BNL_Browser]: 2020-10-20T17:54:28 {1ba8} [INFO] - [BrowserProcessHandler] OnTitleChange
[INFO]-[BNL_Browser]: 2020-10-20T17:54:30 {1ba8} [INFO] - [BrowserProcessHandler] OnCursorChange type:2
[INFO]-[BNL_Browser]: 2020-10-20T17:54:32 {1ba8} [INFO] - [BrowserProcessHandler] OnCursorChange type:0
[INFO]-[BNL_Browser]: 2020-10-20T17:54:32 {1ba8} [INFO] - [BrowserProcessHandler] OnCursorChange type:2
[INFO]-[BNL_Browser]: 2020-10-20T17:54:33 {1ba8} [INFO] - [BrowserProcessHandler] OnCursorChange type:0
[INFO]-[BNL_Browser]: 2020-10-20T17:54:33 {1ba8} [INFO] - [BrowserProcessHandler] OnCursorChange type:2
[INFO]-[BNL_Browser]: 2020-10-20T17:54:35 {1ba8} [INFO] - [BrowserProcessHandler] OnCursorChange type:0
[INFO]-[BNL_Browser]: 2020-10-20T17:54:37 {1ba8} [INFO] - [BrowserProcessHandler] OnCursorChange type:2
[INFO]-[BNL_Browser]: 2020-10-20T17:54:37 {1ba8} [INFO] - [BrowserProcessHandler] OnCursorChange type:3
[INFO]-[BNL_Browser]: 2020-10-20T17:54:37 {1ba8} [INFO] - [BrowserProcessHandler] OnCursorChange type:2
[INFO]-[BNL_Browser]: 2020-10-20T17:54:37 {1ba8} [INFO] - [BrowserProcessHandler] OnCursorChange type:0
[INFO]-[BNL_Browser]: 2020-10-20T17:54:38 {1ba8} [INFO] - [BrowserProcessHandler] OnCursorChange type:2
[INFO]-[BNL_Browser]: 2020-10-20T17:54:38 {1ba8} [INFO] - [BrowserProcessHandler] OnCursorChange type:0
[INFO]-[BNL_Browser]: 2020-10-20T17:54:38 {1ba8} [INFO] - [BrowserProcessHandler] OnCursorChange type:2
[INFO]-[BNL_Browser]: 2020-10-20T17:54:38 {1ba8} [INFO] - [BrowserProcessHandler] OnTakeFocus source:1
[INFO]-[BNL_Browser]: 2020-10-20T17:54:38 {1ba8} [INFO] - [BrowserProcessHandler] OnGotFocus
[INFO]-[BNL_Browser]: 2020-10-20T17:54:38 {1ba8} [INFO] - [BrowserProcessHandler] OnImeStateChanged type:0
[INFO]-[BNL_Browser]: 2020-10-20T17:54:39 {1ba8} [INFO] - [BrowserProcessHandler] OnTakeFocus source:1
[INFO]-[BNL_Browser]: 2020-10-20T17:54:39 {1ba8} [INFO] - [BrowserProcessHandler] OnGotFocus
[INFO]-[BNL_Browser]: 2020-10-20T17:54:39 {1ba8} [INFO] - [BrowserProcessHandler] OnLoadingStateChange loading:true goBack:true goForward:false
[INFO]-[BNL_Browser]: 2020-10-20T17:54:39 {1ba8} [INFO] - [BrowserProcessHandler] OnImeStateChanged type:0
[INFO]-[BNL_Browser]: 2020-10-20T17:54:39 {1ba8} [INFO] - [BrowserProcessHandler] OnLoadStart type:0 frame:3
[INFO]-[BNL_Browser]: 2020-10-20T17:54:39 {1ba8} [INFO] - [BrowserProcessHandler] OnTitleChange
[INFO]-[BNL_Browser]: 2020-10-20T17:54:39 {1ba8} [INFO] - [BrowserProcessHandler] OnImeStateChanged type:0
[INFO]-[BNL_Browser]: 2020-10-20T17:54:39 {1ba8} [INFO] - [BrowserProcessHandler] OnCursorChange type:0
[INFO]-[BNL_Browser]: 2020-10-20T17:54:39 {1ba8} [INFO] - [BrowserProcessHandler] OnCursorChange type:2
[INFO]-[BNL_Browser]: 2020-10-20T17:54:39 {1ba8} [INFO] - [BrowserProcessHandler] OnCursorChange type:0
[INFO]-[BNL_Browser]: 2020-10-20T17:54:40 {1ba8} [INFO] - [BrowserProcessHandler] OnLoadEnd frame:3
[INFO]-[BNL_Browser]: 2020-10-20T17:54:40 {1ba8} [INFO] - [BrowserProcessHandler] OnLoadingStateChange loading:false goBack:true goForward:false
[INFO]-[BNL_Browser]: 2020-10-20T17:54:40 {1ba8} [INFO] - [BrowserProcessHandler] OnTitleChange
[INFO]-[BNL_Browser]: 2020-10-20T17:54:40 {1ba8} [INFO] - [BrowserProcessHandler] OnCursorChange type:3
[INFO]-[BNL_Browser]: 2020-10-20T17:54:41 {1ba8} [INFO] - [BrowserProcessHandler] OnCursorChange type:0
[INFO]-[BNL_Browser]: 2020-10-20T17:54:41 {1ba8} [INFO] - [BrowserProcessHandler] OnLoadingStateChange loading:true goBack:true goForward:false
[INFO]-[BNL_Browser]: 2020-10-20T17:54:41 {1ba8} [INFO] - [BrowserProcessHandler] OnLoadStart type:16777216 frame:3
[INFO]-[BNL_Browser]: 2020-10-20T17:54:41 {1ba8} [INFO] - [BrowserProcessHandler] OnLoadEnd frame:3
[INFO]-[BNL_Browser]: 2020-10-20T17:54:41 {1ba8} [INFO] - [BrowserProcessHandler] OnLoadingStateChange loading:false goBack:true goForward:true
[INFO]-[BNL_Browser]: 2020-10-20T17:54:41 {1ba8} [INFO] - [BrowserProcessHandler] OnTitleChange
[INFO]-[BNL_Browser]: 2020-10-20T17:54:42 {1ba8} [INFO] - [BrowserProcessHandler] OnCursorChange type:3
[INFO]-[BNL_Browser]: 2020-10-20T17:54:42 {1ba8} [INFO] - [BrowserProcessHandler] OnTakeFocus source:1
[INFO]-[BNL_Browser]: 2020-10-20T17:54:42 {1ba8} [INFO] - [BrowserProcessHandler] OnGotFocus
[INFO]-[BNL_Browser]: 2020-10-20T17:54:42 {1ba8} [INFO] - [BrowserProcessHandler] OnTakeFocus source:1
[INFO]-[BNL_Browser]: 2020-10-20T17:54:42 {1ba8} [INFO] - [BrowserProcessHandler] OnGotFocus
[INFO]-[BNL_Browser]: 2020-10-20T17:54:42 {1ba8} [INFO] - [BrowserProcessHandler] OnImeStateChanged type:3
[INFO]-[BNL_Browser]: 2020-10-20T17:54:42 {1ba8} [INFO] - [BrowserProcessHandler] OnTextSelectionChanged offset:0 range:{0, 0}
[INFO]-[BNL_Browser]: 2020-10-20T17:54:42 {1ba8} [INFO] - [BrowserProcessHandler] OnTakeFocus source:1
[INFO]-[BNL_Browser]: 2020-10-20T17:54:42 {1ba8} [INFO] - [BrowserProcessHandler] OnGotFocus
[INFO]-[BNL_Browser]: 2020-10-20T17:54:42 {1ba8} [INFO] - [BrowserProcessHandler] OnImeStateChanged type:3
[INFO]-[BNL_Browser]: 2020-10-20T17:54:43 {1ba8} [INFO] - [BrowserProcessHandler] OnImeStateChanged type:3
[INFO]-[BNL_Browser]: 2020-10-20T17:54:43 {1ba8} [INFO] - [BrowserProcessHandler] OnTextSelectionChanged offset:0 range:{1, 1}
[INFO]-[BNL_Browser]: 2020-10-20T17:54:43 {1ba8} [INFO] - [BrowserProcessHandler] OnImeStateChanged type:3
[INFO]-[BNL_Browser]: 2020-10-20T17:54:43 {1ba8} [INFO] - [BrowserProcessHandler] OnTextSelectionChanged offset:0 range:{2, 2}
[INFO]-[BNL_Browser]: 2020-10-20T17:54:43 {1ba8} [INFO] - [BrowserProcessHandler] OnImeStateChanged type:3
[INFO]-[BNL_Browser]: 2020-10-20T17:54:43 {1ba8} [INFO] - [BrowserProcessHandler] OnTextSelectionChanged offset:0 range:{3, 3}
[INFO]-[BNL_Browser]: 2020-10-20T17:54:43 {1ba8} [INFO] - [BrowserProcessHandler] OnImeStateChanged type:3
[INFO]-[BNL_Browser]: 2020-10-20T17:54:43 {1ba8} [INFO] - [BrowserProcessHandler] OnTextSelectionChanged offset:0 range:{4, 4}
[INFO]-[BNL_Browser]: 2020-10-20T17:54:44 {1ba8} [INFO] - [BrowserProcessHandler] OnImeStateChanged type:3
[INFO]-[BNL_Browser]: 2020-10-20T17:54:44 {1ba8} [INFO] - [BrowserProcessHandler] OnTextSelectionChanged offset:0 range:{5, 5}
[INFO]-[BNL_Browser]: 2020-10-20T17:54:44 {1ba8} [INFO] - [BrowserProcessHandler] OnImeStateChanged type:3
[INFO]-[BNL_Browser]: 2020-10-20T17:54:44 {1ba8} [INFO] - [BrowserProcessHandler] OnTextSelectionChanged offset:0 range:{6, 6}
[INFO]-[BNL_Browser]: 2020-10-20T17:54:44 {1ba8} [INFO] - [BrowserProcessHandler] OnImeStateChanged type:3
[INFO]-[BNL_Browser]: 2020-10-20T17:54:44 {1ba8} [INFO] - [BrowserProcessHandler] OnTextSelectionChanged offset:0 range:{7, 7}
[INFO]-[BNL_Browser]: 2020-10-20T17:54:45 {1ba8} [INFO] - [BrowserProcessHandler] OnImeStateChanged type:3
[INFO]-[BNL_Browser]: 2020-10-20T17:54:45 {1ba8} [INFO] - [BrowserProcessHandler] OnTextSelectionChanged offset:0 range:{8, 8}
[INFO]-[BNL_Browser]: 2020-10-20T17:54:46 {1ba8} [INFO] - [BrowserProcessHandler] OnLoadingStateChange loading:true goBack:true goForward:true
[INFO]-[BNL_Browser]: 2020-10-20T17:54:46 {1ba8} [INFO] - [BrowserProcessHandler] OnLoadStart type:7 frame:3
[INFO]-[BNL_Browser]: 2020-10-20T17:54:46 {1ba8} [INFO] - [BrowserProcessHandler] OnTitleChange
[INFO]-[BNL_Browser]: 2020-10-20T17:54:46 {1ba8} [INFO] - [BrowserProcessHandler] OnImeStateChanged type:0
[INFO]-[BNL_Browser]: 2020-10-20T17:54:46 {1ba8} [INFO] - [BrowserProcessHandler] OnLoadEnd frame:3
[INFO]-[BNL_Browser]: 2020-10-20T17:54:46 {1ba8} [INFO] - [BrowserProcessHandler] OnLoadingStateChange loading:false goBack:true goForward:false
[INFO]-[BNL_Browser]: 2020-10-20T17:54:46 {1ba8} [INFO] - [BrowserProcessHandler] OnTitleChange
[INFO]-[BNL_Browser]: 2020-10-20T17:54:47 {1ba8} [INFO] - [BrowserProcessHandler] OnCursorChange type:0
[INFO]-[BNL_Browser]: 2020-10-20T17:54:47 {1ba8} [INFO] - [BrowserProcessHandler] OnCursorChange type:2
[INFO]-[BNL_Browser]: 2020-10-20T17:54:47 {1ba8} [INFO] - [BrowserProcessHandler] OnCursorChange type:0
[INFO]-[BNL_Browser]: 2020-10-20T17:54:48 {1ba8} [INFO] - [BrowserProcessHandler] OnCursorChange type:2
[INFO]-[BNL_Browser]: 2020-10-20T17:54:48 {1ba8} [INFO] - [BrowserProcessHandler] OnCursorChange type:0
[INFO]-[BNL_Browser]: 2020-10-20T17:54:49 {1ba8} [INFO] - [BrowserProcessHandler] OnCursorChange type:3
[INFO]-[BNL_Browser]: 2020-10-20T17:54:49 {1ba8} [INFO] - [BrowserProcessHandler] OnCursorChange type:0
[INFO]-[BNL_Browser]: 2020-10-20T17:54:49 {1ba8} [INFO] - [BrowserProcessHandler] OnCursorChange type:2
[INFO]-[BNL_Browser]: 2020-10-20T17:54:50 {1ba8} [INFO] - [BrowserProcessHandler] OnCursorChange type:0
[INFO]-[BNL_Browser]: 2020-10-20T17:54:50 {1ba8} [INFO] - [BrowserProcessHandler] OnCursorChange type:3
[INFO]-[BNL_Browser]: 2020-10-20T17:54:50 {1ba8} [INFO] - [BrowserProcessHandler] OnCursorChange type:0
[INFO]-[BNL_Browser]: 2020-10-20T17:54:51 {1ba8} [INFO] - [BrowserProcessHandler] OnCursorChange type:2
[INFO]-[BNL_Browser]: 2020-10-20T17:54:51 {1ba8} [INFO] - [BrowserProcessHandler] OnCursorChange type:0
[INFO]-[BNL_Browser]: 2020-10-20T17:54:51 {1ba8} [INFO] - [BrowserProcessHandler] OnCursorChange type:3
[INFO]-[BNL_Browser]: 2020-10-20T17:54:52 {1ba8} [INFO] - [BrowserProcessHandler] OnTakeFocus source:1
[INFO]-[BNL_Browser]: 2020-10-20T17:54:52 {1ba8} [INFO] - [BrowserProcessHandler] OnGotFocus
[INFO]-[BNL_Browser]: 2020-10-20T17:54:52 {1ba8} [INFO] - [BrowserProcessHandler] OnImeStateChanged type:3
[INFO]-[BNL_Browser]: 2020-10-20T17:54:52 {1ba8} [INFO] - [BrowserProcessHandler] OnTextSelectionChanged offset:0 range:{8, 8}
[INFO]-[BNL_Browser]: 2020-10-20T17:54:52 {1ba8} [INFO] - [BrowserProcessHandler] OnTakeFocus source:1
[INFO]-[BNL_Browser]: 2020-10-20T17:54:52 {1ba8} [INFO] - [BrowserProcessHandler] OnGotFocus
[INFO]-[BNL_Browser]: 2020-10-20T17:54:52 {1ba8} [INFO] - [BrowserProcessHandler] OnImeStateChanged type:3
[INFO]-[BNL_Browser]: 2020-10-20T17:54:53 {1ba8} [INFO] - [BrowserProcessHandler] OnCursorChange type:0
[INFO]-[BNL_Scene]: 2020-10-20T17:54:56 {1ba8} [INFO] - received shutdown message from client.
[INFO]-[BNL_Browser]: 2020-10-20T17:54:56 {1ba8} [INFO] - [BrowserProcessHandler] Shutdown invoked
[INFO]-[BNL_Browser]: 2020-10-20T17:54:56 {1ba8} [INFO] - [BrowserProcessHandler] OnBeforeClose
