11/28 18:15:51.773  Account Edit Mode Data Loading: buffSize = 50
11/28 18:15:51.773  Data: 0 21 1 100 1 0 0 0 0 0 0 0 0 0 0 0 0 0 0 0 0 0 1
11/28 18:15:51.773  Character Edit Mode Data Loading: buffSize = 13
11/28 18:15:51.773  Data: 0 0 0 0 0 0
11/28 18:49:03.549  Account Edit Mode Data Saving: buffSize = 49
11/28 18:49:03.549  Data: 0 21 1 100 1 0 0 0 0 0 0 0 0 0 0 0 0 0 0 0 0 0 1
11/28 18:49:03.549  Character Edit Mode Data Saving: buffSize = 12
11/28 18:49:03.549  Data: 0 0 0 0 0 0
11/28 18:54:46.633  ----------------------------------------------------- Opened for Append -----------------------------------------------------
11/28 18:55:18.302  Account Edit Mode Data Loading: buffSize = 50
11/28 18:55:18.302  Data: 0 21 1 100 1 0 0 0 0 0 0 0 0 0 0 0 0 0 0 0 0 0 1
11/28 18:55:18.302  Character Edit Mode Data Loading: buffSize = 13
11/28 18:55:18.302  Data: 0 0 0 0 0 0
11/28 19:34:06.673  Account Edit Mode Data Saving: buffSize = 49
11/28 19:34:06.673  Data: 0 21 1 100 1 0 0 0 0 0 0 0 0 0 0 0 0 0 0 0 0 0 1
11/28 19:34:06.673  Character Edit Mode Data Saving: buffSize = 12
11/28 19:34:06.673  Data: 0 0 0 0 0 0
11/28 21:07:23.467  ----------------------------------------------------- Opened for Append -----------------------------------------------------
11/28 21:07:53.204  Account Edit Mode Data Loading: buffSize = 50
11/28 21:07:53.204  Data: 0 21 1 100 1 0 0 0 0 0 0 0 0 0 0 0 0 0 0 0 0 0 1
11/28 21:07:53.204  Character Edit Mode Data Loading: buffSize = 13
11/28 21:07:53.204  Data: 0 0 0 0 0 0
11/28 21:08:50.964  Account Edit Mode Data Saving: buffSize = 49
11/28 21:08:50.964  Data: 0 21 1 100 1 0 0 0 0 0 0 0 0 0 0 0 0 0 0 0 0 0 1
11/28 21:08:50.964  Character Edit Mode Data Saving: buffSize = 12
11/28 21:08:50.964  Data: 0 0 0 0 0 0
11/28 21:18:28.208  ----------------------------------------------------- Opened for Append -----------------------------------------------------
11/28 21:18:57.788  Account Edit Mode Data Loading: buffSize = 50
11/28 21:18:57.788  Data: 0 21 1 100 1 0 0 0 0 0 0 0 0 0 0 0 0 0 0 0 0 0 1
11/28 21:18:57.788  Character Edit Mode Data Loading: buffSize = 13
11/28 21:18:57.788  Data: 0 0 0 0 0 0
11/29 00:58:01.309  Account Edit Mode Data Saving: buffSize = 49
11/29 00:58:01.309  Data: 0 21 1 100 1 0 0 0 0 0 0 0 0 0 0 0 0 0 0 0 0 0 1
11/29 00:58:01.309  Character Edit Mode Data Saving: buffSize = 12
11/29 00:58:01.309  Data: 0 0 0 0 0 0
11/29 07:43:10.185  ----------------------------------------------------- Opened for Append -----------------------------------------------------
11/29 07:43:46.046  Account Edit Mode Data Loading: buffSize = 50
11/29 07:43:46.046  Data: 0 21 1 100 1 0 0 0 0 0 0 0 0 0 0 0 0 0 0 0 0 0 1
11/29 07:43:46.046  Character Edit Mode Data Loading: buffSize = 13
11/29 07:43:46.046  Data: 0 0 0 0 0 0
11/29 09:58:33.847  Account Edit Mode Data Saving: buffSize = 49
11/29 09:58:33.847  Data: 0 21 1 100 1 0 0 0 0 0 0 0 0 0 0 0 0 0 0 0 0 0 1
11/29 09:58:33.847  Character Edit Mode Data Saving: buffSize = 12
11/29 09:58:33.847  Data: 0 0 0 0 0 0
11/29 11:21:39.675  ----------------------------------------------------- Opened for Append -----------------------------------------------------
11/29 11:22:14.417  Account Edit Mode Data Loading: buffSize = 50
11/29 11:22:14.417  Data: 0 21 1 100 1 0 0 0 0 0 0 0 0 0 0 0 0 0 0 0 0 0 1
11/29 11:22:14.417  Character Edit Mode Data Loading: buffSize = 13
11/29 11:22:14.417  Data: 0 0 0 0 0 0
11/29 13:15:11.515  Account Edit Mode Data Saving: buffSize = 49
11/29 13:15:11.515  Data: 0 21 1 100 1 0 0 0 0 0 0 0 0 0 0 0 0 0 0 0 0 0 1
11/29 13:15:11.515  Character Edit Mode Data Saving: buffSize = 12
11/29 13:15:11.515  Data: 0 0 0 0 0 0
11/29 13:45:32.902  ----------------------------------------------------- Opened for Append -----------------------------------------------------
11/29 13:46:08.014  Account Edit Mode Data Loading: buffSize = 50
11/29 13:46:08.014  Data: 0 21 1 100 1 0 0 0 0 0 0 0 0 0 0 0 0 0 0 0 0 0 1
11/29 13:46:08.014  Character Edit Mode Data Loading: buffSize = 13
11/29 13:46:08.014  Data: 0 0 0 0 0 0
11/29 20:01:31.377  Account Edit Mode Data Saving: buffSize = 49
11/29 20:01:31.377  Data: 0 21 1 100 1 0 0 0 0 0 0 0 0 0 0 0 0 0 0 0 0 0 1
11/29 20:01:31.377  Character Edit Mode Data Saving: buffSize = 12
11/29 20:01:31.377  Data: 0 0 0 0 0 0
11/30 00:08:34.823  ----------------------------------------------------- Opened for Append -----------------------------------------------------
11/30 00:09:11.796  Account Edit Mode Data Loading: buffSize = 50
11/30 00:09:11.796  Data: 0 21 1 100 1 0 0 0 0 0 0 0 0 0 0 0 0 0 0 0 0 0 1
11/30 00:09:11.796  Character Edit Mode Data Loading: buffSize = 13
11/30 00:09:11.796  Data: 0 0 0 0 0 0
11/30 01:02:40.152  Account Edit Mode Data Saving: buffSize = 49
11/30 01:02:40.152  Data: 0 21 1 100 1 0 0 0 0 0 0 0 0 0 0 0 0 0 0 0 0 0 1
11/30 01:02:40.152  Character Edit Mode Data Saving: buffSize = 12
11/30 01:02:40.152  Data: 0 0 0 0 0 0
11/30 19:30:31.945  ----------------------------------------------------- Opened for Append -----------------------------------------------------
11/30 19:30:58.469  Account Edit Mode Data Loading: buffSize = 50
11/30 19:30:58.469  Data: 0 21 1 100 1 0 0 0 0 0 0 0 0 0 0 0 0 0 0 0 0 0 1
11/30 19:30:58.469  Character Edit Mode Data Loading: buffSize = 13
11/30 19:30:58.469  Data: 0 0 0 0 0 0
11/30 20:04:02.101  Account Edit Mode Data Saving: buffSize = 49
11/30 20:04:02.101  Data: 0 21 1 100 1 0 0 0 0 0 0 0 0 0 0 0 0 0 0 0 0 0 1
11/30 20:04:02.101  Character Edit Mode Data Saving: buffSize = 12
11/30 20:04:02.101  Data: 0 0 0 0 0 0
