12/21 07:26:35.835  Interface\FrameXML\Bindings.xml:1 Loading add-on AAP-Core
12/21 07:26:35.835  Interface\FrameXML\Bindings.xml:1 Interface/AddOns/AAP-Core/Bindings.xml:2 Unrecognized XML: Binding
12/21 07:26:35.835  Interface\FrameXML\Bindings.xml:1 Interface/AddOns/AAP-Core/Bindings.xml:2 Unrecognized XML attribute: name
12/21 07:26:35.835  Interface\FrameXML\Bindings.xml:1 Interface/AddOns/AAP-Core/Bindings.xml:2 Unrecognized XML attribute: header
12/21 07:26:35.835  Interface\FrameXML\Bindings.xml:1 Interface/AddOns/AAP-Core/Bindings.xml:2 Unrecognized XML attribute: category
12/21 07:26:35.835  Interface\FrameXML\Bindings.xml:1 Interface/AddOns/AAP-Core/Core.lua:1 (null)
12/21 07:26:35.835  Interface\FrameXML\Bindings.xml:1 Interface/AddOns/AAP-Core/OptionsPanel.lua:1 (null)
12/21 07:26:35.835  Interface\FrameXML\Bindings.xml:1 Interface/AddOns/AAP-Core/QuestHandler.lua:1 (null)
12/21 07:26:35.835  Interface\FrameXML\Bindings.xml:1 Loading add-on AngryWorldQuests
12/21 07:26:35.835  Interface\FrameXML\Bindings.xml:1 Interface/AddOns/AngryWorldQuests/QuestFrame.lua:1 (null)
12/21 07:26:35.835  Interface\FrameXML\Bindings.xml:1 Loading add-on AzeritePowerWeights
12/21 07:26:35.835  Interface\FrameXML\Bindings.xml:1 Interface/AddOns/AzeritePowerWeights/Core.lua:1 (null)
12/21 07:26:35.835  Interface\FrameXML\Bindings.xml:1 Loading add-on BetterBattlePetTooltip
12/21 07:26:35.835  Interface\FrameXML\Bindings.xml:1 Interface/AddOns/BetterBattlePetTooltip/Core.lua:1 (null)
12/21 07:26:35.835  Interface\FrameXML\Bindings.xml:1 Loading add-on BonusRollPreview
12/21 07:26:35.835  Interface\FrameXML\Bindings.xml:1 Interface/AddOns/BonusRollPreview/BonusRollPreview.xml:172 Unrecognized XML attribute: layer
12/21 07:26:35.835  Interface\FrameXML\Bindings.xml:1 Interface/AddOns/BonusRollPreview/BonusRollPreview.xml:183 Unrecognized XML attribute: layer
12/21 07:26:35.835  Interface\FrameXML\Bindings.xml:1 Loading add-on FB_TrackingFrame
12/21 07:26:35.835  Interface\FrameXML\Bindings.xml:1 Interface/AddOns/FB_TrackingFrame/FishingTrackingFrame.xml:49 Couldn't find inherited node: OptionsSmallCheckButtonTemplate
12/21 07:26:35.835  Interface\FrameXML\Bindings.xml:1 Interface/AddOns/FB_TrackingFrame/FishingTrackingFrame.xml:69 Couldn't find inherited node: OptionsSmallCheckButtonTemplate
12/21 07:26:35.835  Interface\FrameXML\Bindings.xml:1 Interface/AddOns/FB_TrackingFrame/FishingTrackingFrame.xml:49 Couldn't find inherited node: OptionsSmallCheckButtonTemplate
12/21 07:26:35.835  Interface\FrameXML\Bindings.xml:1 Interface/AddOns/FB_TrackingFrame/FishingTrackingFrame.xml:69 Couldn't find inherited node: OptionsSmallCheckButtonTemplate
12/21 07:26:35.835  Interface\FrameXML\Bindings.xml:1 Interface/AddOns/FB_TrackingFrame/FishingTrackingFrame.xml:49 Couldn't find inherited node: OptionsSmallCheckButtonTemplate
12/21 07:26:35.835  Interface\FrameXML\Bindings.xml:1 Interface/AddOns/FB_TrackingFrame/FishingTrackingFrame.xml:69 Couldn't find inherited node: OptionsSmallCheckButtonTemplate
12/21 07:26:35.835  Interface\FrameXML\Bindings.xml:1 Interface/AddOns/FB_TrackingFrame/FishingTrackingFrame.xml:49 Couldn't find inherited node: OptionsSmallCheckButtonTemplate
12/21 07:26:35.835  Interface\FrameXML\Bindings.xml:1 Interface/AddOns/FB_TrackingFrame/FishingTrackingFrame.xml:69 Couldn't find inherited node: OptionsSmallCheckButtonTemplate
12/21 07:26:35.835  Interface\FrameXML\Bindings.xml:1 Interface/AddOns/FB_TrackingFrame/FishingTrackingFrame.xml:49 Couldn't find inherited node: OptionsSmallCheckButtonTemplate
12/21 07:26:35.835  Interface\FrameXML\Bindings.xml:1 Interface/AddOns/FB_TrackingFrame/FishingTrackingFrame.xml:69 Couldn't find inherited node: OptionsSmallCheckButtonTemplate
12/21 07:26:35.835  Interface\FrameXML\Bindings.xml:1 Interface/AddOns/FB_TrackingFrame/FishingTrackingFrame.xml:49 Couldn't find inherited node: OptionsSmallCheckButtonTemplate
12/21 07:26:35.835  Interface\FrameXML\Bindings.xml:1 Interface/AddOns/FB_TrackingFrame/FishingTrackingFrame.xml:69 Couldn't find inherited node: OptionsSmallCheckButtonTemplate
12/21 07:26:35.835  Interface\FrameXML\Bindings.xml:1 Interface/AddOns/FB_TrackingFrame/FishingTrackingFrame.xml:49 Couldn't find inherited node: OptionsSmallCheckButtonTemplate
12/21 07:26:35.835  Interface\FrameXML\Bindings.xml:1 Interface/AddOns/FB_TrackingFrame/FishingTrackingFrame.xml:69 Couldn't find inherited node: OptionsSmallCheckButtonTemplate
12/21 07:26:35.835  Interface\FrameXML\Bindings.xml:1 Interface/AddOns/FB_TrackingFrame/FishingTrackingFrame.xml:49 Couldn't find inherited node: OptionsSmallCheckButtonTemplate
12/21 07:26:35.835  Interface\FrameXML\Bindings.xml:1 Interface/AddOns/FB_TrackingFrame/FishingTrackingFrame.xml:69 Couldn't find inherited node: OptionsSmallCheckButtonTemplate
12/21 07:26:35.835  Interface\FrameXML\Bindings.xml:1 Interface/AddOns/FB_TrackingFrame/FishingTrackingFrame.xml:49 Couldn't find inherited node: OptionsSmallCheckButtonTemplate
12/21 07:26:35.835  Interface\FrameXML\Bindings.xml:1 Interface/AddOns/FB_TrackingFrame/FishingTrackingFrame.xml:69 Couldn't find inherited node: OptionsSmallCheckButtonTemplate
12/21 07:26:35.835  Interface\FrameXML\Bindings.xml:1 Interface/AddOns/FB_TrackingFrame/FishingTrackingFrame.xml:49 Couldn't find inherited node: OptionsSmallCheckButtonTemplate
12/21 07:26:35.835  Interface\FrameXML\Bindings.xml:1 Interface/AddOns/FB_TrackingFrame/FishingTrackingFrame.xml:69 Couldn't find inherited node: OptionsSmallCheckButtonTemplate
12/21 07:26:35.835  Interface\FrameXML\Bindings.xml:1 Interface/AddOns/FB_TrackingFrame/FishingTrackingFrame.xml:49 Couldn't find inherited node: OptionsSmallCheckButtonTemplate
12/21 07:26:35.835  Interface\FrameXML\Bindings.xml:1 Interface/AddOns/FB_TrackingFrame/FishingTrackingFrame.xml:69 Couldn't find inherited node: OptionsSmallCheckButtonTemplate
12/21 07:26:35.835  Interface\FrameXML\Bindings.xml:1 Interface/AddOns/FB_TrackingFrame/FishingTrackingFrame.xml:49 Couldn't find inherited node: OptionsSmallCheckButtonTemplate
12/21 07:26:35.835  Interface\FrameXML\Bindings.xml:1 Interface/AddOns/FB_TrackingFrame/FishingTrackingFrame.xml:69 Couldn't find inherited node: OptionsSmallCheckButtonTemplate
12/21 07:26:35.835  Interface\FrameXML\Bindings.xml:1 Interface/AddOns/FB_TrackingFrame/FishingTrackingFrame.xml:49 Couldn't find inherited node: OptionsSmallCheckButtonTemplate
12/21 07:26:35.835  Interface\FrameXML\Bindings.xml:1 Interface/AddOns/FB_TrackingFrame/FishingTrackingFrame.xml:69 Couldn't find inherited node: OptionsSmallCheckButtonTemplate
12/21 07:26:35.835  Interface\FrameXML\Bindings.xml:1 Interface/AddOns/FB_TrackingFrame/FishingTrackingFrame.xml:49 Couldn't find inherited node: OptionsSmallCheckButtonTemplate
12/21 07:26:35.835  Interface\FrameXML\Bindings.xml:1 Interface/AddOns/FB_TrackingFrame/FishingTrackingFrame.xml:69 Couldn't find inherited node: OptionsSmallCheckButtonTemplate
12/21 07:26:35.835  Interface\FrameXML\Bindings.xml:1 Interface/AddOns/FB_TrackingFrame/FishingTrackingFrame.xml:49 Couldn't find inherited node: OptionsSmallCheckButtonTemplate
12/21 07:26:35.835  Interface\FrameXML\Bindings.xml:1 Interface/AddOns/FB_TrackingFrame/FishingTrackingFrame.xml:69 Couldn't find inherited node: OptionsSmallCheckButtonTemplate
12/21 07:26:35.835  Interface\FrameXML\Bindings.xml:1 Interface/AddOns/FB_TrackingFrame/FishingTrackingFrame.xml:49 Couldn't find inherited node: OptionsSmallCheckButtonTemplate
12/21 07:26:35.835  Interface\FrameXML\Bindings.xml:1 Interface/AddOns/FB_TrackingFrame/FishingTrackingFrame.xml:69 Couldn't find inherited node: OptionsSmallCheckButtonTemplate
12/21 07:26:35.835  Interface\FrameXML\Bindings.xml:1 Loading add-on HandyNotes_BoralusRP
12/21 07:26:35.835  Interface\FrameXML\Bindings.xml:1 Interface/AddOns/HandyNotes_BoralusRP/Const/const-icons.lua:1 (null)
12/21 07:26:35.835  Interface\FrameXML\Bindings.xml:1 Interface/AddOns/HandyNotes_BoralusRP/Data/data-kultiras.lua:1 (null)
12/21 07:26:35.835  Interface\FrameXML\Bindings.xml:1 Loading add-on HandyNotes_LegionTownPortals
12/21 07:26:35.835  Interface\FrameXML\Bindings.xml:1 Interface/AddOns/HandyNotes_LegionTownPortals/handler.lua:1 (null)
12/21 07:26:35.835  Interface\FrameXML\Bindings.xml:1 Loading add-on MBB
12/21 07:26:35.835  Interface\FrameXML\Bindings.xml:1 Interface/AddOns/MBB/MBB.xml:223 Unrecognized XML attribute: relativeFrom
12/21 07:26:35.835  Interface\FrameXML\Bindings.xml:1 Interface/AddOns/MBB/MBB.xml:624 Unrecognized XML attribute: relativeFrom
12/21 07:26:35.835  Interface\FrameXML\Bindings.xml:1 Interface/AddOns/MBB/MBB.xml:664 Unrecognized XML attribute: relativeFrom
12/21 07:26:35.835  Interface\FrameXML\Bindings.xml:1 Loading add-on MillButton
12/21 07:26:35.835  Interface\FrameXML\Bindings.xml:1 Interface/AddOns/MillButton/MillButton.lua:1 (null)
12/21 07:26:35.835  Interface\FrameXML\Bindings.xml:1 Loading add-on MoveAnything
12/21 07:26:35.835  Interface\FrameXML\Bindings.xml:1 Interface/AddOns/MoveAnything/MoveAnything.xml:532 Unrecognized XML: TitleRegion
12/21 07:26:35.835  Interface\FrameXML\Bindings.xml:1 Interface/AddOns/MoveAnything/MoveAnything.xml:532 Unrecognized XML attribute: setAllPoints
12/21 07:26:35.835  Interface\FrameXML\Bindings.xml:1 Loading add-on NomiCakes
12/21 07:26:35.835  Interface\FrameXML\Bindings.xml:1 Interface/AddOns/NomiCakes/NomiCakes.lua:1 (null)
12/21 07:26:35.835  Interface\FrameXML\Bindings.xml:1 Loading add-on NPCScan
12/21 07:26:35.835  Interface\FrameXML\Bindings.xml:1 Interface/AddOns/NPCScan/Bindings.xml:1 Interface/AddOns/NPCScan/Bindings.xml(1): error: not well-formed (invalid token)
12/21 07:26:35.835  Interface\FrameXML\Bindings.xml:1 Loading add-on Overachiever
12/21 07:26:35.835  Interface\FrameXML\Bindings.xml:1 Interface/AddOns/Overachiever/GameTip.lua:1 (null)
12/21 07:26:35.835  Interface\FrameXML\Bindings.xml:1 Loading add-on PetEmote
12/21 07:26:35.835  Interface\FrameXML\Bindings.xml:1 Interface/AddOns/PetEmote/Bindings.xml:1 Interface/AddOns/PetEmote/Bindings.xml(1): error: not well-formed (invalid token)
12/21 07:26:35.835  Interface\FrameXML\Bindings.xml:1 Loading add-on TransmogTokens
12/21 07:26:35.835  Interface\FrameXML\Bindings.xml:1 Interface/AddOns/TransmogTokens/TransmogTokens.lua:1 (null)
12/21 07:26:55.206  Loading add-on XLoot_Options
12/21 07:26:55.206  Interface/AddOns/XLoot_Options/Libs/embeds.xml:3 Couldn't open Interface/AddOns/XLoot_Options/AceGUI-3.0/AceGUI-3.0.xml
12/21 07:26:55.206  Interface/AddOns/XLoot_Options/Libs/embeds.xml:4 Couldn't open Interface/AddOns/XLoot_Options/AceConfig-3.0/AceConfig-3.0.xml
12/21 07:26:55.206  Interface/AddOns/XLoot_Options/Libs/embeds.xml:5 Couldn't open Interface/AddOns/XLoot_Options/AceDBOptions-3.0/AceDBOptions-3.0.xml
12/21 07:27:12.622  Loading add-on Overachiever_Tabs
12/21 07:27:12.622  Interface/AddOns/Overachiever_Tabs/build.lua:1 (null)
12/21 07:27:12.622  Interface/AddOns/Overachiever_Tabs/Search.lua:1 (null)
12/21 07:27:12.622  Interface/AddOns/Overachiever_Tabs/Suggestions.lua:1 (null)
12/21 07:27:12.622  Interface/AddOns/Overachiever_Tabs/Watch.lua:1 (null)
