9/28 04:47:26.047  ---- Startup ----
9/28 04:47:55.986  ---- ClientAvailableHotfixes ----
9/28 04:47:55.986      53061, TactKey
9/28 04:47:55.986      53061, TactKeyLookup
9/28 04:47:55.986      53620, TactKeyLookup
9/28 04:47:55.986      53620, TactKey
9/28 04:47:55.986      53621, TactKeyLookup
9/28 04:47:55.986      53621, TactKey
9/28 04:47:55.986      53699, Toy
9/28 04:47:55.986      53732, Unknown
9/28 04:47:55.986      53940, SpellName
9/28 04:47:55.986      53940, Spell
9/28 04:47:55.986      53953, Criteria
9/28 04:47:55.986      53957, Spell
9/28 04:47:55.986      53957, SpellName
9/28 04:47:55.986      53957, Spell
9/28 04:47:55.986      53957, SpellName
9/28 04:47:55.986      53959, SpellInterrupts
9/28 04:47:55.986      53959, Spell
9/28 04:47:55.986      53959, SpellName
9/28 04:47:55.986      53959, SpellMisc
9/28 04:47:55.986      53959, SpellMisc
9/28 04:47:55.986      53959, SpellEffect
9/28 04:47:55.986      53959, SpellCastingRequirements
9/28 04:47:55.986      53962, ModifierTree
9/28 04:47:55.986      53962, ModifierTree
9/28 04:47:55.986      53962, ModifierTree
9/28 04:47:55.986      53962, ModifierTree
9/28 04:47:55.986      53962, ModifierTree
9/28 04:47:55.986      53962, ModifierTree
9/28 04:47:55.986      53962, ModifierTree
9/28 04:47:55.986      53962, ModifierTree
9/28 04:47:55.986      53963, CreatureModelData
9/28 04:47:55.986      53963, CreatureModelData
9/28 04:47:55.986      53965, QuestPOIPoint
9/28 04:47:55.986      53965, QuestPOIBlob
9/28 04:47:55.986      53966, QuestV2
9/28 04:47:55.986      53966, QuestV2
9/28 04:47:55.986      53966, QuestV2CliTask
9/28 04:47:55.986      53966, QuestV2CliTask
9/28 04:47:55.986      53967, QuestPOIBlob
9/28 04:47:55.986      53967, QuestPOIPoint
9/28 04:47:55.986      53968, AreaTriggerCreateProperties
9/28 04:47:55.986      53968, GameObjects
9/28 04:47:55.986      53968, Creature
9/28 04:47:55.986      53968, GameObjects
9/28 04:47:55.986      53968, GameObjects
9/28 04:47:55.986      53968, GameObjects
9/28 04:47:55.986      53968, GameObjects
9/28 04:47:55.986      53968, GameObjects
9/28 04:47:55.986      53968, GameObjects
9/28 04:47:55.986      53968, AreaTriggerActionSet
9/28 04:47:55.986      53968, GameObjects
9/28 04:47:55.986      53968, CreatureDifficulty
9/28 04:47:55.986      53968, GameObjects
9/28 04:47:55.986      53968, GameObjects
9/28 04:47:55.986      53968, CreatureXDisplayInfo
9/28 04:47:55.986      53968, GameObjects
9/28 04:47:55.986      53968, SpellMisc
9/28 04:47:55.986      53968, GameObjects
9/28 04:47:55.986      53968, GameObjects
9/28 04:47:55.986      53972, AreaTriggerCreateProperties
9/28 04:47:55.986      53973, SpellMisc
9/28 04:47:55.986      53975, AreaTriggerCreateProperties
9/28 04:47:55.986      53975, AreaTriggerBox
9/28 04:47:55.986      53975, AreaTriggerActionSet
9/28 04:47:55.986      53978, CreatureDifficulty
9/28 04:47:55.986      53978, CreatureDifficulty
9/28 04:47:55.986      53979, SpellMisc
9/28 04:47:55.986      53983, PlayerCondition
9/28 04:47:55.986      53983, ModifierTree
9/28 04:47:55.986      53983, QuestV2CliTask
9/28 04:47:55.986      53983, QuestV2
9/28 04:47:55.986      53983, QuestV2
9/28 04:47:55.986      53983, ModifierTree
9/28 04:47:55.986      53983, ModifierTree
9/28 04:47:55.986      53983, QuestV2CliTask
9/28 04:47:55.986      53984, ModifierTree
9/28 04:47:55.986      53984, ModifierTree
9/28 04:47:55.986      53984, ModifierTree
9/28 04:47:55.986      53984, ModifierTree
9/28 04:47:55.986      53984, ModifierTree
9/28 04:47:55.986      53984, ModifierTree
9/28 04:47:55.986      53984, ModifierTree
9/28 04:47:55.986      53984, ModifierTree
9/28 04:47:55.986      53984, ModifierTree
9/28 04:47:55.986      53984, ModifierTree
9/28 04:47:55.986      53984, ModifierTree
9/28 04:47:55.986      53984, ModifierTree
9/28 04:47:55.986      53984, ModifierTree
9/28 04:47:55.986      53985, QuestV2
9/28 04:47:55.986      53985, QuestV2CliTask
9/28 04:47:55.986      53986, QuestV2
9/28 04:47:55.986      53986, ModifierTree
9/28 04:47:55.986      53986, ModifierTree
9/28 04:47:55.986      53986, PlayerCondition
9/28 04:47:55.986      53986, QuestV2CliTask
9/28 04:47:55.986      53987, CreatureDifficulty
9/28 04:47:55.986      53988, GlobalStrings
9/28 04:47:55.986      53988, GlobalStrings
9/28 04:47:55.986      53988, GlobalStrings
9/28 04:47:55.986      53989, ModifierTree
9/28 04:47:55.986      53989, GarrMission
9/28 04:47:55.986      53989, SpellName
9/28 04:47:55.986      53989, PlayerCondition
9/28 04:47:55.986      53989, SpellMisc
9/28 04:47:55.986      53989, Spell
9/28 04:47:55.986      53989, ModifierTree
9/28 04:47:55.986      53989, SpellEffect
9/28 04:47:55.986      53989, QuestV2CliTask
9/28 04:47:55.986      53989, CriteriaTree
9/28 04:47:55.986      53989, CriteriaTree
9/28 04:47:55.986      53989, QuestObjective
9/28 04:47:55.986      53989, QuestV2
9/28 04:47:55.986      53989, ModifierTree
9/28 04:47:55.986      53989, Criteria
9/28 04:47:55.986      53990, SceneScriptGlobalText
9/28 04:47:55.986      53990, SceneScript
9/28 04:47:55.986      53990, SceneScriptGlobalText
9/28 04:47:55.986      53990, SceneScriptText
9/28 04:47:55.986      53990, SceneScriptText
9/28 04:47:55.986      53990, SceneScript
9/28 04:47:55.986      53990, SceneScript
9/28 04:47:55.986      53990, SceneScriptGlobalText
9/28 04:47:55.986      53990, SceneScriptText
9/28 04:47:55.986      53992, SpellEffect
9/28 04:47:55.986      53992, ModifierTree
9/28 04:47:55.986      53992, ModifierTree
9/28 04:47:55.986      53992, QuestV2CliTask
9/28 04:47:55.986      53992, CriteriaTree
9/28 04:47:55.986      53992, CriteriaTree
9/28 04:47:55.986      53992, Criteria
9/28 04:47:55.986      53992, GarrMission
9/28 04:47:55.986      53992, QuestV2CliTask
9/28 04:47:55.986      53992, QuestV2CliTask
9/28 04:47:55.986      53992, QuestV2
9/28 04:47:55.986      53992, QuestV2CliTask
9/28 04:47:55.986      53992, QuestObjective
9/28 04:47:55.986      53992, QuestV2
9/28 04:47:55.986      53992, QuestV2CliTask
9/28 04:47:55.986      53992, ModifierTree
9/28 04:47:55.986      53992, PlayerCondition
9/28 04:47:55.986      53992, QuestV2
9/28 04:47:55.986      53992, PlayerCondition
9/28 04:47:55.986      53992, ModifierTree
9/28 04:47:55.986      53992, QuestV2
9/28 04:47:55.986      53992, SpellMisc
9/28 04:47:55.986      53992, ModifierTree
9/28 04:47:55.986      53992, Spell
9/28 04:47:55.986      53992, ModifierTree
9/28 04:47:55.986      53992, SpellEffect
9/28 04:47:55.986      53992, SpellName
9/28 04:47:55.986      53992, CriteriaTree
9/28 04:47:55.986      53992, QuestV2
9/28 04:47:55.986      53992, SpellEffect
9/28 04:47:55.986      53992, Criteria
9/28 04:47:55.986      53994, Spell
9/28 04:47:55.986      53994, SpellMisc
9/28 04:47:55.986      53994, SpellClassOptions
9/28 04:47:55.986      53994, SpellEffect
9/28 04:47:55.986      53994, SpellCategories
9/28 04:47:55.986      53994, SpellXSpellVisual
9/28 04:47:55.986      53994, SpellCooldowns
9/28 04:47:55.986      53994, SpellName
9/28 04:47:55.986      53994, SpellLabel
9/28 04:47:55.986      53994, SpellShapeshift
9/28 04:47:55.986      53997, SpellItemEnchantment
9/28 04:47:55.986      53997, SpellItemEnchantment
9/28 04:47:55.986      53997, SpellItemEnchantment
9/28 04:47:55.986      53997, SpellItemEnchantment
9/28 04:47:55.986      53998, ModifierTree
9/28 04:47:55.986      54000, ModifierTree
9/28 04:47:55.986      54000, ModifierTree
9/28 04:47:55.986      54000, ModifierTree
9/28 04:47:55.986      54000, ModifierTree
9/28 04:47:55.986      54001, QuestV2CliTask
9/28 04:47:55.986      54001, QuestV2CliTask
9/28 04:47:55.986      54001, QuestV2CliTask
9/28 04:47:55.986      54001, QuestV2CliTask
9/28 04:47:55.986      54001, QuestV2
9/28 04:47:55.986      54001, QuestV2CliTask
9/28 04:47:55.986      54001, QuestV2
9/28 04:47:55.986      54001, QuestV2CliTask
9/28 04:47:55.986      54001, QuestV2
9/28 04:47:55.986      54001, QuestV2
9/28 04:47:55.986      54001, QuestV2
9/28 04:47:55.986      54001, QuestV2CliTask
9/28 04:47:55.986      54001, QuestV2
9/28 04:47:55.986      54001, QuestV2CliTask
9/28 04:47:55.986      54001, QuestV2CliTask
9/28 04:47:55.986      54001, QuestV2
9/28 04:47:55.986      54001, QuestV2CliTask
9/28 04:47:55.986      54001, QuestV2
9/28 04:47:55.986      54001, QuestV2
9/28 04:47:55.986      54001, QuestV2CliTask
9/28 04:47:55.986      54001, QuestV2CliTask
9/28 04:47:55.986      54001, QuestV2
9/28 04:47:55.986      54001, QuestV2CliTask
9/28 04:47:55.986      54001, QuestV2CliTask
9/28 04:47:55.986      54001, QuestV2
9/28 04:47:55.986      54001, QuestV2
9/28 04:47:55.986      54001, QuestV2CliTask
9/28 04:47:55.986      54001, QuestV2
9/28 04:47:55.986      54001, QuestV2CliTask
9/28 04:47:55.986      54001, QuestV2CliTask
9/28 04:47:55.986      54001, QuestV2
9/28 04:47:55.986      54001, QuestV2CliTask
9/28 04:47:55.986      54001, QuestV2
9/28 04:47:55.986      54001, QuestV2CliTask
9/28 04:47:55.986      54001, QuestV2
9/28 04:47:55.986      54001, QuestV2CliTask
9/28 04:47:55.986      54001, QuestV2CliTask
9/28 04:47:55.986      54001, QuestV2
9/28 04:47:55.986      54001, QuestV2
9/28 04:47:55.986      54001, QuestV2CliTask
9/28 04:47:55.986      54001, QuestV2
9/28 04:47:55.986      54001, QuestV2CliTask
9/28 04:47:55.986      54001, QuestV2
9/28 04:47:55.986      54001, QuestV2CliTask
9/28 04:47:55.986      54001, QuestV2
9/28 04:47:55.986      54001, QuestV2CliTask
9/28 04:47:55.986      54001, QuestV2
9/28 04:47:55.986      54001, QuestV2CliTask
9/28 04:47:55.986      54001, QuestV2
9/28 04:47:55.986      54001, QuestV2CliTask
9/28 04:47:55.986      54001, QuestV2
9/28 04:47:55.986      54001, QuestV2CliTask
9/28 04:47:55.986      54001, QuestV2
9/28 04:47:55.986      54001, QuestV2CliTask
9/28 04:47:55.986      54001, QuestV2
9/28 04:47:55.986      54001, QuestV2CliTask
9/28 04:47:55.986      54001, QuestV2
9/28 04:47:55.986      54001, QuestV2CliTask
9/28 04:47:55.986      54001, QuestV2CliTask
9/28 04:47:55.986      54001, QuestV2
9/28 04:47:55.986      54001, QuestV2
9/28 04:47:55.986      54001, QuestV2CliTask
9/28 04:47:55.986      54001, QuestV2
9/28 04:47:55.986      54001, QuestV2CliTask
9/28 04:47:55.986      54001, QuestV2
9/28 04:47:55.986      54001, QuestV2
9/28 04:47:55.986      54001, QuestV2
9/28 04:47:55.986      54001, QuestV2
9/28 04:47:55.986      54001, QuestV2
9/28 04:47:55.986      54001, QuestV2
9/28 04:47:55.986      54001, QuestV2CliTask
9/28 04:47:55.986      54001, QuestV2
9/28 04:47:55.986      54001, QuestV2CliTask
9/28 04:47:55.986      54001, QuestV2
9/28 04:47:55.986      54001, QuestV2CliTask
9/28 04:47:55.986      54001, QuestV2CliTask
9/28 04:47:55.986      54001, QuestV2CliTask
9/28 04:47:55.986      54001, QuestV2CliTask
9/28 04:47:55.986      54001, QuestV2
9/28 04:47:55.986      54001, QuestV2CliTask
9/28 04:47:55.986      54001, QuestV2
9/28 04:47:55.986      54001, QuestV2
9/28 04:47:55.986      54001, QuestV2CliTask
9/28 04:47:55.986      54001, QuestV2
9/28 04:47:55.986      54001, QuestV2CliTask
9/28 04:47:55.986      54001, QuestV2
9/28 04:47:55.986      54001, QuestV2CliTask
9/28 04:47:55.986      54001, QuestV2
9/28 04:47:55.986      54001, QuestV2CliTask
9/28 04:47:55.986      54001, QuestV2
9/28 04:47:55.986      54001, QuestV2
9/28 04:47:55.986      54001, QuestV2
9/28 04:47:55.986      54001, QuestV2CliTask
9/28 04:47:55.986      54001, QuestV2
9/28 04:47:55.986      54001, QuestV2CliTask
9/28 04:47:55.986      54001, QuestV2
9/28 04:47:55.986      54001, QuestV2CliTask
9/28 04:47:55.986      54001, QuestV2CliTask
9/28 04:47:55.986      54001, QuestV2CliTask
9/28 04:47:55.986      54001, QuestV2
9/28 04:47:55.986      54001, QuestV2
9/28 04:47:55.986      54001, QuestV2CliTask
9/28 04:47:55.986      54001, QuestV2CliTask
9/28 04:47:55.986      54001, QuestV2
9/28 04:47:55.986      54001, QuestV2CliTask
9/28 04:47:55.986      54001, QuestV2CliTask
9/28 04:47:55.986      54001, QuestV2
9/28 04:47:55.986      54001, QuestV2
9/28 04:47:55.986      54001, QuestV2
9/28 04:47:55.986      54001, QuestV2CliTask
9/28 04:47:55.986      54001, QuestV2
9/28 04:47:55.986      54001, QuestV2CliTask
9/28 04:47:55.986      54001, QuestV2
9/28 04:47:55.986      54001, QuestV2CliTask
9/28 04:47:55.986      54001, QuestV2
9/28 04:47:55.986      54001, QuestV2CliTask
9/28 04:47:55.986      54001, QuestV2CliTask
9/28 04:47:55.986      54001, QuestV2
9/28 04:47:55.986      54001, QuestV2CliTask
9/28 04:47:55.986      54001, QuestV2
9/28 04:47:55.986      54001, QuestV2CliTask
9/28 04:47:55.986      54001, QuestV2
9/28 04:47:55.986      54001, QuestV2CliTask
9/28 04:47:55.986      54001, QuestV2
9/28 04:47:55.986      54001, QuestV2
9/28 04:47:55.986      54001, QuestV2CliTask
9/28 04:47:55.986      54001, QuestV2CliTask
9/28 04:47:55.986      54001, QuestV2
9/28 04:47:55.986      54001, QuestV2CliTask
9/28 04:47:55.986      54001, QuestV2CliTask
9/28 04:47:55.986      54001, QuestV2
9/28 04:47:55.986      54001, QuestV2
9/28 04:47:55.986      54001, QuestV2
9/28 04:47:55.986      54001, QuestV2CliTask
9/28 04:47:55.986      54001, QuestV2
9/28 04:47:55.986      54001, QuestV2
9/28 04:47:55.986      54001, QuestV2CliTask
9/28 04:47:55.986      54001, QuestV2CliTask
9/28 04:47:55.986      54001, QuestV2
9/28 04:47:55.986      54001, QuestV2
9/28 04:47:55.986      54001, QuestV2CliTask
9/28 04:47:55.986      54001, QuestV2CliTask
9/28 04:47:55.986      54001, QuestV2CliTask
9/28 04:47:55.986      54001, QuestV2
9/28 04:47:55.986      54001, QuestV2
9/28 04:47:55.986      54001, QuestV2
9/28 04:47:55.986      54001, QuestV2CliTask
9/28 04:47:55.986      54001, QuestV2
9/28 04:47:55.986      54001, QuestV2CliTask
9/28 04:47:55.986      54001, QuestV2CliTask
9/28 04:47:55.986      54002, ModelFileData
9/28 04:47:55.986      54002, CreatureModelData
9/28 04:47:55.986      54003, SpellEffect
9/28 04:47:55.986      54003, SpellMisc
9/28 04:47:55.986      54003, SpellName
9/28 04:47:55.986      54003, ModifierTree
9/28 04:47:55.986      54003, ModifierTree
9/28 04:47:55.986      54003, SpellEffect
9/28 04:47:55.986      54003, Spell
9/28 04:47:55.986      54003, ModifierTree
9/28 04:47:55.986      54003, PlayerCondition
9/28 04:47:55.986      54004, CombatCondition
9/28 04:47:55.986      54008, ItemBonusTreeNode
9/28 04:47:55.986      54008, ItemBonusTreeNode
9/28 04:47:55.986      54008, ItemBonusTreeNode
9/28 04:47:55.986      54008, ItemBonusTreeNode
9/28 04:47:55.986      54008, ItemBonusTreeNode
9/28 04:47:55.986      54008, ItemBonusTreeNode
9/28 04:47:55.986      54008, ItemBonusTreeNode
9/28 04:47:55.986      54008, ItemBonusTreeNode
9/28 04:47:55.986      54008, ItemBonusTreeNode
9/28 04:47:55.986      54008, ItemBonusTreeNode
9/28 04:47:55.986      54008, ItemBonusTreeNode
9/28 04:47:55.986      54008, ItemBonusTreeNode
9/28 04:47:55.986      54008, ItemBonusTreeNode
9/28 04:47:55.986      54008, ItemBonusTreeNode
9/28 04:47:55.986      54008, ItemBonusTreeNode
9/28 04:47:55.986      54008, ItemBonusTreeNode
9/28 04:47:55.986      54008, ItemBonusTreeNode
9/28 04:47:55.986      54008, ItemBonusTreeNode
9/28 04:47:55.986      54009, SpellEffect
9/28 04:47:55.986      54009, SpellEffect
9/28 04:47:55.986      54010, CreatureDifficulty
9/28 04:47:55.986      54010, CreatureDifficulty
9/28 04:47:55.986      54011, SpellMisc
9/28 04:47:55.986      54013, ModifierTree
9/28 04:47:55.986      54014, SpellMisc
9/28 04:47:55.986      54014, SpellEffect
9/28 04:47:55.986      54018, CreatureDifficulty
9/28 04:47:55.986      54018, CreatureDifficulty
9/28 04:47:55.986      54018, CreatureDifficulty
9/28 04:47:55.986      54018, CreatureDifficulty
9/28 04:47:55.986      54018, CreatureDifficulty
9/28 04:47:55.986      54018, CreatureDifficulty
9/28 04:47:55.986      54018, CreatureDifficulty
9/28 04:47:55.986      54018, CreatureDifficulty
9/28 04:47:55.986      54019, CreatureDifficulty
9/28 04:47:55.986      54020, ModifierTree
9/28 04:47:55.986      54020, ModifierTree
9/28 04:47:55.986      54020, ModifierTree
9/28 04:47:55.986      54020, ModifierTree
9/28 04:47:55.986      54020, ModifierTree
9/28 04:47:55.986      54020, ModifierTree
9/28 04:47:55.986      54020, ModifierTree
9/28 04:47:55.986      54020, ModifierTree
9/28 04:47:55.986      54020, ModifierTree
9/28 04:47:55.986      54020, ModifierTree
9/28 04:47:55.986      54020, ModifierTree
9/28 04:47:55.986      54020, ModifierTree
9/28 04:47:55.986      54020, ModifierTree
9/28 04:47:55.986      54020, ModifierTree
9/28 04:47:55.986      54020, ModifierTree
9/28 04:47:55.986      54020, ModifierTree
9/28 04:47:55.986      54020, ModifierTree
9/28 04:47:55.986      54020, ModifierTree
9/28 04:47:55.986      54020, ModifierTree
9/28 04:47:55.986      54020, ModifierTree
9/28 04:47:55.986      54020, ModifierTree
9/28 04:47:55.986      54020, ModifierTree
9/28 04:47:55.986      54020, ModifierTree
9/28 04:47:55.986      54020, ModifierTree
9/28 04:47:55.986      54020, ModifierTree
9/28 04:47:55.986      54020, ModifierTree
9/28 04:47:55.986      54020, ModifierTree
9/28 04:47:55.986      54020, ModifierTree
9/28 04:47:55.986      54020, PlayerCondition
9/28 04:47:55.986      54020, ModifierTree
9/28 04:47:55.986      54020, ModifierTree
9/28 04:47:55.986      54020, ModifierTree
9/28 04:47:55.986      54020, ModifierTree
9/28 04:47:55.986      54020, ModifierTree
9/28 04:47:55.986      54020, ModifierTree
9/28 04:47:55.986      54020, ModifierTree
9/28 04:47:55.986      54020, ModifierTree
9/28 04:47:55.986      54020, ModifierTree
9/28 04:47:55.986      54020, ModifierTree
9/28 04:47:55.986      54020, PlayerCondition
9/28 04:47:55.986      54020, ModifierTree
9/28 04:47:55.986      54020, ModifierTree
9/28 04:47:55.986      54020, ModifierTree
9/28 04:47:55.986      54020, ModifierTree
9/28 04:47:55.986      54021, GameObjects
9/28 04:47:55.986      54022, SpellMisc
9/28 04:47:55.986      54022, SpellMisc
9/28 04:47:55.986      54022, SpellMisc
9/28 04:47:55.986      54026, CurvePoint
9/28 04:47:55.986      54026, CurvePoint
9/28 04:47:55.986      54026, CurvePoint
9/28 04:47:55.986      54026, CurvePoint
9/28 04:47:55.986      54026, CurvePoint
9/28 04:47:55.986      54026, CurvePoint
9/28 04:47:55.986      54026, CurvePoint
9/28 04:47:55.986      54026, Curve
9/28 04:47:55.986      54026, CurvePoint
9/28 04:47:55.986      54026, CurvePoint
9/28 04:47:55.986      54026, CurvePoint
9/28 04:47:55.986      54026, CurvePoint
9/28 04:47:55.986      54026, CurvePoint
9/28 04:47:55.986      54026, CurvePoint
9/28 04:47:55.986      54026, CurvePoint
9/28 04:47:55.986      54026, CurvePoint
9/28 04:47:55.986      54026, CurvePoint
9/28 04:47:55.986      54026, CurvePoint
9/28 04:47:55.986      54026, CurvePoint
9/28 04:47:55.986      54026, CurvePoint
9/28 04:47:55.986      54026, CurvePoint
9/28 04:47:55.986      54026, CurvePoint
9/28 04:47:55.986      54026, CurvePoint
9/28 04:47:55.986      54026, CurvePoint
9/28 04:47:55.986      54026, CurvePoint
9/28 04:47:55.986      54026, CurvePoint
9/28 04:47:55.986      54026, CurvePoint
9/28 04:47:55.986      54026, CurvePoint
9/28 04:47:55.986      54026, CurvePoint
9/28 04:47:55.986      54026, CurvePoint
9/28 04:47:55.986      54026, CurvePoint
9/28 04:47:55.986      54026, CurvePoint
9/28 04:47:55.986      54026, CurvePoint
9/28 04:47:55.986      54026, CurvePoint
9/28 04:47:55.986      54026, CurvePoint
9/28 04:47:55.986      54026, CurvePoint
9/28 04:47:55.986      54026, CurvePoint
9/28 04:47:55.986      54026, CurvePoint
9/28 04:47:55.986      54026, CurvePoint
9/28 04:47:55.986      54026, CurvePoint
9/28 04:47:55.986      54026, CurvePoint
9/28 04:47:55.986      54026, Curve
9/28 04:47:55.986      54026, CurvePoint
9/28 04:47:55.986      54026, CurvePoint
9/28 04:47:55.986      54026, CurvePoint
9/28 04:47:55.986      54026, CurvePoint
9/28 04:47:55.986      54026, Curve
9/28 04:47:55.986      54026, CurvePoint
9/28 04:47:55.986      54026, CurvePoint
9/28 04:47:55.986      54026, CurvePoint
9/28 04:47:55.986      54026, CurvePoint
9/28 04:47:55.986      54028, CreatureDifficulty
9/28 04:47:55.986      54031, CurvePoint
9/28 04:47:55.986      54031, Curve
9/28 04:47:55.986      54031, CurvePoint
9/28 04:47:55.986      54031, Curve
9/28 04:47:55.986      54031, CurvePoint
9/28 04:47:55.986      54031, CurvePoint
9/28 04:47:55.986      54031, CurvePoint
9/28 04:47:55.986      54031, Curve
9/28 04:47:55.986      54031, CurvePoint
9/28 04:47:55.986      54031, CurvePoint
9/28 04:47:55.986      54031, CurvePoint
9/28 04:47:55.986      54031, CurvePoint
9/28 04:47:55.986      54031, CurvePoint
9/28 04:47:55.986      54031, CurvePoint
9/28 04:47:55.986      54031, CurvePoint
9/28 04:47:55.986      54031, CurvePoint
9/28 04:47:55.986      54031, CurvePoint
9/28 04:47:55.986      54031, CurvePoint
9/28 04:47:55.986      54031, Curve
9/28 04:47:55.986      54031, CurvePoint
9/28 04:47:55.986      54031, CurvePoint
9/28 04:47:55.986      54031, CurvePoint
9/28 04:47:55.986      54031, CurvePoint
9/28 04:47:55.986      54031, CurvePoint
9/28 04:47:55.986      54031, CurvePoint
9/28 04:47:55.986      54031, CurvePoint
9/28 04:47:55.986      54031, CurvePoint
9/28 04:47:55.986      54031, CurvePoint
9/28 04:47:55.986      54031, CurvePoint
9/28 04:47:55.986      54031, CurvePoint
9/28 04:47:55.986      54031, CurvePoint
9/28 04:47:55.986      54031, CurvePoint
9/28 04:47:55.986      54031, CurvePoint
9/28 04:47:55.986      54031, CurvePoint
9/28 04:47:55.986      54031, Curve
9/28 04:47:55.986      54031, CurvePoint
9/28 04:47:55.986      54031, CurvePoint
9/28 04:47:55.986      54031, CurvePoint
9/28 04:47:55.986      54031, Curve
9/28 04:47:55.986      54031, Curve
9/28 04:47:55.986      54031, Curve
9/28 04:47:55.986      54031, CurvePoint
9/28 04:47:55.986      54031, CurvePoint
9/28 04:47:55.986      54031, CurvePoint
9/28 04:47:55.986      54031, CurvePoint
9/28 04:47:55.986      54031, CurvePoint
9/28 04:47:55.986      54031, CurvePoint
9/28 04:47:55.986      54031, CurvePoint
9/28 04:47:55.986      54031, CurvePoint
9/28 04:47:55.986      54031, CurvePoint
9/28 04:47:55.986      54031, CurvePoint
9/28 04:47:55.986      54031, CurvePoint
9/28 04:47:55.986      54031, CurvePoint
9/28 04:47:55.986      54031, CurvePoint
9/28 04:47:55.986      54031, CurvePoint
9/28 04:47:55.986      54031, CurvePoint
9/28 04:47:55.986      54031, CurvePoint
9/28 04:47:55.986      54031, CurvePoint
9/28 04:47:55.986      54031, CurvePoint
9/28 04:47:55.986      54031, Curve
9/28 04:47:55.986      54031, CurvePoint
9/28 04:47:55.986      54033, ModifierTree
9/28 04:47:55.986      54033, ModifierTree
9/28 04:47:55.986      54033, ModifierTree
9/28 04:47:55.986      54033, PlayerCondition
9/28 04:47:55.986      54033, PlayerCondition
9/28 04:47:55.986      54033, WaypointSafeLocs
9/28 04:47:55.986      54033, ModifierTree
9/28 04:47:55.986      54033, PlayerCondition
9/28 04:47:55.986      54034, QuestV2
9/28 04:47:55.986      54034, QuestV2CliTask
9/28 04:47:55.986      54034, QuestV2CliTask
9/28 04:47:55.986      54034, QuestV2
9/28 04:47:55.986      54034, QuestV2CliTask
9/28 04:47:55.986      54034, QuestV2
9/28 04:47:55.986      54034, QuestV2
9/28 04:47:55.986      54034, QuestV2CliTask
9/28 04:47:55.986      54035, SpellMisc
9/28 04:47:55.986      54035, SpellMisc
9/28 04:47:55.986      54035, SpellMisc
9/28 04:47:55.986      54035, SpellMisc
9/28 04:47:55.986      54035, SpellMisc
9/28 04:47:55.986      54035, SpellMisc
9/28 04:47:55.986      54035, SpellMisc
9/28 04:47:55.986      54035, SpellMisc
9/28 04:47:55.986      54035, SpellMisc
9/28 04:47:55.986      54035, SpellMisc
9/28 04:47:55.986      54035, SpellMisc
9/28 04:47:55.986      54035, SpellMisc
9/28 04:47:55.986      54035, SpellMisc
9/28 04:47:55.986      54035, SpellMisc
9/28 04:47:55.986      54035, SpellMisc
9/28 04:47:55.986      54035, SpellMisc
9/28 04:47:55.986      54035, SpellMisc
9/28 04:47:55.986      54035, SpellMisc
9/28 04:47:55.986      54035, SpellMisc
9/28 04:47:55.986      54035, SpellMisc
9/28 04:47:55.986      54038, ModifierTree
9/28 04:47:55.986      54038, ModifierTree
9/28 04:47:55.986      54038, ModifierTree
9/28 04:47:55.986      54038, ModifierTree
9/28 04:47:55.986      54038, QuestV2CliTask
9/28 04:47:55.986      54038, ModifierTree
9/28 04:47:55.986      54038, QuestV2
9/28 04:47:55.986      54038, PlayerCondition
9/28 04:47:55.986      54038, ModifierTree
9/28 04:47:55.986      54038, ModifierTree
9/28 04:47:55.986      54038, QuestV2
9/28 04:47:55.986      54038, QuestV2CliTask
9/28 04:47:55.986      54038, ModifierTree
9/28 04:47:55.986      54038, ModifierTree
9/28 04:47:55.986      54038, ModifierTree
9/28 04:47:55.986      54039, CreatureDifficulty
9/28 04:47:55.986      54044, Spell
9/28 04:47:55.986      54044, SpellName
9/28 04:47:55.986      54044, SpellAuraOptions
9/28 04:47:55.986      54044, SpellMisc
9/28 04:47:55.986      54045, SpellLabel
9/28 04:47:55.986      54046, ItemEffect
9/28 04:47:55.986      54046, TransmogHoliday
9/28 04:47:55.986      54046, TradeSkillItem
9/28 04:47:55.986      54046, ItemSparse
9/28 04:47:55.986      54046, ItemSearchName
9/28 04:47:55.986      54046, Item
9/28 04:47:55.986      54050, SpellInterrupts
9/28 04:47:55.986      54050, SpellEffect
9/28 04:47:55.986      54050, Spell
9/28 04:47:55.986      54050, SpellXSpellVisual
9/28 04:47:55.986      54050, SpellName
9/28 04:47:55.986      54050, SpellCastingRequirements
9/28 04:47:55.986      54050, SpellMisc
9/28 04:47:55.986      54051, ItemSearchName
9/28 04:47:55.986      54051, Item
9/28 04:47:55.986      54051, TransmogHoliday
9/28 04:47:55.986      54051, TradeSkillItem
9/28 04:47:55.986      54051, ItemSparse
9/28 04:47:55.986      54051, ItemSearchName
9/28 04:47:55.986      54051, Item
9/28 04:47:55.986      54051, Item
9/28 04:47:55.986      54051, ItemSearchName
9/28 04:47:55.986      54051, ItemSparse
9/28 04:47:55.986      54051, TradeSkillItem
9/28 04:47:55.986      54051, TransmogHoliday
9/28 04:47:55.986      54051, TransmogHoliday
9/28 04:47:55.986      54051, TransmogHoliday
9/28 04:47:55.986      54051, TradeSkillItem
9/28 04:47:55.986      54051, ItemSparse
9/28 04:47:55.986      54051, ItemSearchName
9/28 04:47:55.986      54051, Item
9/28 04:47:55.986      54051, Item
9/28 04:47:55.986      54051, ItemSearchName
9/28 04:47:55.986      54051, ItemSparse
9/28 04:47:55.986      54051, TradeSkillItem
9/28 04:47:55.986      54051, TransmogHoliday
9/28 04:47:55.986      54051, TransmogHoliday
9/28 04:47:55.986      54051, TradeSkillItem
9/28 04:47:55.986      54051, ItemSparse
9/28 04:47:55.986      54051, ItemSearchName
9/28 04:47:55.986      54051, Item
9/28 04:47:55.986      54051, TradeSkillItem
9/28 04:47:55.986      54051, ItemSparse
9/28 04:47:55.986      54057, QuestPOIBlob
9/28 04:47:55.986      54057, QuestPOIBlob
9/28 04:47:55.986      54057, QuestPOIPoint
9/28 04:47:55.986      54057, Creature
9/28 04:47:55.986      54057, QuestPOIPoint
9/28 04:47:55.986      54057, QuestPOIBlob
9/28 04:47:55.986      54059, SpellCooldowns
9/28 04:47:55.986      54059, SpellCategories
9/28 04:47:55.986      54060, SpellEffect
9/28 04:47:55.986      54061, SpellEffect
9/28 04:47:55.986      54061, VehicleSeat
9/28 04:47:55.986      54062, SoundKitEntry
9/28 04:47:55.986      54062, SoundKitEntry
9/28 04:47:55.986      54062, SoundKitEntry
9/28 04:47:55.986      54062, SoundKitEntry
9/28 04:47:55.986      54062, SoundKitEntry
9/28 04:47:55.986      54062, SoundKitEntry
9/28 04:47:55.986      54063, CreatureDifficulty
9/28 04:47:55.986      54063, CreatureXDisplayInfo
9/28 04:47:55.986      54063, Creature
9/28 04:47:55.986      54063, CreatureDifficulty
9/28 04:47:55.986      54063, Creature
9/28 04:47:55.986      54063, Creature
9/28 04:47:55.986      54063, CreatureDifficulty
9/28 04:47:55.986      54063, Creature
9/28 04:47:55.986      54063, CreatureXDisplayInfo
9/28 04:47:55.986      54063, CreatureXDisplayInfo
9/28 04:47:55.986      54063, Creature
9/28 04:47:55.986      54063, Creature
9/28 04:47:55.986      54063, Creature
9/28 04:47:55.986      54063, CreatureDifficulty
9/28 04:47:55.986      54063, QuestV2
9/28 04:47:55.986      54063, QuestV2CliTask
9/28 04:47:55.986      54063, CreatureXDisplayInfo
9/28 04:47:55.986      54063, CreatureDifficulty
9/28 04:47:55.986      54063, CreatureDifficulty
9/28 04:47:55.986      54063, Creature
9/28 04:47:55.986      54063, CreatureDifficulty
9/28 04:47:55.986      54063, Creature
9/28 04:47:55.986      54063, CreatureXDisplayInfo
9/28 04:47:55.986      54063, CreatureXDisplayInfo
9/28 04:47:55.986      54063, CreatureDifficulty
9/28 04:47:55.986      54063, CreatureDifficulty
9/28 04:47:55.986      54063, CreatureXDisplayInfo
9/28 04:47:55.986      54063, CreatureDifficulty
9/28 04:47:55.986      54063, CreatureDifficulty
9/28 04:47:55.986      54063, CreatureXDisplayInfo
9/28 04:47:55.986      54063, Creature
9/28 04:47:55.986      54063, Creature
9/28 04:47:55.986      54063, CreatureXDisplayInfo
9/28 04:47:55.986      54064, TactKey
9/28 04:47:55.986      54064, TactKey
9/28 04:47:55.986      54064, TactKeyLookup
9/28 04:47:55.986      54064, TactKeyLookup
9/28 04:47:55.986      54064, TactKey
9/28 04:47:55.986      54064, TactKeyLookup
9/28 04:47:55.991  ---- UserClientHotfixRequest ----
9/28 04:47:55.991      53621, TactKey
9/28 04:47:55.991      53732, Unknown
9/28 04:47:55.991      53962, ModifierTree
9/28 04:47:55.991      53962, ModifierTree
9/28 04:47:55.991      53962, ModifierTree
9/28 04:47:55.991      53962, ModifierTree
9/28 04:47:55.991      53962, ModifierTree
9/28 04:47:55.991      53962, ModifierTree
9/28 04:47:55.991      53963, CreatureModelData
9/28 04:47:55.991      53965, QuestPOIPoint
9/28 04:47:55.991      53965, QuestPOIBlob
9/28 04:47:55.991      53966, QuestV2CliTask
9/28 04:47:55.991      53966, QuestV2CliTask
9/28 04:47:55.991      53967, QuestPOIBlob
9/28 04:47:55.991      53967, QuestPOIPoint
9/28 04:47:55.991      53968, AreaTriggerCreateProperties
9/28 04:47:55.991      53968, GameObjects
9/28 04:47:55.991      53968, Creature
9/28 04:47:55.991      53968, GameObjects
9/28 04:47:55.991      53968, GameObjects
9/28 04:47:55.991      53968, GameObjects
9/28 04:47:55.991      53968, GameObjects
9/28 04:47:55.991      53968, GameObjects
9/28 04:47:55.991      53968, GameObjects
9/28 04:47:55.991      53968, AreaTriggerActionSet
9/28 04:47:55.991      53968, GameObjects
9/28 04:47:55.991      53968, CreatureDifficulty
9/28 04:47:55.991      53968, GameObjects
9/28 04:47:55.991      53968, GameObjects
9/28 04:47:55.991      53968, GameObjects
9/28 04:47:55.991      53968, GameObjects
9/28 04:47:55.991      53968, GameObjects
9/28 04:47:55.991      53972, AreaTriggerCreateProperties
9/28 04:47:55.991      53975, AreaTriggerCreateProperties
9/28 04:47:55.991      53975, AreaTriggerBox
9/28 04:47:55.991      53975, AreaTriggerActionSet
9/28 04:47:55.991      53978, CreatureDifficulty
9/28 04:47:55.991      53978, CreatureDifficulty
9/28 04:47:55.991      53983, PlayerCondition
9/28 04:47:55.991      53983, QuestV2CliTask
9/28 04:47:55.991      53983, QuestV2CliTask
9/28 04:47:55.991      53984, ModifierTree
9/28 04:47:55.991      53984, ModifierTree
9/28 04:47:55.991      53984, ModifierTree
9/28 04:47:55.991      53985, QuestV2CliTask
9/28 04:47:55.991      53986, PlayerCondition
9/28 04:47:55.991      53986, QuestV2CliTask
9/28 04:47:55.991      53987, CreatureDifficulty
9/28 04:47:55.991      53989, PlayerCondition
9/28 04:47:55.991      53989, QuestV2CliTask
9/28 04:47:55.991      53989, QuestObjective
9/28 04:47:55.991      53992, QuestV2CliTask
9/28 04:47:55.991      53992, QuestV2CliTask
9/28 04:47:55.991      53992, QuestV2CliTask
9/28 04:47:55.991      53992, QuestV2CliTask
9/28 04:47:55.991      53992, QuestObjective
9/28 04:47:55.991      53992, QuestV2CliTask
9/28 04:47:55.991      53992, PlayerCondition
9/28 04:47:55.991      53992, PlayerCondition
9/28 04:47:55.991      53994, SpellLabel
9/28 04:47:55.991      54001, QuestV2CliTask
9/28 04:47:55.991      54001, QuestV2CliTask
9/28 04:47:55.991      54001, QuestV2CliTask
9/28 04:47:55.991      54001, QuestV2CliTask
9/28 04:47:55.991      54001, QuestV2CliTask
9/28 04:47:55.991      54001, QuestV2CliTask
9/28 04:47:55.991      54001, QuestV2CliTask
9/28 04:47:55.991      54001, QuestV2CliTask
9/28 04:47:55.991      54001, QuestV2CliTask
9/28 04:47:55.991      54001, QuestV2CliTask
9/28 04:47:55.991      54001, QuestV2CliTask
9/28 04:47:55.991      54001, QuestV2CliTask
9/28 04:47:55.991      54001, QuestV2CliTask
9/28 04:47:55.991      54001, QuestV2CliTask
9/28 04:47:55.991      54001, QuestV2CliTask
9/28 04:47:55.991      54001, QuestV2CliTask
9/28 04:47:55.991      54001, QuestV2CliTask
9/28 04:47:55.991      54001, QuestV2CliTask
9/28 04:47:55.991      54001, QuestV2CliTask
9/28 04:47:55.991      54001, QuestV2CliTask
9/28 04:47:55.991      54001, QuestV2CliTask
9/28 04:47:55.991      54001, QuestV2CliTask
9/28 04:47:55.991      54001, QuestV2CliTask
9/28 04:47:55.991      54001, QuestV2CliTask
9/28 04:47:55.991      54001, QuestV2CliTask
9/28 04:47:55.991      54001, QuestV2CliTask
9/28 04:47:55.991      54001, QuestV2CliTask
9/28 04:47:55.991      54001, QuestV2CliTask
9/28 04:47:55.991      54001, QuestV2CliTask
9/28 04:47:55.991      54001, QuestV2CliTask
9/28 04:47:55.991      54001, QuestV2CliTask
9/28 04:47:55.991      54001, QuestV2CliTask
9/28 04:47:55.991      54001, QuestV2CliTask
9/28 04:47:55.991      54001, QuestV2CliTask
9/28 04:47:55.991      54001, QuestV2CliTask
9/28 04:47:55.991      54001, QuestV2CliTask
9/28 04:47:55.991      54001, QuestV2CliTask
9/28 04:47:55.991      54001, QuestV2CliTask
9/28 04:47:55.991      54001, QuestV2CliTask
9/28 04:47:55.991      54001, QuestV2CliTask
9/28 04:47:55.991      54001, QuestV2CliTask
9/28 04:47:55.991      54001, QuestV2CliTask
9/28 04:47:55.991      54001, QuestV2CliTask
9/28 04:47:55.991      54001, QuestV2CliTask
9/28 04:47:55.991      54001, QuestV2CliTask
9/28 04:47:55.991      54001, QuestV2CliTask
9/28 04:47:55.991      54001, QuestV2CliTask
9/28 04:47:55.991      54001, QuestV2CliTask
9/28 04:47:55.991      54001, QuestV2CliTask
9/28 04:47:55.991      54001, QuestV2CliTask
9/28 04:47:55.991      54001, QuestV2CliTask
9/28 04:47:55.991      54001, QuestV2CliTask
9/28 04:47:55.991      54001, QuestV2CliTask
9/28 04:47:55.991      54001, QuestV2CliTask
9/28 04:47:55.991      54001, QuestV2CliTask
9/28 04:47:55.991      54001, QuestV2CliTask
9/28 04:47:55.991      54001, QuestV2CliTask
9/28 04:47:55.991      54001, QuestV2CliTask
9/28 04:47:55.991      54001, QuestV2CliTask
9/28 04:47:55.991      54001, QuestV2CliTask
9/28 04:47:55.991      54001, QuestV2CliTask
9/28 04:47:55.991      54001, QuestV2CliTask
9/28 04:47:55.991      54001, QuestV2CliTask
9/28 04:47:55.991      54001, QuestV2CliTask
9/28 04:47:55.991      54001, QuestV2CliTask
9/28 04:47:55.991      54001, QuestV2CliTask
9/28 04:47:55.991      54001, QuestV2CliTask
9/28 04:47:55.991      54001, QuestV2CliTask
9/28 04:47:55.991      54001, QuestV2CliTask
9/28 04:47:55.991      54001, QuestV2CliTask
9/28 04:47:55.991      54001, QuestV2CliTask
9/28 04:47:55.991      54001, QuestV2CliTask
9/28 04:47:55.991      54001, QuestV2CliTask
9/28 04:47:55.991      54001, QuestV2CliTask
9/28 04:47:55.991      54001, QuestV2CliTask
9/28 04:47:55.991      54002, ModelFileData
9/28 04:47:55.991      54003, PlayerCondition
9/28 04:47:55.991      54008, ItemBonusTreeNode
9/28 04:47:55.991      54008, ItemBonusTreeNode
9/28 04:47:55.991      54008, ItemBonusTreeNode
9/28 04:47:55.991      54008, ItemBonusTreeNode
9/28 04:47:55.991      54008, ItemBonusTreeNode
9/28 04:47:55.991      54008, ItemBonusTreeNode
9/28 04:47:55.991      54008, ItemBonusTreeNode
9/28 04:47:55.991      54008, ItemBonusTreeNode
9/28 04:47:55.991      54008, ItemBonusTreeNode
9/28 04:47:55.991      54010, CreatureDifficulty
9/28 04:47:55.991      54010, CreatureDifficulty
9/28 04:47:55.991      54018, CreatureDifficulty
9/28 04:47:55.991      54018, CreatureDifficulty
9/28 04:47:55.991      54018, CreatureDifficulty
9/28 04:47:55.991      54018, CreatureDifficulty
9/28 04:47:55.991      54018, CreatureDifficulty
9/28 04:47:55.991      54018, CreatureDifficulty
9/28 04:47:55.991      54018, CreatureDifficulty
9/28 04:47:55.991      54018, CreatureDifficulty
9/28 04:47:55.991      54019, CreatureDifficulty
9/28 04:47:55.991      54020, PlayerCondition
9/28 04:47:55.991      54020, PlayerCondition
9/28 04:47:55.991      54021, GameObjects
9/28 04:47:55.991      54026, CurvePoint
9/28 04:47:55.991      54026, CurvePoint
9/28 04:47:55.991      54026, CurvePoint
9/28 04:47:55.991      54033, PlayerCondition
9/28 04:47:55.991      54033, PlayerCondition
9/28 04:47:55.991      54033, WaypointSafeLocs
9/28 04:47:55.991      54034, QuestV2
9/28 04:47:55.991      54034, QuestV2CliTask
9/28 04:47:55.991      54034, QuestV2CliTask
9/28 04:47:55.991      54034, QuestV2CliTask
9/28 04:47:55.991      54034, QuestV2
9/28 04:47:55.991      54034, QuestV2CliTask
9/28 04:47:55.991      54038, ModifierTree
9/28 04:47:55.991      54038, QuestV2CliTask
9/28 04:47:55.991      54038, PlayerCondition
9/28 04:47:55.991      54038, ModifierTree
9/28 04:47:55.991      54038, QuestV2CliTask
9/28 04:47:55.991      54038, ModifierTree
9/28 04:47:55.991      54039, CreatureDifficulty
9/28 04:47:55.991      54044, SpellAuraOptions
9/28 04:47:55.991      54046, TransmogHoliday
9/28 04:47:55.991      54046, TradeSkillItem
9/28 04:47:55.991      54046, ItemSearchName
9/28 04:47:55.991      54051, ItemSearchName
9/28 04:47:55.991      54051, TransmogHoliday
9/28 04:47:55.991      54051, TradeSkillItem
9/28 04:47:55.991      54051, ItemSearchName
9/28 04:47:55.991      54051, ItemSearchName
9/28 04:47:55.991      54051, TradeSkillItem
9/28 04:47:55.991      54051, TransmogHoliday
9/28 04:47:55.991      54051, TransmogHoliday
9/28 04:47:55.991      54051, TransmogHoliday
9/28 04:47:55.991      54051, TradeSkillItem
9/28 04:47:55.991      54051, ItemSearchName
9/28 04:47:55.991      54051, ItemSearchName
9/28 04:47:55.991      54051, TradeSkillItem
9/28 04:47:55.991      54051, TransmogHoliday
9/28 04:47:55.991      54051, TransmogHoliday
9/28 04:47:55.991      54051, TradeSkillItem
9/28 04:47:55.991      54051, ItemSearchName
9/28 04:47:55.991      54051, TradeSkillItem
9/28 04:47:55.991      54057, Creature
9/28 04:47:55.991      54062, SoundKitEntry
9/28 04:47:55.991      54062, SoundKitEntry
9/28 04:47:55.991      54062, SoundKitEntry
9/28 04:47:55.991      54063, CreatureDifficulty
9/28 04:47:55.991      54063, Creature
9/28 04:47:55.991      54063, CreatureDifficulty
9/28 04:47:55.991      54063, Creature
9/28 04:47:55.991      54063, Creature
9/28 04:47:55.991      54063, CreatureDifficulty
9/28 04:47:55.991      54063, Creature
9/28 04:47:55.991      54063, Creature
9/28 04:47:55.991      54063, Creature
9/28 04:47:55.991      54063, Creature
9/28 04:47:55.991      54063, CreatureDifficulty
9/28 04:47:55.991      54063, QuestV2CliTask
9/28 04:47:55.991      54063, CreatureDifficulty
9/28 04:47:55.991      54063, CreatureDifficulty
9/28 04:47:55.991      54063, Creature
9/28 04:47:55.991      54063, CreatureDifficulty
9/28 04:47:55.991      54063, Creature
9/28 04:47:55.991      54063, CreatureDifficulty
9/28 04:47:55.991      54063, CreatureDifficulty
9/28 04:47:55.991      54063, CreatureDifficulty
9/28 04:47:55.991      54063, CreatureDifficulty
9/28 04:47:55.991      54063, Creature
9/28 04:47:55.991      54063, Creature
9/28 04:47:56.035  ---- ApplyingHotfixes from Cache ----
9/28 04:47:56.035  	53061 Table TactKeyLookup RecID 263 valid
9/28 04:47:56.035  	53061 Table TactKey RecID 263 valid
9/28 04:47:56.035  	53620 Table TactKeyLookup RecID 276 valid
9/28 04:47:56.035  	53620 Table TactKey RecID 276 valid
9/28 04:47:56.035  	53621 Table TactKeyLookup RecID 277 valid
9/28 04:47:56.035  	53699 Table Toy RecID 899 valid
9/28 04:47:56.035  	53940 Table Spell RecID 280752 valid
9/28 04:47:56.035  	53940 Table SpellName RecID 280752 valid
9/28 04:47:56.035  	53953 Table Criteria RecID 46801 valid
9/28 04:47:56.035  	53957 Table SpellName RecID 304014 valid
9/28 04:47:56.035  	53957 Table Spell RecID 304014 valid
9/28 04:47:56.035  	53957 Table SpellName RecID 300969 valid
9/28 04:47:56.035  	53957 Table Spell RecID 300969 valid
9/28 04:47:56.035  	53959 Table Spell RecID 313503 valid
9/28 04:47:56.035  	53959 Table SpellCastingRequirements RecID 137355 valid
9/28 04:47:56.035  	53959 Table SpellEffect RecID 795871 valid
9/28 04:47:56.035  	53959 Table SpellName RecID 313503 valid
9/28 04:47:56.035  	53959 Table SpellMisc RecID 388067 valid
9/28 04:47:56.035  	53959 Table SpellInterrupts RecID 144710 valid
9/28 04:47:56.035  	53959 Table SpellMisc RecID 375323 valid
9/28 04:47:56.035  	53962 Table ModifierTree RecID 119350 valid
9/28 04:47:56.035  	53962 Table ModifierTree RecID 112476 valid
9/28 04:47:56.035  	53963 Table CreatureModelData RecID 11848 valid
9/28 04:47:56.035  	53966 Table QuestV2 RecID 11118 valid
9/28 04:47:56.035  	53966 Table QuestV2 RecID 11120 valid
9/28 04:47:56.035  	53968 Table CreatureXDisplayInfo RecID 64662 valid
9/28 04:47:56.035  	53968 Table SpellMisc RecID 26598 valid
9/28 04:47:56.035  	53973 Table SpellMisc RecID 377164 valid
9/28 04:47:56.035  	53979 Table SpellMisc RecID 189868 valid
9/28 04:47:56.035  	53983 Table QuestV2 RecID 56185 valid
9/28 04:47:56.035  	53983 Table ModifierTree RecID 119469 valid
9/28 04:47:56.035  	53983 Table ModifierTree RecID 119470 valid
9/28 04:47:56.035  	53983 Table QuestV2 RecID 56267 valid
9/28 04:47:56.035  	53983 Table ModifierTree RecID 119468 valid
9/28 04:47:56.035  	53984 Table ModifierTree RecID 89808 valid
9/28 04:47:56.035  	53984 Table ModifierTree RecID 90581 valid
9/28 04:47:56.035  	53984 Table ModifierTree RecID 116530 valid
9/28 04:47:56.035  	53984 Table ModifierTree RecID 90582 valid
9/28 04:47:56.035  	53984 Table ModifierTree RecID 98943 valid
9/28 04:47:56.035  	53984 Table ModifierTree RecID 90580 valid
9/28 04:47:56.035  	53984 Table ModifierTree RecID 90583 valid
9/28 04:47:56.035  	53984 Table ModifierTree RecID 84515 valid
9/28 04:47:56.035  	53984 Table ModifierTree RecID 115111 valid
9/28 04:47:56.035  	53984 Table ModifierTree RecID 89605 valid
9/28 04:47:56.035  	53986 Table ModifierTree RecID 119471 valid
9/28 04:47:56.035  	53986 Table ModifierTree RecID 119472 valid
9/28 04:47:56.035  	53988 Table GlobalStrings RecID 41920 valid
9/28 04:47:56.035  	53988 Table GlobalStrings RecID 41929 valid
9/28 04:47:56.035  	53988 Table GlobalStrings RecID 41919 valid
9/28 04:47:56.035  	53989 Table SpellMisc RecID 388305 valid
9/28 04:47:56.035  	53989 Table QuestV2 RecID 58417 valid
9/28 04:47:56.035  	53989 Table ModifierTree RecID 119474 valid
9/28 04:47:56.035  	53989 Table GarrMission RecID 2123 valid
9/28 04:47:56.035  	53989 Table SpellEffect RecID 796275 valid
9/28 04:47:56.035  	53989 Table CriteriaTree RecID 82827 valid
9/28 04:47:56.035  	53989 Table ModifierTree RecID 119478 valid
9/28 04:47:56.035  	53989 Table ModifierTree RecID 119473 valid
9/28 04:47:56.035  	53989 Table SpellName RecID 313730 valid
9/28 04:47:56.035  	53989 Table Spell RecID 313730 valid
9/28 04:47:56.035  	53989 Table CriteriaTree RecID 79460 valid
9/28 04:47:56.035  	53989 Table Criteria RecID 46803 valid
9/28 04:47:56.035  	53990 Table SceneScript RecID 21853 valid
9/28 04:47:56.035  	53990 Table SceneScriptText RecID 21853 valid
9/28 04:47:56.035  	53990 Table SceneScriptText RecID 21953 valid
9/28 04:47:56.035  	53990 Table SceneScriptGlobalText RecID 21954 valid
9/28 04:47:56.035  	53990 Table SceneScriptGlobalText RecID 21853 valid
9/28 04:47:56.035  	53990 Table SceneScript RecID 21954 valid
9/28 04:47:56.035  	53990 Table SceneScriptText RecID 21954 valid
9/28 04:47:56.035  	53990 Table SceneScriptGlobalText RecID 21953 valid
9/28 04:47:56.035  	53990 Table SceneScript RecID 21953 valid
9/28 04:47:56.035  	53992 Table Criteria RecID 46805 valid
9/28 04:47:56.035  	53992 Table CriteriaTree RecID 82829 valid
9/28 04:47:56.035  	53992 Table SpellName RecID 313727 valid
9/28 04:47:56.035  	53992 Table Spell RecID 313727 valid
9/28 04:47:56.035  	53992 Table ModifierTree RecID 119480 valid
9/28 04:47:56.035  	53992 Table CriteriaTree RecID 82828 valid
9/28 04:47:56.035  	53992 Table QuestV2 RecID 56719 valid
9/28 04:47:56.035  	53992 Table ModifierTree RecID 119483 valid
9/28 04:47:56.035  	53992 Table SpellEffect RecID 796284 valid
9/28 04:47:56.035  	53992 Table QuestV2 RecID 56494 valid
9/28 04:47:56.035  	53992 Table CriteriaTree RecID 82830 valid
9/28 04:47:56.035  	53992 Table GarrMission RecID 2124 valid
9/28 04:47:56.035  	53992 Table Criteria RecID 46804 valid
9/28 04:47:56.035  	53992 Table ModifierTree RecID 119481 valid
9/28 04:47:56.035  	53992 Table SpellMisc RecID 388314 valid
9/28 04:47:56.035  	53992 Table ModifierTree RecID 119482 valid
9/28 04:47:56.035  	53992 Table ModifierTree RecID 119479 valid
9/28 04:47:56.035  	53992 Table ModifierTree RecID 119484 valid
9/28 04:47:56.035  	53992 Table SpellEffect RecID 796276 valid
9/28 04:47:56.035  	53992 Table SpellEffect RecID 796271 valid
9/28 04:47:56.035  	53994 Table Spell RecID 212198 valid
9/28 04:47:56.035  	53994 Table SpellCooldowns RecID 24481 valid
9/28 04:47:56.035  	53994 Table SpellCategories RecID 54437 valid
9/28 04:47:56.035  	53994 Table SpellShapeshift RecID 4721 valid
9/28 04:47:56.035  	53994 Table SpellClassOptions RecID 26648 valid
9/28 04:47:56.035  	53994 Table SpellEffect RecID 314567 valid
9/28 04:47:56.035  	53994 Table SpellMisc RecID 186224 valid
9/28 04:47:56.035  	53994 Table SpellName RecID 212198 valid
9/28 04:47:56.035  	53994 Table SpellXSpellVisual RecID 99563 valid
9/28 04:47:56.035  	53997 Table SpellItemEnchantment RecID 6109 valid
9/28 04:47:56.035  	53997 Table SpellItemEnchantment RecID 6111 valid
9/28 04:47:56.035  	53997 Table SpellItemEnchantment RecID 6110 valid
9/28 04:47:56.035  	53997 Table SpellItemEnchantment RecID 6108 valid
9/28 04:47:56.035  	54000 Table ModifierTree RecID 109456 valid
9/28 04:47:56.035  	54000 Table ModifierTree RecID 119488 valid
9/28 04:47:56.035  	54000 Table ModifierTree RecID 119489 valid
9/28 04:47:56.035  	54000 Table ModifierTree RecID 109457 valid
9/28 04:47:56.035  	54001 Table QuestV2 RecID 54897 valid
9/28 04:47:56.035  	54001 Table QuestV2 RecID 54067 valid
9/28 04:47:56.035  	54001 Table QuestV2 RecID 53494 valid
9/28 04:47:56.035  	54001 Table QuestV2 RecID 55433 valid
9/28 04:47:56.035  	54001 Table QuestV2 RecID 55444 valid
9/28 04:47:56.035  	54001 Table QuestV2 RecID 54906 valid
9/28 04:47:56.035  	54001 Table QuestV2 RecID 57255 valid
9/28 04:47:56.035  	54001 Table QuestV2 RecID 54080 valid
9/28 04:47:56.035  	54001 Table QuestV2 RecID 53491 valid
9/28 04:47:56.035  	54001 Table QuestV2 RecID 54072 valid
9/28 04:47:56.035  	54001 Table QuestV2 RecID 55441 valid
9/28 04:47:56.035  	54001 Table QuestV2 RecID 54063 valid
9/28 04:47:56.035  	54001 Table QuestV2 RecID 54903 valid
9/28 04:47:56.035  	54001 Table QuestV2 RecID 54062 valid
9/28 04:47:56.035  	54001 Table QuestV2 RecID 54902 valid
9/28 04:47:56.035  	54001 Table QuestV2 RecID 55431 valid
9/28 04:47:56.035  	54001 Table QuestV2 RecID 54069 valid
9/28 04:47:56.035  	54001 Table QuestV2 RecID 55438 valid
9/28 04:47:56.035  	54001 Table QuestV2 RecID 54076 valid
9/28 04:47:56.035  	54001 Table QuestV2 RecID 53482 valid
9/28 04:47:56.035  	54001 Table QuestV2 RecID 54066 valid
9/28 04:47:56.035  	54001 Table QuestV2 RecID 53489 valid
9/28 04:47:56.035  	54001 Table QuestV2 RecID 55432 valid
9/28 04:47:56.035  	54001 Table QuestV2 RecID 54073 valid
9/28 04:47:56.035  	54001 Table QuestV2 RecID 54070 valid
9/28 04:47:56.035  	54001 Table QuestV2 RecID 53479 valid
9/28 04:47:56.035  	54001 Table QuestV2 RecID 57251 valid
9/28 04:47:56.035  	54001 Table QuestV2 RecID 54077 valid
9/28 04:47:56.035  	54001 Table QuestV2 RecID 53483 valid
9/28 04:47:56.035  	54001 Table QuestV2 RecID 53484 valid
9/28 04:47:56.035  	54001 Table QuestV2 RecID 54061 valid
9/28 04:47:56.035  	54001 Table QuestV2 RecID 55447 valid
9/28 04:47:56.035  	54001 Table QuestV2 RecID 57254 valid
9/28 04:47:56.035  	54001 Table QuestV2 RecID 54071 valid
9/28 04:47:56.035  	54001 Table QuestV2 RecID 55448 valid
9/28 04:47:56.035  	54001 Table QuestV2 RecID 54905 valid
9/28 04:47:56.035  	54001 Table QuestV2 RecID 55440 valid
9/28 04:47:56.035  	54001 Table QuestV2 RecID 53349 valid
9/28 04:47:56.035  	54001 Table QuestV2 RecID 57252 valid
9/28 04:47:56.035  	54001 Table QuestV2 RecID 53495 valid
9/28 04:47:56.035  	54001 Table QuestV2 RecID 53496 valid
9/28 04:47:56.035  	54001 Table QuestV2 RecID 53488 valid
9/28 04:47:56.035  	54001 Table QuestV2 RecID 54899 valid
9/28 04:47:56.035  	54001 Table QuestV2 RecID 55449 valid
9/28 04:47:56.035  	54001 Table QuestV2 RecID 55446 valid
9/28 04:47:56.035  	54001 Table QuestV2 RecID 53493 valid
9/28 04:47:56.035  	54001 Table QuestV2 RecID 54900 valid
9/28 04:47:56.035  	54001 Table QuestV2 RecID 54064 valid
9/28 04:47:56.035  	54001 Table QuestV2 RecID 57253 valid
9/28 04:47:56.035  	54001 Table QuestV2 RecID 53492 valid
9/28 04:47:56.035  	54001 Table QuestV2 RecID 55450 valid
9/28 04:47:56.035  	54001 Table QuestV2 RecID 54904 valid
9/28 04:47:56.035  	54001 Table QuestV2 RecID 54079 valid
9/28 04:47:56.035  	54001 Table QuestV2 RecID 54068 valid
9/28 04:47:56.035  	54001 Table QuestV2 RecID 54901 valid
9/28 04:47:56.035  	54001 Table QuestV2 RecID 53487 valid
9/28 04:47:56.035  	54001 Table QuestV2 RecID 55434 valid
9/28 04:47:56.035  	54001 Table QuestV2 RecID 55437 valid
9/28 04:47:56.035  	54001 Table QuestV2 RecID 54898 valid
9/28 04:47:56.035  	54001 Table QuestV2 RecID 54065 valid
9/28 04:47:56.035  	54001 Table QuestV2 RecID 53481 valid
9/28 04:47:56.035  	54001 Table QuestV2 RecID 55439 valid
9/28 04:47:56.035  	54001 Table QuestV2 RecID 53478 valid
9/28 04:47:56.035  	54001 Table QuestV2 RecID 53480 valid
9/28 04:47:56.035  	54001 Table QuestV2 RecID 53485 valid
9/28 04:47:56.035  	54001 Table QuestV2 RecID 55442 valid
9/28 04:47:56.035  	54001 Table QuestV2 RecID 55445 valid
9/28 04:47:56.035  	54001 Table QuestV2 RecID 54078 valid
9/28 04:47:56.035  	54001 Table QuestV2 RecID 55435 valid
9/28 04:47:56.035  	54001 Table QuestV2 RecID 53486 valid
9/28 04:47:56.035  	54001 Table QuestV2 RecID 55436 valid
9/28 04:47:56.035  	54001 Table QuestV2 RecID 54075 valid
9/28 04:47:56.035  	54001 Table QuestV2 RecID 53490 valid
9/28 04:47:56.035  	54001 Table QuestV2 RecID 54074 valid
9/28 04:47:56.035  	54001 Table QuestV2 RecID 55443 valid
9/28 04:47:56.035  	54002 Table CreatureModelData RecID 832 valid
9/28 04:47:56.035  	54003 Table ModifierTree RecID 119496 valid
9/28 04:47:56.035  	54003 Table SpellName RecID 313771 valid
9/28 04:47:56.035  	54003 Table Spell RecID 313771 valid
9/28 04:47:56.035  	54003 Table SpellMisc RecID 388347 valid
9/28 04:47:56.035  	54003 Table ModifierTree RecID 119495 valid
9/28 04:47:56.035  	54003 Table ModifierTree RecID 119497 valid
9/28 04:47:56.035  	54003 Table SpellEffect RecID 796355 valid
9/28 04:47:56.035  	54003 Table SpellEffect RecID 796354 valid
9/28 04:47:56.035  	54004 Table CombatCondition RecID 1797 valid
9/28 04:47:56.035  	54008 Table ItemBonusTreeNode RecID 9094 valid
9/28 04:47:56.035  	54008 Table ItemBonusTreeNode RecID 9099 valid
9/28 04:47:56.035  	54008 Table ItemBonusTreeNode RecID 9100 valid
9/28 04:47:56.035  	54008 Table ItemBonusTreeNode RecID 9095 valid
9/28 04:47:56.035  	54008 Table ItemBonusTreeNode RecID 9098 valid
9/28 04:47:56.035  	54008 Table ItemBonusTreeNode RecID 9101 valid
9/28 04:47:56.035  	54008 Table ItemBonusTreeNode RecID 9096 valid
9/28 04:47:56.035  	54008 Table ItemBonusTreeNode RecID 9026 valid
9/28 04:47:56.035  	54008 Table ItemBonusTreeNode RecID 9097 valid
9/28 04:47:56.035  	54009 Table SpellEffect RecID 280153 valid
9/28 04:47:56.035  	54009 Table SpellEffect RecID 280156 valid
9/28 04:47:56.035  	54011 Table SpellMisc RecID 77662 valid
9/28 04:47:56.035  	54013 Table ModifierTree RecID 116238 valid
9/28 04:47:56.035  	54014 Table SpellEffect RecID 72872 valid
9/28 04:47:56.035  	54014 Table SpellMisc RecID 51930 valid
9/28 04:47:56.035  	54020 Table ModifierTree RecID 24797 valid
9/28 04:47:56.035  	54020 Table ModifierTree RecID 24796 valid
9/28 04:47:56.035  	54020 Table ModifierTree RecID 119568 valid
9/28 04:47:56.035  	54020 Table ModifierTree RecID 24773 valid
9/28 04:47:56.035  	54020 Table ModifierTree RecID 24792 valid
9/28 04:47:56.035  	54020 Table ModifierTree RecID 24769 valid
9/28 04:47:56.035  	54020 Table ModifierTree RecID 24799 valid
9/28 04:47:56.035  	54020 Table ModifierTree RecID 24794 valid
9/28 04:47:56.035  	54020 Table ModifierTree RecID 119566 valid
9/28 04:47:56.035  	54020 Table ModifierTree RecID 24788 valid
9/28 04:47:56.035  	54020 Table ModifierTree RecID 24772 valid
9/28 04:47:56.035  	54020 Table ModifierTree RecID 24790 valid
9/28 04:47:56.035  	54020 Table ModifierTree RecID 24801 valid
9/28 04:47:56.035  	54020 Table ModifierTree RecID 24783 valid
9/28 04:47:56.035  	54020 Table ModifierTree RecID 24784 valid
9/28 04:47:56.035  	54020 Table ModifierTree RecID 24787 valid
9/28 04:47:56.035  	54020 Table ModifierTree RecID 24777 valid
9/28 04:47:56.035  	54020 Table ModifierTree RecID 24779 valid
9/28 04:47:56.035  	54020 Table ModifierTree RecID 24782 valid
9/28 04:47:56.035  	54020 Table ModifierTree RecID 24781 valid
9/28 04:47:56.035  	54020 Table ModifierTree RecID 24791 valid
9/28 04:47:56.035  	54020 Table ModifierTree RecID 24802 valid
9/28 04:47:56.035  	54020 Table ModifierTree RecID 24804 valid
9/28 04:47:56.035  	54020 Table ModifierTree RecID 119565 valid
9/28 04:47:56.035  	54020 Table ModifierTree RecID 24780 valid
9/28 04:47:56.035  	54020 Table ModifierTree RecID 24770 valid
9/28 04:47:56.035  	54020 Table ModifierTree RecID 24793 valid
9/28 04:47:56.035  	54020 Table ModifierTree RecID 24785 valid
9/28 04:47:56.035  	54020 Table ModifierTree RecID 24778 valid
9/28 04:47:56.035  	54020 Table ModifierTree RecID 24789 valid
9/28 04:47:56.035  	54020 Table ModifierTree RecID 24800 valid
9/28 04:47:56.035  	54020 Table ModifierTree RecID 24774 valid
9/28 04:47:56.035  	54020 Table ModifierTree RecID 119567 valid
9/28 04:47:56.035  	54020 Table ModifierTree RecID 24803 valid
9/28 04:47:56.035  	54020 Table ModifierTree RecID 24786 valid
9/28 04:47:56.035  	54020 Table ModifierTree RecID 24795 valid
9/28 04:47:56.035  	54020 Table ModifierTree RecID 24767 valid
9/28 04:47:56.035  	54020 Table ModifierTree RecID 24771 valid
9/28 04:47:56.035  	54020 Table ModifierTree RecID 24775 valid
9/28 04:47:56.035  	54020 Table ModifierTree RecID 24776 valid
9/28 04:47:56.035  	54020 Table ModifierTree RecID 24768 valid
9/28 04:47:56.035  	54020 Table ModifierTree RecID 24798 valid
9/28 04:47:56.035  	54022 Table SpellMisc RecID 31655 valid
9/28 04:47:56.035  	54022 Table SpellMisc RecID 31654 valid
9/28 04:47:56.035  	54022 Table SpellMisc RecID 31570 valid
9/28 04:47:56.035  	54033 Table ModifierTree RecID 119614 valid
9/28 04:47:56.035  	54033 Table ModifierTree RecID 119612 valid
9/28 04:47:56.035  	54033 Table ModifierTree RecID 119613 valid
9/28 04:47:56.035  	54033 Table ModifierTree RecID 119615 valid
9/28 04:47:56.035  	54033 Table PlayerCondition RecID 63423 valid
9/28 04:47:56.035  	54026 Table CurvePoint RecID 6544 valid
9/28 04:47:56.035  	54026 Table CurvePoint RecID 6531 valid
9/28 04:47:56.035  	54026 Table CurvePoint RecID 6520 valid
9/28 04:47:56.035  	54026 Table CurvePoint RecID 6537 valid
9/28 04:47:56.035  	54026 Table CurvePoint RecID 6549 valid
9/28 04:47:56.035  	54026 Table CurvePoint RecID 6516 valid
9/28 04:47:56.035  	54026 Table CurvePoint RecID 6557 valid
9/28 04:47:56.035  	54026 Table CurvePoint RecID 6542 valid
9/28 04:47:56.035  	54026 Table CurvePoint RecID 6545 valid
9/28 04:47:56.035  	54026 Table CurvePoint RecID 6534 valid
9/28 04:47:56.035  	54026 Table CurvePoint RecID 6555 valid
9/28 04:47:56.035  	54026 Table CurvePoint RecID 6550 valid
9/28 04:47:56.035  	54026 Table CurvePoint RecID 6514 valid
9/28 04:47:56.035  	54026 Table CurvePoint RecID 6551 valid
9/28 04:47:56.035  	54026 Table CurvePoint RecID 6533 valid
9/28 04:47:56.035  	54026 Table CurvePoint RecID 6538 valid
9/28 04:47:56.035  	54026 Table CurvePoint RecID 6523 valid
9/28 04:47:56.035  	54026 Table CurvePoint RecID 6541 valid
9/28 04:47:56.035  	54026 Table CurvePoint RecID 6558 valid
9/28 04:47:56.035  	54026 Table CurvePoint RecID 6532 valid
9/28 04:47:56.035  	54026 Table CurvePoint RecID 6539 valid
9/28 04:47:56.035  	54026 Table CurvePoint RecID 6553 valid
9/28 04:47:56.035  	54026 Table CurvePoint RecID 6560 valid
9/28 04:47:56.035  	54026 Table CurvePoint RecID 6547 valid
9/28 04:47:56.035  	54026 Table CurvePoint RecID 6519 valid
9/28 04:47:56.035  	54026 Table CurvePoint RecID 6513 valid
9/28 04:47:56.035  	54026 Table CurvePoint RecID 6526 valid
9/28 04:47:56.035  	54026 Table CurvePoint RecID 6536 valid
9/28 04:47:56.035  	54026 Table CurvePoint RecID 6525 valid
9/28 04:47:56.035  	54026 Table Curve RecID 1748 valid
9/28 04:47:56.035  	54026 Table CurvePoint RecID 6552 valid
9/28 04:47:56.035  	54026 Table Curve RecID 1749 valid
9/28 04:47:56.035  	54026 Table CurvePoint RecID 6512 valid
9/28 04:47:56.035  	54026 Table CurvePoint RecID 6548 valid
9/28 04:47:56.035  	54026 Table CurvePoint RecID 6515 valid
9/28 04:47:56.035  	54026 Table CurvePoint RecID 6522 valid
9/28 04:47:56.035  	54026 Table CurvePoint RecID 6554 valid
9/28 04:47:56.035  	54026 Table CurvePoint RecID 6559 valid
9/28 04:47:56.035  	54026 Table CurvePoint RecID 6517 valid
9/28 04:47:56.035  	54026 Table Curve RecID 1746 valid
9/28 04:47:56.035  	54026 Table CurvePoint RecID 6540 valid
9/28 04:47:56.035  	54026 Table CurvePoint RecID 6561 valid
9/28 04:47:56.035  	54026 Table CurvePoint RecID 6521 valid
9/28 04:47:56.035  	54026 Table CurvePoint RecID 6518 valid
9/28 04:47:56.035  	54026 Table CurvePoint RecID 6543 valid
9/28 04:47:56.035  	54026 Table CurvePoint RecID 6556 valid
9/28 04:47:56.035  	54026 Table CurvePoint RecID 6535 valid
9/28 04:47:56.035  	54026 Table CurvePoint RecID 6524 valid
9/28 04:47:56.035  	54031 Table CurvePoint RecID 48331 valid
9/28 04:47:56.035  	54031 Table CurvePoint RecID 6653 valid
9/28 04:47:56.035  	54031 Table CurvePoint RecID 5658 valid
9/28 04:47:56.035  	54031 Table Curve RecID 1759 valid
9/28 04:47:56.035  	54031 Table CurvePoint RecID 48317 valid
9/28 04:47:56.035  	54031 Table CurvePoint RecID 6173 valid
9/28 04:47:56.035  	54031 Table CurvePoint RecID 6656 valid
9/28 04:47:56.035  	54031 Table CurvePoint RecID 6616 valid
9/28 04:47:56.035  	54031 Table CurvePoint RecID 6023 valid
9/28 04:47:56.035  	54031 Table CurvePoint RecID 48323 valid
9/28 04:47:56.035  	54031 Table CurvePoint RecID 6615 valid
9/28 04:47:56.035  	54031 Table CurvePoint RecID 48319 valid
9/28 04:47:56.035  	54031 Table CurvePoint RecID 6642 valid
9/28 04:47:56.035  	54031 Table CurvePoint RecID 6020 valid
9/28 04:47:56.035  	54031 Table CurvePoint RecID 6601 valid
9/28 04:47:56.035  	54031 Table CurvePoint RecID 6604 valid
9/28 04:47:56.035  	54031 Table CurvePoint RecID 6628 valid
9/28 04:47:56.035  	54031 Table CurvePoint RecID 48325 valid
9/28 04:47:56.035  	54031 Table CurvePoint RecID 48332 valid
9/28 04:47:56.035  	54031 Table CurvePoint RecID 6170 valid
9/28 04:47:56.035  	54031 Table CurvePoint RecID 48322 valid
9/28 04:47:56.035  	54031 Table Curve RecID 1558 valid
9/28 04:47:56.035  	54031 Table CurvePoint RecID 48321 valid
9/28 04:47:56.035  	54031 Table CurvePoint RecID 6655 valid
9/28 04:47:56.035  	54031 Table CurvePoint RecID 6021 valid
9/28 04:47:56.035  	54031 Table CurvePoint RecID 6602 valid
9/28 04:47:56.035  	54031 Table CurvePoint RecID 48327 valid
9/28 04:47:56.035  	54031 Table CurvePoint RecID 5657 valid
9/28 04:47:56.035  	54031 Table Curve RecID 1756 valid
9/28 04:47:56.035  	54031 Table CurvePoint RecID 48320 valid
9/28 04:47:56.035  	54031 Table Curve RecID 1758 valid
9/28 04:47:56.035  	54031 Table CurvePoint RecID 48316 valid
9/28 04:47:56.035  	54031 Table CurvePoint RecID 6614 valid
9/28 04:47:56.035  	54031 Table CurvePoint RecID 48315 valid
9/28 04:47:56.035  	54031 Table CurvePoint RecID 6627 valid
9/28 04:47:56.035  	54031 Table CurvePoint RecID 6617 valid
9/28 04:47:56.035  	54031 Table CurvePoint RecID 5656 valid
9/28 04:47:56.035  	54031 Table CurvePoint RecID 5655 valid
9/28 04:47:56.035  	54031 Table CurvePoint RecID 6669 valid
9/28 04:47:56.035  	54031 Table CurvePoint RecID 6630 valid
9/28 04:47:56.035  	54031 Table Curve RecID 1688 valid
9/28 04:47:56.035  	54031 Table Curve RecID 1760 valid
9/28 04:47:56.035  	54031 Table CurvePoint RecID 6643 valid
9/28 04:47:56.035  	54031 Table CurvePoint RecID 48330 valid
9/28 04:47:56.035  	54031 Table CurvePoint RecID 48328 valid
9/28 04:47:56.035  	54031 Table CurvePoint RecID 6640 valid
9/28 04:47:56.035  	54031 Table CurvePoint RecID 6668 valid
9/28 04:47:56.035  	54031 Table CurvePoint RecID 6667 valid
9/28 04:47:56.035  	54031 Table CurvePoint RecID 6629 valid
9/28 04:47:56.035  	54031 Table Curve RecID 1648 valid
9/28 04:47:56.035  	54031 Table Curve RecID 1761 valid
9/28 04:47:56.035  	54031 Table CurvePoint RecID 48324 valid
9/28 04:47:56.035  	54031 Table CurvePoint RecID 6172 valid
9/28 04:47:56.035  	54031 Table CurvePoint RecID 6654 valid
9/28 04:47:56.035  	54031 Table CurvePoint RecID 48329 valid
9/28 04:47:56.035  	54031 Table CurvePoint RecID 48318 valid
9/28 04:47:56.035  	54031 Table CurvePoint RecID 48326 valid
9/28 04:47:56.035  	54031 Table CurvePoint RecID 6666 valid
9/28 04:47:56.035  	54031 Table CurvePoint RecID 6603 valid
9/28 04:47:56.035  	54031 Table CurvePoint RecID 6641 valid
9/28 04:47:56.035  	54031 Table Curve RecID 1757 valid
9/28 04:47:56.035  	54034 Table QuestV2 RecID 50625 valid
9/28 04:47:56.035  	54034 Table QuestV2 RecID 50626 valid
9/28 04:47:56.035  	54038 Table ModifierTree RecID 119640 valid
9/28 04:47:56.035  	54038 Table QuestV2 RecID 55737 valid
9/28 04:47:56.035  	54038 Table QuestV2 RecID 56401 valid
9/28 04:47:56.035  	54038 Table ModifierTree RecID 119638 valid
9/28 04:47:56.035  	54038 Table ModifierTree RecID 119639 valid
9/28 04:47:56.035  	54038 Table ModifierTree RecID 119643 valid
9/28 04:47:56.035  	54038 Table ModifierTree RecID 119637 valid
9/28 04:47:56.035  	54038 Table ModifierTree RecID 119642 valid
9/28 04:47:56.035  	54038 Table ModifierTree RecID 119641 valid
9/28 04:47:56.035  	54044 Table SpellName RecID 12950 valid
9/28 04:47:56.035  	54044 Table SpellMisc RecID 4475 valid
9/28 04:47:56.035  	54044 Table Spell RecID 12950 valid
9/28 04:47:56.035  	54045 Table SpellLabel RecID 66139 valid
9/28 04:47:56.035  	54046 Table Item RecID 127751 valid
9/28 04:47:56.035  	54046 Table ItemSparse RecID 127751 valid
9/28 04:47:56.035  	54046 Table ItemEffect RecID 116042 valid
9/28 04:47:56.035  	54050 Table Spell RecID 278712 valid
9/28 04:47:56.035  	54050 Table SpellName RecID 278712 valid
9/28 04:47:56.035  	54050 Table SpellXSpellVisual RecID 276000 valid
9/28 04:47:56.035  	54050 Table SpellCastingRequirements RecID 136446 valid
9/28 04:47:56.035  	54050 Table SpellEffect RecID 734586 valid
9/28 04:47:56.035  	54050 Table SpellMisc RecID 379742 valid
9/28 04:47:56.035  	54050 Table SpellInterrupts RecID 142243 valid
9/28 04:47:56.035  	54051 Table ItemSparse RecID 40084 valid
9/28 04:47:56.035  	54051 Table Item RecID 40084 valid
9/28 04:47:56.035  	54051 Table Item RecID 40404 valid
9/28 04:47:56.035  	54051 Table ItemSparse RecID 40404 valid
9/28 04:47:56.035  	54051 Table ItemSparse RecID 139502 valid
9/28 04:47:56.035  	54051 Table Item RecID 139502 valid
9/28 04:47:56.035  	54051 Table Item RecID 40083 valid
9/28 04:47:56.035  	54051 Table ItemSparse RecID 40083 valid
9/28 04:47:56.035  	54051 Table ItemSparse RecID 139505 valid
9/28 04:47:56.035  	54051 Table Item RecID 40082 valid
9/28 04:47:56.035  	54051 Table ItemSparse RecID 40082 valid
9/28 04:47:56.035  	54051 Table Item RecID 139505 valid
9/28 04:47:56.035  	54057 Table QuestPOIBlob RecID 444676 valid
9/28 04:47:56.035  	54057 Table QuestPOIPoint RecID 948811 valid
9/28 04:47:56.035  	54057 Table QuestPOIBlob RecID 452236 valid
9/28 04:47:56.035  	54057 Table QuestPOIPoint RecID 967656 valid
9/28 04:47:56.035  	54057 Table QuestPOIBlob RecID 444677 valid
9/28 04:47:56.035  	54059 Table SpellCooldowns RecID 59839 valid
9/28 04:47:56.035  	54059 Table SpellCategories RecID 85215 valid
9/28 04:47:56.035  	54060 Table SpellEffect RecID 766372 valid
9/28 04:47:56.035  	54061 Table SpellEffect RecID 771656 valid
9/28 04:47:56.035  	54061 Table VehicleSeat RecID 20718 valid
9/28 04:47:56.035  	54062 Table SoundKitEntry RecID 446346 valid
9/28 04:47:56.035  	54062 Table SoundKitEntry RecID 446348 valid
9/28 04:47:56.035  	54062 Table SoundKitEntry RecID 446347 valid
9/28 04:47:56.035  	54063 Table CreatureXDisplayInfo RecID 244163 valid
9/28 04:47:56.035  	54063 Table CreatureXDisplayInfo RecID 244161 valid
9/28 04:47:56.035  	54063 Table CreatureXDisplayInfo RecID 244162 valid
9/28 04:47:56.035  	54063 Table CreatureXDisplayInfo RecID 244158 valid
9/28 04:47:56.035  	54063 Table CreatureXDisplayInfo RecID 244155 valid
9/28 04:47:56.035  	54063 Table CreatureXDisplayInfo RecID 244150 valid
9/28 04:47:56.035  	54063 Table CreatureXDisplayInfo RecID 244160 valid
9/28 04:47:56.035  	54063 Table CreatureXDisplayInfo RecID 244152 valid
9/28 04:47:56.035  	54063 Table CreatureXDisplayInfo RecID 244156 valid
9/28 04:47:56.035  	54063 Table QuestV2 RecID 47709 valid
9/28 04:47:56.035  	53985 Table QuestV2 RecID 57094 valid
9/28 04:47:56.035  	53986 Table QuestV2 RecID 57095 valid
9/28 04:47:56.035  	53992 Table QuestV2 RecID 56982 valid
9/28 04:47:56.035  	53992 Table QuestV2 RecID 56993 valid
9/28 04:47:56.035  	53992 Table QuestV2 RecID 57002 valid
9/28 04:47:56.035  	53998 Table ModifierTree RecID 111933 valid
9/28 04:47:56.035  	54028 Table CreatureDifficulty RecID 173787 valid
9/28 04:47:56.035  	54035 Table SpellMisc RecID 386836 valid
9/28 04:47:56.035  	54035 Table SpellMisc RecID 386840 valid
9/28 04:47:56.035  	54035 Table SpellMisc RecID 386851 valid
9/28 04:47:56.035  	54035 Table SpellMisc RecID 386853 valid
9/28 04:47:56.035  	54035 Table SpellMisc RecID 386850 valid
9/28 04:47:56.035  	54035 Table SpellMisc RecID 386843 valid
9/28 04:47:56.035  	54035 Table SpellMisc RecID 386848 valid
9/28 04:47:56.035  	54035 Table SpellMisc RecID 386852 valid
9/28 04:47:56.035  	54035 Table SpellMisc RecID 386789 valid
9/28 04:47:56.035  	54035 Table SpellMisc RecID 386841 valid
9/28 04:47:56.035  	54035 Table SpellMisc RecID 386845 valid
9/28 04:47:56.035  	54035 Table SpellMisc RecID 386839 valid
9/28 04:47:56.035  	54035 Table SpellMisc RecID 386838 valid
9/28 04:47:56.035  	54035 Table SpellMisc RecID 386844 valid
9/28 04:47:56.035  	54035 Table SpellMisc RecID 386837 valid
9/28 04:47:56.035  	54035 Table SpellMisc RecID 386847 valid
9/28 04:47:56.035  	54035 Table SpellMisc RecID 386842 valid
9/28 04:47:56.035  	54035 Table SpellMisc RecID 386846 valid
9/28 04:47:56.035  	54035 Table SpellMisc RecID 386849 valid
9/28 04:47:56.035  	54035 Table SpellMisc RecID 386835 valid
9/28 04:47:56.035  	54064 Table TactKey RecID 264 valid
9/28 04:47:56.035  	54064 Table TactKey RecID 265 valid
9/28 04:47:56.035  	54064 Table TactKeyLookup RecID 266 valid
9/28 04:47:56.035  	54064 Table TactKeyLookup RecID 265 valid
9/28 04:47:56.035  	54064 Table TactKey RecID 266 valid
9/28 04:47:56.035  	54064 Table TactKeyLookup RecID 264 valid
9/28 04:47:56.035  ---- ApplyingHotfixes from Server ----
9/28 04:47:56.035  	53621 Table TactKey RecID 277 invalid
9/28 04:47:56.035  	53962 Table ModifierTree RecID 119351 invalid
9/28 04:47:56.035  	53962 Table ModifierTree RecID 119349 invalid
9/28 04:47:56.035  	53962 Table ModifierTree RecID 119352 invalid
9/28 04:47:56.035  	53962 Table ModifierTree RecID 119346 invalid
9/28 04:47:56.035  	53962 Table ModifierTree RecID 119347 invalid
9/28 04:47:56.035  	53962 Table ModifierTree RecID 119348 invalid
9/28 04:47:56.035  	53963 Table CreatureModelData RecID 11902 invalid
9/28 04:47:56.035  	53965 Table QuestPOIPoint RecID 105522 invalid
9/28 04:47:56.035  	53965 Table QuestPOIBlob RecID 33445 invalid
9/28 04:47:56.035  	53966 Table QuestV2CliTask RecID 11118 invalid
9/28 04:47:56.035  	53966 Table QuestV2CliTask RecID 11120 invalid
9/28 04:47:56.035  	53967 Table QuestPOIBlob RecID 35140 invalid
9/28 04:47:56.035  	53967 Table QuestPOIPoint RecID 110073 invalid
9/28 04:47:56.035  	53968 Table AreaTriggerCreateProperties RecID 18594 invalid
9/28 04:47:56.035  	53968 Table GameObjects RecID 186767 invalid
9/28 04:47:56.035  	53968 Table Creature RecID 24202 invalid
9/28 04:47:56.035  	53968 Table GameObjects RecID 186628 invalid
9/28 04:47:56.035  	53968 Table GameObjects RecID 186769 invalid
9/28 04:47:56.035  	53968 Table GameObjects RecID 186268 invalid
9/28 04:47:56.035  	53968 Table GameObjects RecID 186766 invalid
9/28 04:47:56.035  	53968 Table GameObjects RecID 186626 invalid
9/28 04:47:56.035  	53968 Table GameObjects RecID 186625 invalid
9/28 04:47:56.035  	53968 Table AreaTriggerActionSet RecID 22662 invalid
9/28 04:47:56.035  	53968 Table GameObjects RecID 186768 invalid
9/28 04:47:56.035  	53968 Table CreatureDifficulty RecID 21432 invalid
9/28 04:47:56.035  	53968 Table GameObjects RecID 186765 invalid
9/28 04:47:56.035  	53968 Table GameObjects RecID 186764 invalid
9/28 04:47:56.035  	53968 Table GameObjects RecID 186270 invalid
9/28 04:47:56.035  	53968 Table GameObjects RecID 186271 invalid
9/28 04:47:56.035  	53968 Table GameObjects RecID 186627 invalid
9/28 04:47:56.035  	53972 Table AreaTriggerCreateProperties RecID 17351 invalid
9/28 04:47:56.035  	53975 Table AreaTriggerCreateProperties RecID 18595 invalid
9/28 04:47:56.035  	53975 Table AreaTriggerBox RecID 2222 invalid
9/28 04:47:56.035  	53975 Table AreaTriggerActionSet RecID 22663 invalid
9/28 04:47:56.035  	53978 Table CreatureDifficulty RecID 170247 invalid
9/28 04:47:56.035  	53978 Table CreatureDifficulty RecID 171985 invalid
9/28 04:47:56.035  	53983 Table PlayerCondition RecID 74746 invalid
9/28 04:47:56.035  	53983 Table QuestV2CliTask RecID 56185 invalid
9/28 04:47:56.035  	53983 Table QuestV2CliTask RecID 56267 invalid
9/28 04:47:56.035  	53984 Table ModifierTree RecID 115106 invalid
9/28 04:47:56.035  	53984 Table ModifierTree RecID 116529 invalid
9/28 04:47:56.035  	53984 Table ModifierTree RecID 116531 invalid
9/28 04:47:56.035  	53985 Table QuestV2CliTask RecID 57094 invalid
9/28 04:47:56.035  	53986 Table PlayerCondition RecID 74747 invalid
9/28 04:47:56.035  	53986 Table QuestV2CliTask RecID 57095 invalid
9/28 04:47:56.035  	53987 Table CreatureDifficulty RecID 173258 invalid
9/28 04:47:56.035  	53989 Table PlayerCondition RecID 74748 invalid
9/28 04:47:56.035  	53989 Table QuestV2CliTask RecID 58417 invalid
9/28 04:47:56.035  	53989 Table QuestObjective RecID 388829 invalid
9/28 04:47:56.035  	53992 Table QuestV2CliTask RecID 56494 invalid
9/28 04:47:56.035  	53992 Table QuestV2CliTask RecID 57002 invalid
9/28 04:47:56.035  	53992 Table QuestV2CliTask RecID 56719 invalid
9/28 04:47:56.035  	53992 Table QuestV2CliTask RecID 56982 invalid
9/28 04:47:56.035  	53992 Table QuestObjective RecID 388716 invalid
9/28 04:47:56.035  	53992 Table QuestV2CliTask RecID 56993 invalid
9/28 04:47:56.035  	53992 Table PlayerCondition RecID 74753 invalid
9/28 04:47:56.035  	53992 Table PlayerCondition RecID 74754 invalid
9/28 04:47:56.035  	53994 Table SpellLabel RecID 66132 invalid
9/28 04:47:56.035  	54001 Table QuestV2CliTask RecID 53491 invalid
9/28 04:47:56.035  	54001 Table QuestV2CliTask RecID 54074 invalid
9/28 04:47:56.035  	54001 Table QuestV2CliTask RecID 55436 invalid
9/28 04:47:56.035  	54001 Table QuestV2CliTask RecID 55448 invalid
9/28 04:47:56.035  	54001 Table QuestV2CliTask RecID 54905 invalid
9/28 04:47:56.035  	54001 Table QuestV2CliTask RecID 55435 invalid
9/28 04:47:56.035  	54001 Table QuestV2CliTask RecID 55440 invalid
9/28 04:47:56.035  	54001 Table QuestV2CliTask RecID 55443 invalid
9/28 04:47:56.035  	54001 Table QuestV2CliTask RecID 54078 invalid
9/28 04:47:56.035  	54001 Table QuestV2CliTask RecID 53349 invalid
9/28 04:47:56.035  	54001 Table QuestV2CliTask RecID 57252 invalid
9/28 04:47:56.035  	54001 Table QuestV2CliTask RecID 54897 invalid
9/28 04:47:56.035  	54001 Table QuestV2CliTask RecID 54067 invalid
9/28 04:47:56.035  	54001 Table QuestV2CliTask RecID 54071 invalid
9/28 04:47:56.035  	54001 Table QuestV2CliTask RecID 53494 invalid
9/28 04:47:56.035  	54001 Table QuestV2CliTask RecID 57254 invalid
9/28 04:47:56.035  	54001 Table QuestV2CliTask RecID 55433 invalid
9/28 04:47:56.035  	54001 Table QuestV2CliTask RecID 55445 invalid
9/28 04:47:56.035  	54001 Table QuestV2CliTask RecID 55444 invalid
9/28 04:47:56.035  	54001 Table QuestV2CliTask RecID 54906 invalid
9/28 04:47:56.035  	54001 Table QuestV2CliTask RecID 55442 invalid
9/28 04:47:56.035  	54001 Table QuestV2CliTask RecID 55447 invalid
9/28 04:47:56.035  	54001 Table QuestV2CliTask RecID 57255 invalid
9/28 04:47:56.035  	54001 Table QuestV2CliTask RecID 53495 invalid
9/28 04:47:56.035  	54001 Table QuestV2CliTask RecID 54061 invalid
9/28 04:47:56.035  	54001 Table QuestV2CliTask RecID 53484 invalid
9/28 04:47:56.035  	54001 Table QuestV2CliTask RecID 53485 invalid
9/28 04:47:56.035  	54001 Table QuestV2CliTask RecID 53483 invalid
9/28 04:47:56.035  	54001 Table QuestV2CliTask RecID 53496 invalid
9/28 04:47:56.035  	54001 Table QuestV2CliTask RecID 53488 invalid
9/28 04:47:56.035  	54001 Table QuestV2CliTask RecID 54077 invalid
9/28 04:47:56.035  	54001 Table QuestV2CliTask RecID 53480 invalid
9/28 04:47:56.035  	54001 Table QuestV2CliTask RecID 54080 invalid
9/28 04:47:56.035  	54001 Table QuestV2CliTask RecID 54899 invalid
9/28 04:47:56.035  	54001 Table QuestV2CliTask RecID 53486 invalid
9/28 04:47:56.035  	54001 Table QuestV2CliTask RecID 53490 invalid
9/28 04:47:56.035  	54001 Table QuestV2CliTask RecID 54075 invalid
9/28 04:47:56.035  	54001 Table QuestV2CliTask RecID 55449 invalid
9/28 04:47:56.035  	54001 Table QuestV2CliTask RecID 54066 invalid
9/28 04:47:56.035  	54001 Table QuestV2CliTask RecID 54079 invalid
9/28 04:47:56.035  	54001 Table QuestV2CliTask RecID 53482 invalid
9/28 04:47:56.035  	54001 Table QuestV2CliTask RecID 53489 invalid
9/28 04:47:56.035  	54001 Table QuestV2CliTask RecID 54904 invalid
9/28 04:47:56.035  	54001 Table QuestV2CliTask RecID 54068 invalid
9/28 04:47:56.035  	54001 Table QuestV2CliTask RecID 54076 invalid
9/28 04:47:56.035  	54001 Table QuestV2CliTask RecID 53478 invalid
9/28 04:47:56.035  	54001 Table QuestV2CliTask RecID 55439 invalid
9/28 04:47:56.035  	54001 Table QuestV2CliTask RecID 55446 invalid
9/28 04:47:56.035  	54001 Table QuestV2CliTask RecID 53479 invalid
9/28 04:47:56.035  	54001 Table QuestV2CliTask RecID 54072 invalid
9/28 04:47:56.035  	54001 Table QuestV2CliTask RecID 55441 invalid
9/28 04:47:56.035  	54001 Table QuestV2CliTask RecID 53493 invalid
9/28 04:47:56.035  	54001 Table QuestV2CliTask RecID 54063 invalid
9/28 04:47:56.035  	54001 Table QuestV2CliTask RecID 53481 invalid
9/28 04:47:56.035  	54001 Table QuestV2CliTask RecID 54903 invalid
9/28 04:47:56.035  	54001 Table QuestV2CliTask RecID 54900 invalid
9/28 04:47:56.035  	54001 Table QuestV2CliTask RecID 54065 invalid
9/28 04:47:56.035  	54001 Table QuestV2CliTask RecID 54064 invalid
9/28 04:47:56.035  	54001 Table QuestV2CliTask RecID 54070 invalid
9/28 04:47:56.035  	54001 Table QuestV2CliTask RecID 54062 invalid
9/28 04:47:56.035  	54001 Table QuestV2CliTask RecID 54898 invalid
9/28 04:47:56.035  	54001 Table QuestV2CliTask RecID 55437 invalid
9/28 04:47:56.035  	54001 Table QuestV2CliTask RecID 54902 invalid
9/28 04:47:56.035  	54001 Table QuestV2CliTask RecID 54073 invalid
9/28 04:47:56.035  	54001 Table QuestV2CliTask RecID 55431 invalid
9/28 04:47:56.035  	54001 Table QuestV2CliTask RecID 55434 invalid
9/28 04:47:56.035  	54001 Table QuestV2CliTask RecID 57253 invalid
9/28 04:47:56.035  	54001 Table QuestV2CliTask RecID 53492 invalid
9/28 04:47:56.035  	54001 Table QuestV2CliTask RecID 53487 invalid
9/28 04:47:56.035  	54001 Table QuestV2CliTask RecID 54069 invalid
9/28 04:47:56.035  	54001 Table QuestV2CliTask RecID 55432 invalid
9/28 04:47:56.035  	54001 Table QuestV2CliTask RecID 54901 invalid
9/28 04:47:56.035  	54001 Table QuestV2CliTask RecID 55438 invalid
9/28 04:47:56.035  	54001 Table QuestV2CliTask RecID 55450 invalid
9/28 04:47:56.035  	54001 Table QuestV2CliTask RecID 57251 invalid
9/28 04:47:56.035  	54002 Table ModelFileData RecID 24910 invalid
9/28 04:47:56.035  	54003 Table PlayerCondition RecID 74762 invalid
9/28 04:47:56.035  	54008 Table ItemBonusTreeNode RecID 9109 invalid
9/28 04:47:56.035  	54008 Table ItemBonusTreeNode RecID 9111 invalid
9/28 04:47:56.035  	54008 Table ItemBonusTreeNode RecID 9028 invalid
9/28 04:47:56.035  	54008 Table ItemBonusTreeNode RecID 9105 invalid
9/28 04:47:56.035  	54008 Table ItemBonusTreeNode RecID 9117 invalid
9/28 04:47:56.035  	54008 Table ItemBonusTreeNode RecID 9107 invalid
9/28 04:47:56.035  	54008 Table ItemBonusTreeNode RecID 9113 invalid
9/28 04:47:56.035  	54008 Table ItemBonusTreeNode RecID 9103 invalid
9/28 04:47:56.035  	54008 Table ItemBonusTreeNode RecID 9115 invalid
9/28 04:47:56.035  	54010 Table CreatureDifficulty RecID 142032 invalid
9/28 04:47:56.035  	54010 Table CreatureDifficulty RecID 157054 invalid
9/28 04:47:56.035  	54018 Table CreatureDifficulty RecID 31985 invalid
9/28 04:47:56.035  	54018 Table CreatureDifficulty RecID 175334 invalid
9/28 04:47:56.035  	54018 Table CreatureDifficulty RecID 31986 invalid
9/28 04:47:56.035  	54018 Table CreatureDifficulty RecID 31987 invalid
9/28 04:47:56.035  	54018 Table CreatureDifficulty RecID 175336 invalid
9/28 04:47:56.035  	54018 Table CreatureDifficulty RecID 175335 invalid
9/28 04:47:56.035  	54018 Table CreatureDifficulty RecID 31983 invalid
9/28 04:47:56.035  	54018 Table CreatureDifficulty RecID 31984 invalid
9/28 04:47:56.035  	54019 Table CreatureDifficulty RecID 176554 invalid
9/28 04:47:56.035  	54020 Table PlayerCondition RecID 73718 invalid
9/28 04:47:56.035  	54020 Table PlayerCondition RecID 73717 invalid
9/28 04:47:56.035  	54021 Table GameObjects RecID 169243 invalid
9/28 04:47:56.035  	54026 Table CurvePoint RecID 10786 invalid
9/28 04:47:56.035  	54026 Table CurvePoint RecID 10787 invalid
9/28 04:47:56.035  	54026 Table CurvePoint RecID 6546 invalid
9/28 04:47:56.035  	54033 Table PlayerCondition RecID 74817 invalid
9/28 04:47:56.035  	54033 Table PlayerCondition RecID 74816 invalid
9/28 04:47:56.035  	54033 Table WaypointSafeLocs RecID 6955 invalid
9/28 04:47:56.035  	54034 Table QuestV2 RecID 42903 invalid
9/28 04:47:56.035  	54034 Table QuestV2CliTask RecID 42903 invalid
9/28 04:47:56.035  	54034 Table QuestV2CliTask RecID 50625 invalid
9/28 04:47:56.035  	54034 Table QuestV2CliTask RecID 42901 invalid
9/28 04:47:56.035  	54034 Table QuestV2 RecID 42901 invalid
9/28 04:47:56.035  	54034 Table QuestV2CliTask RecID 50626 invalid
9/28 04:47:56.035  	54038 Table ModifierTree RecID 119646 invalid
9/28 04:47:56.035  	54038 Table QuestV2CliTask RecID 55737 invalid
9/28 04:47:56.035  	54038 Table PlayerCondition RecID 74826 invalid
9/28 04:47:56.035  	54038 Table ModifierTree RecID 119645 invalid
9/28 04:47:56.035  	54038 Table QuestV2CliTask RecID 56401 invalid
9/28 04:47:56.035  	54038 Table ModifierTree RecID 119644 invalid
9/28 04:47:56.035  	54039 Table CreatureDifficulty RecID 172399 invalid
9/28 04:47:56.035  	54044 Table SpellAuraOptions RecID 6263 invalid
9/28 04:47:56.035  	54046 Table TransmogHoliday RecID 127751 invalid
9/28 04:47:56.035  	54046 Table TradeSkillItem RecID 127751 invalid
9/28 04:47:56.035  	54046 Table ItemSearchName RecID 127751 invalid
9/28 04:47:56.035  	54051 Table ItemSearchName RecID 40082 invalid
9/28 04:47:56.035  	54051 Table TransmogHoliday RecID 40084 invalid
9/28 04:47:56.035  	54051 Table TradeSkillItem RecID 40084 invalid
9/28 04:47:56.035  	54051 Table ItemSearchName RecID 40084 invalid
9/28 04:47:56.035  	54051 Table ItemSearchName RecID 139505 invalid
9/28 04:47:56.035  	54051 Table TradeSkillItem RecID 139505 invalid
9/28 04:47:56.035  	54051 Table TransmogHoliday RecID 139505 invalid
9/28 04:47:56.035  	54051 Table TransmogHoliday RecID 40082 invalid
9/28 04:47:56.035  	54051 Table TransmogHoliday RecID 40404 invalid
9/28 04:47:56.035  	54051 Table TradeSkillItem RecID 40404 invalid
9/28 04:47:56.035  	54051 Table ItemSearchName RecID 40404 invalid
9/28 04:47:56.035  	54051 Table ItemSearchName RecID 139502 invalid
9/28 04:47:56.035  	54051 Table TradeSkillItem RecID 139502 invalid
9/28 04:47:56.035  	54051 Table TransmogHoliday RecID 139502 invalid
9/28 04:47:56.035  	54051 Table TransmogHoliday RecID 40083 invalid
9/28 04:47:56.035  	54051 Table TradeSkillItem RecID 40083 invalid
9/28 04:47:56.035  	54051 Table ItemSearchName RecID 40083 invalid
9/28 04:47:56.035  	54051 Table TradeSkillItem RecID 40082 invalid
9/28 04:47:56.035  	54057 Table Creature RecID 155923 invalid
9/28 04:47:56.035  	54062 Table SoundKitEntry RecID 438215 invalid
9/28 04:47:56.035  	54062 Table SoundKitEntry RecID 438213 invalid
9/28 04:47:56.035  	54062 Table SoundKitEntry RecID 438214 invalid
9/28 04:47:56.035  	54063 Table CreatureDifficulty RecID 181304 invalid
9/28 04:47:56.035  	54063 Table Creature RecID 161327 invalid
9/28 04:47:56.035  	54063 Table CreatureDifficulty RecID 181305 invalid
9/28 04:47:56.035  	54063 Table Creature RecID 150358 invalid
9/28 04:47:56.035  	54063 Table Creature RecID 156018 invalid
9/28 04:47:56.035  	54063 Table CreatureDifficulty RecID 181294 invalid
9/28 04:47:56.035  	54063 Table Creature RecID 161319 invalid
9/28 04:47:56.035  	54063 Table Creature RecID 161328 invalid
9/28 04:47:56.035  	54063 Table Creature RecID 161329 invalid
9/28 04:47:56.035  	54063 Table Creature RecID 161317 invalid
9/28 04:47:56.035  	54063 Table CreatureDifficulty RecID 173142 invalid
9/28 04:47:56.035  	54063 Table QuestV2CliTask RecID 47709 invalid
9/28 04:47:56.035  	54063 Table CreatureDifficulty RecID 181300 invalid
9/28 04:47:56.035  	54063 Table CreatureDifficulty RecID 181306 invalid
9/28 04:47:56.035  	54063 Table Creature RecID 161330 invalid
9/28 04:47:56.035  	54063 Table CreatureDifficulty RecID 165397 invalid
9/28 04:47:56.035  	54063 Table Creature RecID 161322 invalid
9/28 04:47:56.035  	54063 Table CreatureDifficulty RecID 181307 invalid
9/28 04:47:56.035  	54063 Table CreatureDifficulty RecID 181296 invalid
9/28 04:47:56.035  	54063 Table CreatureDifficulty RecID 181302 invalid
9/28 04:47:56.035  	54063 Table CreatureDifficulty RecID 181299 invalid
9/28 04:47:56.035  	54063 Table Creature RecID 161323 invalid
9/28 04:47:56.035  	54063 Table Creature RecID 161325 invalid
9/28 04:47:56.035  ---- Done applying initial hotfixes ----
9/28 04:47:56.429  	DBReply Table TactKey RecID 277 invalid
9/28 04:47:56.429  	DBReply Table TactKey RecID 259 invalid
9/28 04:47:56.429  	DBReply Table TactKey RecID 279 invalid
9/28 04:47:56.429  	DBReply Table TactKey RecID 282 invalid
9/28 04:47:56.429  	DBReply Table TactKey RecID 261 invalid
9/28 04:47:56.429  	DBReply Table TactKey RecID 272 invalid
9/28 04:47:56.429  	DBReply Table TactKey RecID 255 invalid
9/28 04:47:56.429  	DBReply Table TactKey RecID 246 invalid
9/28 04:47:56.429  	DBReply Table TactKey RecID 234 invalid
9/28 04:47:56.429  	DBReply Table TactKey RecID 245 invalid
9/28 04:47:56.429  	DBReply Table TactKey RecID 111 invalid
9/28 04:47:56.429  	DBReply Table TactKey RecID 260 invalid
9/28 04:47:56.429  	DBReply Table TactKey RecID 110 invalid
9/28 04:47:56.444  	DBReply Table TactKey RecID 249 invalid
9/28 04:47:56.444  	DBReply Table TactKey RecID 113 invalid
9/28 04:47:56.444  	DBReply Table TactKey RecID 283 invalid
9/28 04:47:56.444  	DBReply Table TactKey RecID 275 invalid
9/28 04:47:56.444  	DBReply Table TactKey RecID 267 invalid
9/28 04:47:56.444  	DBReply Table TactKey RecID 108 invalid
9/28 04:47:56.444  	DBReply Table TactKey RecID 107 invalid
9/28 04:47:56.444  	DBReply Table TactKey RecID 104 invalid
9/28 04:47:56.444  	DBReply Table TactKey RecID 231 invalid
9/28 04:47:56.444  	DBReply Table TactKey RecID 252 invalid
9/28 04:47:56.444  	DBReply Table TactKey RecID 237 invalid
9/28 04:47:56.444  	DBReply Table TactKey RecID 281 invalid
9/28 04:47:56.460  	DBReply Table TactKey RecID 251 invalid
9/28 04:47:56.460  	DBReply Table TactKey RecID 232 invalid
9/28 04:47:56.460  	DBReply Table TactKey RecID 112 invalid
9/28 04:47:56.460  	DBReply Table TactKey RecID 273 invalid
9/28 04:47:56.460  	DBReply Table TactKey RecID 95 invalid
9/28 04:47:56.460  	DBReply Table TactKey RecID 109 invalid
9/28 04:48:36.564  	DBReply Table Creature RecID 61708 invalid
9/28 04:48:36.564  	DBReply Table Creature RecID 145133 invalid
9/28 04:48:36.564  	DBReply Table Creature RecID 59216 invalid
9/28 04:48:36.564  	DBReply Table ItemSparse RecID 72222 invalid
9/28 04:48:36.564  	DBReply Table ItemSparse RecID 72230 invalid
9/28 04:48:36.564  	DBReply Table ItemSparse RecID 163206 invalid
9/28 04:48:36.564  	DBReply Table ItemSparse RecID 72231 invalid
9/28 04:48:36.570  	DBReply Table ItemSparse RecID 72220 invalid
9/28 04:48:36.570  	DBReply Table ItemSparse RecID 142360 invalid
9/28 04:48:36.570  	DBReply Table ItemSparse RecID 72233 invalid
9/28 04:48:36.570  	DBReply Table ItemSparse RecID 130194 invalid
9/28 04:48:36.570  	DBReply Table ItemSparse RecID 72229 invalid
9/28 04:48:36.570  	DBReply Table ItemSparse RecID 168836 invalid
9/28 04:48:36.570  	DBReply Table ItemSparse RecID 72224 invalid
9/28 04:48:36.570  	DBReply Table ItemSparse RecID 72227 invalid
9/28 04:48:36.570  	DBReply Table ItemSparse RecID 72226 invalid
9/28 04:48:36.570  	DBReply Table ItemSparse RecID 163565 invalid
9/28 04:48:36.570  	DBReply Table ItemSparse RecID 72223 invalid
9/28 04:48:36.570  	DBReply Table ItemSparse RecID 163566 invalid
9/28 04:48:36.570  	DBReply Table ItemSparse RecID 129045 invalid
9/28 04:48:36.570  	DBReply Table ItemSparse RecID 72221 invalid
9/28 04:48:36.570  	DBReply Table ItemSparse RecID 72225 invalid
9/28 04:48:36.570  	DBReply Table ItemSparse RecID 72232 invalid
9/28 04:48:36.585  	DBReply Table ItemSparse RecID 72228 invalid
9/28 04:48:36.585  	DBReply Table ItemSparse RecID 11082 invalid
9/28 04:48:36.585  	DBReply Table ItemSparse RecID 10998 invalid
9/28 04:48:36.585  	DBReply Table ItemSparse RecID 11174 invalid
9/28 04:48:36.585  	DBReply Table ItemSparse RecID 11134 invalid
9/28 04:48:36.585  	DBReply Table ItemSparse RecID 11175 invalid
9/28 04:48:36.585  	DBReply Table ItemSparse RecID 11135 invalid
9/28 04:48:44.666  	DBReply Table TactKey RecID 259 invalid
9/28 04:48:44.666  	DBReply Table TactKey RecID 279 invalid
9/28 04:48:44.666  	DBReply Table TactKey RecID 282 invalid
9/28 04:48:44.666  	DBReply Table TactKey RecID 272 invalid
9/28 04:48:44.666  	DBReply Table TactKey RecID 255 invalid
9/28 04:48:44.666  	DBReply Table TactKey RecID 246 invalid
9/28 04:48:44.666  	DBReply Table TactKey RecID 234 invalid
9/28 04:48:44.666  	DBReply Table TactKey RecID 245 invalid
9/28 04:48:44.666  	DBReply Table TactKey RecID 111 invalid
9/28 04:48:44.666  	DBReply Table TactKey RecID 110 invalid
9/28 04:48:44.666  	DBReply Table TactKey RecID 249 invalid
9/28 04:48:44.666  	DBReply Table TactKey RecID 113 invalid
9/28 04:48:44.679  	DBReply Table TactKey RecID 283 invalid
9/28 04:48:44.679  	DBReply Table TactKey RecID 267 invalid
9/28 04:48:44.679  	DBReply Table TactKey RecID 108 invalid
9/28 04:48:44.679  	DBReply Table TactKey RecID 107 invalid
9/28 04:48:44.679  	DBReply Table TactKey RecID 252 invalid
9/28 04:48:44.679  	DBReply Table TactKey RecID 237 invalid
9/28 04:48:44.679  	DBReply Table TactKey RecID 281 invalid
9/28 04:48:44.679  	DBReply Table TactKey RecID 251 invalid
9/28 04:48:44.679  	DBReply Table TactKey RecID 112 invalid
9/28 04:48:44.679  	DBReply Table TactKey RecID 273 invalid
9/28 04:48:44.679  	DBReply Table TactKey RecID 109 invalid
9/28 04:48:44.679  	DBReply Table ItemSparse RecID 151377 invalid
9/28 04:48:44.679  	DBReply Table TactKey RecID 277 invalid
9/28 04:48:44.679  	DBReply Table TactKey RecID 261 invalid
9/28 04:48:44.679  	DBReply Table TactKey RecID 260 invalid
9/28 04:48:44.679  	DBReply Table TactKey RecID 275 invalid
9/28 04:48:44.679  	DBReply Table TactKey RecID 104 invalid
9/28 04:48:44.695  	DBReply Table TactKey RecID 231 invalid
9/28 04:48:44.695  	DBReply Table TactKey RecID 232 invalid
9/28 04:48:44.695  	DBReply Table TactKey RecID 95 invalid
9/28 04:48:53.950  	DBReply Table Creature RecID 61708 invalid
9/28 04:48:53.950  	DBReply Table Creature RecID 145133 invalid
9/28 04:48:53.950  	DBReply Table Creature RecID 59216 invalid
9/28 04:48:53.950  	DBReply Table ItemSparse RecID 1553 invalid
9/28 04:48:53.960  	DBReply Table ItemSparse RecID 10998 invalid
9/28 04:48:53.960  	DBReply Table ItemSparse RecID 11174 invalid
9/28 04:48:53.960  	DBReply Table ItemSparse RecID 11134 invalid
9/28 04:48:53.960  	DBReply Table ItemSparse RecID 11175 invalid
9/28 04:48:53.960  	DBReply Table ItemSparse RecID 136533 invalid
9/28 04:48:55.197  	DBReply Table ItemSparse RecID 11082 invalid
9/28 04:48:55.197  	DBReply Table ItemSparse RecID 136534 invalid
9/28 04:48:55.197  	DBReply Table ItemSparse RecID 11135 invalid
9/28 04:48:55.500  	DBReply Table ItemSparse RecID 136533 invalid
9/28 04:48:55.500  	DBReply Table ItemSparse RecID 136534 invalid
9/28 04:48:55.719  	DBReply Table ItemSparse RecID 136534 invalid
9/28 04:49:14.835  	DBReply Table TactKey RecID 259 invalid
9/28 04:49:14.835  	DBReply Table TactKey RecID 279 invalid
9/28 04:49:14.835  	DBReply Table TactKey RecID 282 invalid
9/28 04:49:14.835  	DBReply Table TactKey RecID 272 invalid
9/28 04:49:14.835  	DBReply Table TactKey RecID 255 invalid
9/28 04:49:14.835  	DBReply Table TactKey RecID 246 invalid
9/28 04:49:14.835  	DBReply Table TactKey RecID 234 invalid
9/28 04:49:14.835  	DBReply Table TactKey RecID 245 invalid
9/28 04:49:14.835  	DBReply Table TactKey RecID 111 invalid
9/28 04:49:14.835  	DBReply Table TactKey RecID 110 invalid
9/28 04:49:14.835  	DBReply Table TactKey RecID 249 invalid
9/28 04:49:14.835  	DBReply Table TactKey RecID 113 invalid
9/28 04:49:14.835  	DBReply Table TactKey RecID 283 invalid
9/28 04:49:14.835  	DBReply Table TactKey RecID 267 invalid
9/28 04:49:14.835  	DBReply Table TactKey RecID 108 invalid
9/28 04:49:14.835  	DBReply Table TactKey RecID 107 invalid
9/28 04:49:14.835  	DBReply Table TactKey RecID 252 invalid
9/28 04:49:14.835  	DBReply Table TactKey RecID 237 invalid
9/28 04:49:14.851  	DBReply Table TactKey RecID 281 invalid
9/28 04:49:14.851  	DBReply Table TactKey RecID 251 invalid
9/28 04:49:14.851  	DBReply Table TactKey RecID 112 invalid
9/28 04:49:14.851  	DBReply Table TactKey RecID 273 invalid
9/28 04:49:14.851  	DBReply Table TactKey RecID 109 invalid
9/28 04:49:14.851  	DBReply Table TactKey RecID 277 invalid
9/28 04:49:14.851  	DBReply Table TactKey RecID 261 invalid
9/28 04:49:14.851  	DBReply Table TactKey RecID 260 invalid
9/28 04:49:14.851  	DBReply Table TactKey RecID 275 invalid
9/28 04:49:14.851  	DBReply Table TactKey RecID 104 invalid
9/28 04:49:14.851  	DBReply Table TactKey RecID 231 invalid
9/28 04:49:14.851  	DBReply Table TactKey RecID 232 invalid
9/28 04:49:14.851  	DBReply Table TactKey RecID 95 invalid
9/28 05:03:38.179  	DBReply Table TactKey RecID 259 invalid
9/28 05:03:38.179  	DBReply Table TactKey RecID 279 invalid
9/28 05:03:38.179  	DBReply Table TactKey RecID 282 invalid
9/28 05:03:38.179  	DBReply Table TactKey RecID 272 invalid
9/28 05:03:38.179  	DBReply Table TactKey RecID 255 invalid
9/28 05:03:38.179  	DBReply Table TactKey RecID 246 invalid
9/28 05:03:38.179  	DBReply Table TactKey RecID 234 invalid
9/28 05:03:38.179  	DBReply Table TactKey RecID 245 invalid
9/28 05:03:38.179  	DBReply Table TactKey RecID 111 invalid
9/28 05:03:38.179  	DBReply Table TactKey RecID 110 invalid
9/28 05:03:38.179  	DBReply Table TactKey RecID 249 invalid
9/28 05:03:38.179  	DBReply Table TactKey RecID 113 invalid
9/28 05:03:38.179  	DBReply Table TactKey RecID 283 invalid
9/28 05:03:38.179  	DBReply Table TactKey RecID 267 invalid
9/28 05:03:38.179  	DBReply Table TactKey RecID 108 invalid
9/28 05:03:38.179  	DBReply Table TactKey RecID 107 invalid
9/28 05:03:38.194  	DBReply Table TactKey RecID 252 invalid
9/28 05:03:38.194  	DBReply Table TactKey RecID 237 invalid
9/28 05:03:38.194  	DBReply Table TactKey RecID 281 invalid
9/28 05:03:38.194  	DBReply Table TactKey RecID 251 invalid
9/28 05:03:38.194  	DBReply Table TactKey RecID 112 invalid
9/28 05:03:38.194  	DBReply Table TactKey RecID 273 invalid
9/28 05:03:38.194  	DBReply Table TactKey RecID 109 invalid
9/28 05:03:38.194  	DBReply Table TactKey RecID 277 invalid
9/28 05:03:38.194  	DBReply Table TactKey RecID 261 invalid
9/28 05:03:38.194  	DBReply Table TactKey RecID 260 invalid
9/28 05:03:38.194  	DBReply Table TactKey RecID 275 invalid
9/28 05:03:38.194  	DBReply Table TactKey RecID 104 invalid
9/28 05:03:38.194  	DBReply Table TactKey RecID 231 invalid
9/28 05:03:38.194  	DBReply Table TactKey RecID 232 invalid
9/28 05:03:38.194  	DBReply Table TactKey RecID 95 invalid
9/28 05:07:08.005  	DBReply Table TactKey RecID 259 invalid
9/28 05:07:08.005  	DBReply Table TactKey RecID 279 invalid
9/28 05:07:08.007  	DBReply Table TactKey RecID 282 invalid
9/28 05:07:08.007  	DBReply Table TactKey RecID 272 invalid
9/28 05:07:08.007  	DBReply Table TactKey RecID 255 invalid
9/28 05:07:08.007  	DBReply Table TactKey RecID 246 invalid
9/28 05:07:08.007  	DBReply Table TactKey RecID 234 invalid
9/28 05:07:08.007  	DBReply Table TactKey RecID 245 invalid
9/28 05:07:08.007  	DBReply Table TactKey RecID 111 invalid
9/28 05:07:08.007  	DBReply Table TactKey RecID 110 invalid
9/28 05:07:08.007  	DBReply Table TactKey RecID 249 invalid
9/28 05:07:08.007  	DBReply Table TactKey RecID 113 invalid
9/28 05:07:08.007  	DBReply Table TactKey RecID 283 invalid
9/28 05:07:08.007  	DBReply Table TactKey RecID 267 invalid
9/28 05:07:08.007  	DBReply Table TactKey RecID 108 invalid
9/28 05:07:08.007  	DBReply Table TactKey RecID 107 invalid
9/28 05:07:08.007  	DBReply Table TactKey RecID 252 invalid
9/28 05:07:08.007  	DBReply Table TactKey RecID 237 invalid
9/28 05:07:08.007  	DBReply Table TactKey RecID 281 invalid
9/28 05:07:08.007  	DBReply Table TactKey RecID 251 invalid
9/28 05:07:08.007  	DBReply Table TactKey RecID 112 invalid
9/28 05:07:08.007  	DBReply Table TactKey RecID 273 invalid
9/28 05:07:08.023  	DBReply Table TactKey RecID 109 invalid
9/28 05:07:08.023  	DBReply Table TactKey RecID 277 invalid
9/28 05:07:08.023  	DBReply Table ItemSparse RecID 151377 invalid
9/28 05:07:08.023  	DBReply Table TactKey RecID 261 invalid
9/28 05:07:08.023  	DBReply Table TactKey RecID 260 invalid
9/28 05:07:08.023  	DBReply Table TactKey RecID 275 invalid
9/28 05:07:08.023  	DBReply Table TactKey RecID 104 invalid
9/28 05:07:08.023  	DBReply Table TactKey RecID 231 invalid
9/28 05:07:08.023  	DBReply Table TactKey RecID 232 invalid
9/28 05:07:08.023  	DBReply Table TactKey RecID 95 invalid
9/28 05:09:37.728  	DBReply Table TactKey RecID 259 invalid
9/28 05:09:37.728  	DBReply Table TactKey RecID 279 invalid
9/28 05:09:37.728  	DBReply Table TactKey RecID 282 invalid
9/28 05:09:37.728  	DBReply Table TactKey RecID 272 invalid
9/28 05:09:37.728  	DBReply Table TactKey RecID 255 invalid
9/28 05:09:37.728  	DBReply Table TactKey RecID 246 invalid
9/28 05:09:37.728  	DBReply Table TactKey RecID 234 invalid
9/28 05:09:37.728  	DBReply Table TactKey RecID 245 invalid
9/28 05:09:37.728  	DBReply Table TactKey RecID 111 invalid
9/28 05:09:37.728  	DBReply Table TactKey RecID 110 invalid
9/28 05:09:37.728  	DBReply Table TactKey RecID 249 invalid
9/28 05:09:37.728  	DBReply Table TactKey RecID 113 invalid
9/28 05:09:37.742  	DBReply Table TactKey RecID 283 invalid
9/28 05:09:37.742  	DBReply Table TactKey RecID 267 invalid
9/28 05:09:37.742  	DBReply Table TactKey RecID 108 invalid
9/28 05:09:37.742  	DBReply Table TactKey RecID 107 invalid
9/28 05:09:37.742  	DBReply Table TactKey RecID 252 invalid
9/28 05:09:37.742  	DBReply Table TactKey RecID 237 invalid
9/28 05:09:37.742  	DBReply Table TactKey RecID 281 invalid
9/28 05:09:37.742  	DBReply Table TactKey RecID 251 invalid
9/28 05:09:37.742  	DBReply Table TactKey RecID 112 invalid
9/28 05:09:37.742  	DBReply Table TactKey RecID 273 invalid
9/28 05:09:37.742  	DBReply Table TactKey RecID 109 invalid
9/28 05:09:37.742  	DBReply Table ItemSparse RecID 151377 invalid
9/28 05:09:37.742  	DBReply Table TactKey RecID 277 invalid
9/28 05:09:37.742  	DBReply Table TactKey RecID 261 invalid
9/28 05:09:37.742  	DBReply Table TactKey RecID 260 invalid
9/28 05:09:37.757  	DBReply Table TactKey RecID 275 invalid
9/28 05:09:37.757  	DBReply Table TactKey RecID 104 invalid
9/28 05:09:37.757  	DBReply Table TactKey RecID 231 invalid
9/28 05:09:37.757  	DBReply Table TactKey RecID 232 invalid
9/28 05:09:37.757  	DBReply Table TactKey RecID 95 invalid
9/28 05:10:57.371  	DBReply Table ItemSparse RecID 1553 invalid
9/28 05:10:57.371  	DBReply Table ItemSparse RecID 1579 invalid
9/28 05:10:57.371  	DBReply Table ItemSparse RecID 1595 invalid
9/28 05:10:57.371  	DBReply Table ItemSparse RecID 1597 invalid
9/28 05:11:32.052  	DBReply Table ItemSparse RecID 823 invalid
9/28 05:11:33.654  	DBReply Table ItemSparse RecID 152708 invalid
9/28 05:11:35.463  	DBReply Table ItemSparse RecID 824 invalid
9/28 05:11:36.241  	DBReply Table ItemSparse RecID 139413 invalid
9/28 05:11:45.867  	DBReply Table ItemSparse RecID 138784 invalid
9/28 05:12:08.066  	DBReply Table ItemSparse RecID 1553 invalid
9/28 05:12:08.066  	DBReply Table ItemSparse RecID 1579 invalid
9/28 05:12:08.066  	DBReply Table ItemSparse RecID 1595 invalid
9/28 05:12:08.069  	DBReply Table ItemSparse RecID 1597 invalid
9/28 05:12:16.902  	DBReply Table ItemSparse RecID 1553 invalid
9/28 05:12:16.902  	DBReply Table ItemSparse RecID 1579 invalid
9/28 05:12:16.902  	DBReply Table ItemSparse RecID 1595 invalid
9/28 05:12:16.902  	DBReply Table ItemSparse RecID 1597 invalid
9/28 05:30:44.528  	DBReply Table ItemSparse RecID 129182 invalid
9/28 05:30:44.852  	DBReply Table ItemSparse RecID 129182 invalid
9/28 05:31:01.888  	DBReply Table ItemSparse RecID 139931 invalid
9/28 05:31:01.888  	DBReply Table ItemSparse RecID 121752 invalid
9/28 05:31:01.888  	DBReply Table ItemSparse RecID 121746 invalid
9/28 05:31:11.601  	DBReply Table ItemSparse RecID 139943 invalid
9/28 05:31:11.601  	DBReply Table ItemSparse RecID 121763 invalid
9/28 05:31:11.601  	DBReply Table ItemSparse RecID 121746 invalid
9/28 05:31:13.254  	DBReply Table ItemSparse RecID 139939 invalid
9/28 05:31:13.254  	DBReply Table ItemSparse RecID 121750 invalid
9/28 05:31:13.507  	DBReply Table ItemSparse RecID 121763 invalid
9/28 05:31:16.594  	DBReply Table ItemSparse RecID 139943 invalid
9/28 05:31:16.594  	DBReply Table ItemSparse RecID 121763 invalid
9/28 05:31:16.594  	DBReply Table ItemSparse RecID 139931 invalid
9/28 05:32:10.116  ---- Shutdown ----
