12/13 10:23:44.763  WowMoviePlayer Shutdown
12/13 10:34:37.429  ----------------------------------------------------- Opened for Append -----------------------------------------------------
12/13 10:35:11.424  WowMoviePlayer Shutdown
12/13 11:51:21.074  ----------------------------------------------------- Opened for Append -----------------------------------------------------
12/13 11:52:08.190  WowMoviePlayer Shutdown
12/13 12:10:44.406  ----------------------------------------------------- Opened for Append -----------------------------------------------------
12/13 12:11:01.503  WowMoviePlayer Shutdown
12/13 12:26:32.742  ----------------------------------------------------- Opened for Append -----------------------------------------------------
12/13 12:26:50.717  WowMoviePlayer Shutdown
12/13 12:39:15.726  ----------------------------------------------------- Opened for Append -----------------------------------------------------
12/13 12:39:35.029  WowMoviePlayer Shutdown
12/13 12:45:10.992  ----------------------------------------------------- Opened for Append -----------------------------------------------------
12/13 12:45:32.803  WowMoviePlayer Shutdown
12/13 14:12:44.477  ----------------------------------------------------- Opened for Append -----------------------------------------------------
12/13 18:29:58.565  WowMoviePlayer Shutdown
12/15 14:22:59.864  ----------------------------------------------------- Opened for Append -----------------------------------------------------
12/15 15:05:00.898  WowMoviePlayer Shutdown
12/15 16:51:44.199  ----------------------------------------------------- Opened for Append -----------------------------------------------------
12/15 17:50:42.198  WowMoviePlayer Shutdown
12/17 08:40:27.405  ----------------------------------------------------- Opened for Append -----------------------------------------------------
12/17 13:37:41.417  WowMoviePlayer Shutdown
12/17 14:19:58.689  ----------------------------------------------------- Opened for Append -----------------------------------------------------
12/17 17:38:45.088  WowMoviePlayer Shutdown
12/18 01:18:37.520  ----------------------------------------------------- Opened for Append -----------------------------------------------------
12/18 03:23:05.673  WowMoviePlayer Shutdown
12/18 07:59:04.037  ----------------------------------------------------- Opened for Append -----------------------------------------------------
12/18 09:15:36.109  WowMoviePlayer Shutdown
12/18 19:10:25.149  ----------------------------------------------------- Opened for Append -----------------------------------------------------
12/18 21:22:25.566  WowMoviePlayer Shutdown
12/20 20:05:39.399  ----------------------------------------------------- Opened for Append -----------------------------------------------------
12/20 20:43:41.976  WowMoviePlayer Shutdown
12/21 01:30:23.915  ----------------------------------------------------- Opened for Append -----------------------------------------------------
12/21 01:44:14.980  WowMoviePlayer Shutdown
12/21 07:24:18.203  ----------------------------------------------------- Opened for Append -----------------------------------------------------
12/21 07:28:10.112  WowMoviePlayer Shutdown
12/21 07:49:44.510  ----------------------------------------------------- Opened for Append -----------------------------------------------------
12/21 08:12:01.377  WowMoviePlayer AudioDeviceChanged_ShutDown
12/21 08:12:01.377  WowMoviePlayer AudioDeviceChanged_Restart
12/21 08:12:32.061  WowMoviePlayer AudioDeviceChanged_ShutDown
12/21 08:12:32.061  WowMoviePlayer AudioDeviceChanged_Restart
12/21 08:12:33.296  WowMoviePlayer AudioDeviceChanged_ShutDown
12/21 08:12:33.296  WowMoviePlayer AudioDeviceChanged_Restart
12/21 08:12:40.614  WowMoviePlayer AudioDeviceChanged_ShutDown
12/21 08:12:40.614  WowMoviePlayer AudioDeviceChanged_Restart
12/21 08:12:41.846  WowMoviePlayer AudioDeviceChanged_ShutDown
12/21 08:12:41.846  WowMoviePlayer AudioDeviceChanged_Restart
12/21 08:12:44.008  WowMoviePlayer AudioDeviceChanged_ShutDown
12/21 08:12:44.008  WowMoviePlayer AudioDeviceChanged_Restart
12/21 13:04:27.433  WowMoviePlayer Shutdown
12/21 17:11:19.212  ----------------------------------------------------- Opened for Append -----------------------------------------------------
12/21 18:58:50.524  WowMoviePlayer Shutdown
12/21 19:29:05.490  ----------------------------------------------------- Opened for Append -----------------------------------------------------
12/21 21:03:22.203  WowMoviePlayer Shutdown
12/21 22:37:15.712  ----------------------------------------------------- Opened for Append -----------------------------------------------------
12/22 00:25:36.642  WowMoviePlayer Shutdown
12/22 07:35:40.072  ----------------------------------------------------- Opened for Append -----------------------------------------------------
12/22 07:57:15.770  WowMoviePlayer Shutdown
12/22 08:10:01.914  ----------------------------------------------------- Opened for Append -----------------------------------------------------
12/22 08:27:39.443  WowMoviePlayer Shutdown
12/22 10:16:37.147  ----------------------------------------------------- Opened for Append -----------------------------------------------------
12/22 13:15:27.114  WowMoviePlayer Shutdown
12/22 14:45:34.185  ----------------------------------------------------- Opened for Append -----------------------------------------------------
12/23 00:14:35.451  WowMoviePlayer Shutdown
12/23 09:00:20.860  ----------------------------------------------------- Opened for Append -----------------------------------------------------
12/23 14:37:38.689  WowMoviePlayer Shutdown
12/23 23:54:19.985  ----------------------------------------------------- Opened for Append -----------------------------------------------------
12/24 03:18:05.438  WowMoviePlayer Shutdown
12/24 12:41:34.651  ----------------------------------------------------- Opened for Append -----------------------------------------------------
12/24 15:26:36.473  WowMoviePlayer Shutdown
12/24 19:36:51.074  ----------------------------------------------------- Opened for Append -----------------------------------------------------
12/24 19:55:10.763  WowMoviePlayer Shutdown
12/25 07:44:34.152  ----------------------------------------------------- Opened for Append -----------------------------------------------------
12/25 09:27:19.433  WowMoviePlayer Shutdown
12/25 10:19:33.006  ----------------------------------------------------- Opened for Append -----------------------------------------------------
12/25 10:42:16.679  WowMoviePlayer Shutdown
12/25 23:40:16.923  ----------------------------------------------------- Opened for Append -----------------------------------------------------
12/25 23:44:43.447  WowMoviePlayer Shutdown
12/26 08:10:45.492  ----------------------------------------------------- Opened for Append -----------------------------------------------------
12/26 13:59:22.967  WowMoviePlayer Shutdown
12/26 15:04:53.471  ----------------------------------------------------- Opened for Append -----------------------------------------------------
12/26 16:35:33.741  WowMoviePlayer Shutdown
12/26 17:01:35.255  ----------------------------------------------------- Opened for Append -----------------------------------------------------
12/26 21:05:21.251  WowMoviePlayer Shutdown
12/26 22:25:14.830  ----------------------------------------------------- Opened for Append -----------------------------------------------------
12/26 23:35:05.168  WowMoviePlayer Shutdown
12/27 08:29:44.136  ----------------------------------------------------- Opened for Append -----------------------------------------------------
12/27 09:54:12.417  WowMoviePlayer Shutdown
12/27 11:57:32.930  ----------------------------------------------------- Opened for Append -----------------------------------------------------
12/27 13:03:45.527  WowMoviePlayer Shutdown
12/27 13:37:35.774  ----------------------------------------------------- Opened for Append -----------------------------------------------------
12/27 16:44:58.331  WowMoviePlayer Shutdown
12/27 19:38:57.617  ----------------------------------------------------- Opened for Append -----------------------------------------------------
12/27 20:28:15.223  WowMoviePlayer Shutdown
12/27 21:37:14.569  ----------------------------------------------------- Opened for Append -----------------------------------------------------
12/28 00:23:02.872  WowMoviePlayer Shutdown
12/28 07:34:29.943  ----------------------------------------------------- Opened for Append -----------------------------------------------------
12/28 12:26:24.893  WowMoviePlayer Shutdown
12/28 16:54:52.852  ----------------------------------------------------- Opened for Append -----------------------------------------------------
12/28 17:43:43.525  WowMoviePlayer Shutdown
12/28 19:30:39.473  ----------------------------------------------------- Opened for Append -----------------------------------------------------
12/28 20:33:44.912  WowMoviePlayer Shutdown
12/28 21:49:52.586  ----------------------------------------------------- Opened for Append -----------------------------------------------------
12/28 23:40:51.348  WowMoviePlayer Shutdown
12/29 07:36:26.192  ----------------------------------------------------- Opened for Append -----------------------------------------------------
12/29 10:32:25.895  WowMoviePlayer Shutdown
12/29 11:54:37.304  ----------------------------------------------------- Opened for Append -----------------------------------------------------
12/29 13:10:45.163  WowMoviePlayer Shutdown
12/29 13:35:29.303  ----------------------------------------------------- Opened for Append -----------------------------------------------------
12/29 18:05:29.927  WowMoviePlayer Shutdown
12/29 23:06:08.977  ----------------------------------------------------- Opened for Append -----------------------------------------------------
12/30 01:36:34.087  WowMoviePlayer Shutdown
12/30 10:22:08.045  ----------------------------------------------------- Opened for Append -----------------------------------------------------
12/31 01:30:32.152  WowMoviePlayer Shutdown
1/1 09:58:44.600  ----------------------------------------------------- Opened for Append -----------------------------------------------------
1/1 09:59:16.270  WowMoviePlayer Shutdown
1/1 12:01:42.008  ----------------------------------------------------- Opened for Append -----------------------------------------------------
1/1 14:23:25.323  WowMoviePlayer Shutdown
1/1 16:34:42.459  ----------------------------------------------------- Opened for Append -----------------------------------------------------
1/1 20:57:21.746  WowMoviePlayer Shutdown
1/2 08:32:40.802  ----------------------------------------------------- Opened for Append -----------------------------------------------------
1/2 09:12:56.714  WowMoviePlayer Shutdown
1/2 09:58:01.154  ----------------------------------------------------- Opened for Append -----------------------------------------------------
1/2 12:44:55.875  WowMoviePlayer Shutdown
1/2 16:11:08.270  ----------------------------------------------------- Opened for Append -----------------------------------------------------
1/2 16:18:21.514  WowMoviePlayer Shutdown
1/2 16:51:49.398  ----------------------------------------------------- Opened for Append -----------------------------------------------------
1/2 18:18:34.264  WowMoviePlayer CreateStream
1/2 18:18:34.264  WowMoviePlayer MovieHandle::InitVideoDecoder(1551613, 480P)
1/2 18:18:34.308  WowMoviePlayer MovieHandle::InitVideoDecoder(1551612, 720P)
1/2 18:18:34.311  WowMoviePlayer MovieHandle::InitVideoDecoder(1551611, 1080P)
1/2 18:18:34.311  WowMoviePlayer MovieHandle::FinalizeQueueMovie(720P)
1/2 18:18:34.311  WowMoviePlayer MovieHandle::InitStreamingBlocks
1/2 18:18:34.311  WowMoviePlayer QueueMovie ID: 549, Loop: No, Result: Success
1/2 18:18:34.394  WowMoviePlayer WaitForKey
1/2 18:18:34.394  WowMoviePlayer MovieHandle::WaitForKey m_KeyValid = true
1/2 18:18:34.394  WowMoviePlayer MovieHandle::GetTactKey
1/2 18:18:34.394  WowMoviePlayer MovieHandle::BeginPlaying
1/2 18:18:34.394  WowMoviePlayer MovieHandle::PrefetchVideo isFirstFrameKeyFrame = true
1/2 18:18:34.880  WowMoviePlayer MovieHandle::SelectResolution 1080P selected
1/2 18:18:34.880  WowMoviePlayer MovieHandle::BeginPlaying Opening Subtitles
1/2 18:18:34.880  WowMoviePlayer MovieHandle::BeginPlaying Starting Audio
1/2 18:19:55.813  WowMoviePlayer StopMovie
1/2 18:19:55.813  WowMoviePlayer MovieHandle::StopMovie
1/2 18:19:55.813  WowMoviePlayer MovieHandle::PrefetchCancel(480P, 0, true)
1/2 18:19:55.813  WowMoviePlayer MovieHandle::PrefetchCancel(720P, 0, true)
1/2 18:19:55.813  WowMoviePlayer MovieHandle::PrefetchCancel(1080P, 0, true)
1/2 18:19:55.813  WowMoviePlayer DestroyStream
1/2 19:36:14.759  WowMoviePlayer CreateStream
1/2 19:36:14.759  WowMoviePlayer MovieHandle::InitVideoDecoder(1551613, 480P)
1/2 19:36:14.777  WowMoviePlayer MovieHandle::InitVideoDecoder(1551612, 720P)
1/2 19:36:14.790  WowMoviePlayer MovieHandle::InitVideoDecoder(1551611, 1080P)
1/2 19:36:14.798  WowMoviePlayer MovieHandle::FinalizeQueueMovie(720P)
1/2 19:36:14.798  WowMoviePlayer MovieHandle::InitStreamingBlocks
1/2 19:36:14.798  WowMoviePlayer QueueMovie ID: 549, Loop: No, Result: Success
1/2 19:36:14.798  WowMoviePlayer StopMovie
1/2 19:36:14.798  WowMoviePlayer MovieHandle::StopMovie
1/2 19:36:14.798  WowMoviePlayer MovieHandle::PrefetchCancel(480P, 0, true)
1/2 19:36:14.798  WowMoviePlayer MovieHandle::PrefetchCancel(720P, 0, true)
1/2 19:36:14.798  WowMoviePlayer MovieHandle::PrefetchCancel(1080P, 0, true)
1/2 19:36:14.798  WowMoviePlayer DestroyStream
1/2 19:58:14.131  WowMoviePlayer Shutdown
1/2 23:25:30.897  ----------------------------------------------------- Opened for Append -----------------------------------------------------
1/3 00:57:03.820  WowMoviePlayer Shutdown
1/3 10:55:29.975  ----------------------------------------------------- Opened for Append -----------------------------------------------------
1/3 13:15:07.432  WowMoviePlayer Shutdown
1/3 17:48:01.460  ----------------------------------------------------- Opened for Append -----------------------------------------------------
1/3 17:55:36.347  WowMoviePlayer Shutdown
1/3 20:30:38.335  ----------------------------------------------------- Opened for Append -----------------------------------------------------
1/3 20:37:17.233  WowMoviePlayer Shutdown
1/3 21:46:31.965  ----------------------------------------------------- Opened for Append -----------------------------------------------------
1/4 00:45:10.228  WowMoviePlayer Shutdown
