5/29 19:56:22.028  Initialize
5/29 19:56:23.278  Streaming failed -- FileData ID 1140733 [Invalid file handle]. Errorstack: 
 Can't find file in build manifest


5/29 20:02:29.924  Wait Started -- FileData ID 132035
5/29 20:02:29.928  Wait Finished -- FileData ID 132035
5/29 20:02:29.928  Wait Started -- FileData ID 481210
5/29 20:02:29.928  Wait Finished -- FileData ID 481210
5/29 20:02:29.928  Wait Started -- FileData ID 132036
5/29 20:02:29.928  Wait Finished -- FileData ID 132036
5/29 20:02:29.928  Wait Started -- FileData ID 132027
5/29 20:02:29.928  Wait Finished -- FileData ID 132027
5/29 20:02:29.928  Wait Started -- FileData ID 132037
5/29 20:02:29.928  Wait Finished -- FileData ID 132037
5/29 20:02:29.928  Wait Started -- FileData ID 132033
5/29 20:02:29.928  Wait Finished -- FileData ID 132033
5/29 20:02:29.928  Wait Started -- FileData ID 132034
5/29 20:02:29.928  Wait Finished -- FileData ID 132034
5/29 20:02:29.928  Wait Started -- FileData ID 132030
5/29 20:02:29.928  Wait Finished -- FileData ID 132030
5/29 20:02:29.928  Wait Started -- FileData ID 132029
5/29 20:02:29.928  Wait Finished -- FileData ID 132029
5/29 20:02:29.928  Wait Started -- FileData ID 132032
5/29 20:02:29.928  Wait Finished -- FileData ID 132032
5/29 20:02:29.928  Wait Started -- FileData ID 189474
5/29 20:02:29.928  Wait Finished -- FileData ID 189474
5/29 20:02:29.928  Wait Started -- FileData ID 189475
5/29 20:02:29.928  Wait Finished -- FileData ID 189475
5/29 20:02:29.928  Wait Started -- FileData ID 198298
5/29 20:02:29.928  Wait Finished -- FileData ID 198298
5/29 20:02:29.928  Wait Started -- FileData ID 190610
5/29 20:02:29.928  Wait Finished -- FileData ID 190610
5/29 20:02:29.928  Wait Started -- FileData ID 132031
5/29 20:02:29.928  Wait Finished -- FileData ID 132031
5/29 20:02:29.928  Wait Started -- FileData ID 189401
5/29 20:02:29.928  Wait Finished -- FileData ID 189401
5/29 20:02:29.928  Wait Started -- FileData ID 131941
5/29 20:02:29.928  Wait Finished -- FileData ID 131941
5/29 20:02:29.928  Wait Started -- FileData ID 198784
5/29 20:02:29.928  Wait Finished -- FileData ID 198784
5/29 20:02:29.928  Wait Started -- FileData ID 145513
5/29 20:02:29.928  Wait Finished -- FileData ID 145513
5/29 20:02:29.928  Wait Started -- FileData ID 190443
5/29 20:02:29.928  Wait Finished -- FileData ID 190443
5/29 20:02:29.928  Wait Started -- FileData ID 132026
5/29 20:02:29.928  Wait Finished -- FileData ID 132026
5/29 20:02:29.928  Wait Started -- FileData ID 127449
5/29 20:02:29.928  Wait Finished -- FileData ID 127449
5/29 20:02:29.928  Wait Started -- FileData ID 128677
5/29 20:02:29.928  Wait Finished -- FileData ID 128677
5/29 20:02:29.928  Wait Started -- FileData ID 129144
5/29 20:02:29.928  Wait Finished -- FileData ID 129144
5/29 20:02:29.928  Wait Started -- FileData ID 127085
5/29 20:02:29.928  Wait Finished -- FileData ID 127085
5/29 20:02:29.943  Wait Started -- FileData ID 127791
5/29 20:02:29.943  Wait Finished -- FileData ID 127791
5/29 20:02:29.943  Wait Started -- FileData ID 129145
5/29 20:02:29.943  Wait Finished -- FileData ID 129145
5/29 20:02:29.943  Wait Started -- FileData ID 127088
5/29 20:02:29.943  Wait Finished -- FileData ID 127088
5/29 20:02:29.943  Wait Started -- FileData ID 128678
5/29 20:02:29.943  Wait Finished -- FileData ID 128678
5/29 20:02:29.943  Cancel requested -- FileData ID 121756
5/29 20:02:29.943  Cancel requested -- FileData ID 148134
5/29 20:02:29.943  Cancel requested -- FileData ID 142735
5/29 20:02:29.943  Cancel processed -- FileData ID 121756
5/29 20:02:29.943  Cancel processed -- FileData ID 148134
5/29 20:02:29.943  Cancel processed -- FileData ID 142735
5/29 20:04:09.605  Wait Started -- FileData ID 131839
5/29 20:04:09.605  Wait Finished -- FileData ID 131839
5/29 20:04:09.605  Wait Started -- FileData ID 1620538
5/29 20:04:09.605  Wait Finished -- FileData ID 1620538
5/29 20:04:09.605  Wait Started -- FileData ID 131812
5/29 20:04:09.605  Wait Finished -- FileData ID 131812
5/29 20:04:09.605  Wait Started -- FileData ID 1620539
5/29 20:04:09.605  Wait Finished -- FileData ID 1620539
5/29 20:04:10.928  Wait Started -- World\Maps\Azeroth\Azeroth.wdt
5/29 20:04:10.928  Wait Finished -- World\Maps\Azeroth\Azeroth.wdt
5/29 20:04:10.928  Wait Started -- World\Maps\Azeroth\Azeroth.wdl
5/29 20:04:10.928  Wait Finished -- World\Maps\Azeroth\Azeroth.wdl
5/29 20:04:10.928  Wait Started -- World\Maps\Azeroth\Azeroth.tex
5/29 20:04:10.946  Wait Finished -- World\Maps\Azeroth\Azeroth.tex
5/29 20:04:14.360  Cancel requested -- FileData ID 121754
5/29 20:04:14.369  Cancel requested -- Interface\TargetingFrame\UI-TargetingFrame-Skull.blp
5/29 20:04:14.369  Cancel requested -- Interface\TargetingFrame\UI-RaidTargetingIcons.blp
5/29 20:04:14.369  Cancel processed -- FileData ID 121754
5/29 20:04:14.369  Cancel processed -- Interface\TargetingFrame\UI-RaidTargetingIcons.blp
5/29 20:04:14.369  Cancel processed -- Interface\TargetingFrame\UI-TargetingFrame-Skull.blp
5/29 20:04:36.621  Cancel requested -- FileData ID 121752
5/29 20:04:36.621  Cancel processed -- FileData ID 121752
5/29 20:04:39.026  Cancel requested -- FileData ID 121758
5/29 20:04:39.026  Cancel processed -- FileData ID 121758
5/29 20:04:39.811  Cancel requested -- Interface\TargetingFrame\UI-TargetingFrame-Skull.blp
5/29 20:04:39.811  Cancel requested -- Interface\TargetingFrame\UI-RaidTargetingIcons.blp
5/29 20:04:39.811  Cancel processed -- Interface\TargetingFrame\UI-RaidTargetingIcons.blp
5/29 20:04:39.811  Cancel processed -- Interface\TargetingFrame\UI-TargetingFrame-Skull.blp
5/29 20:04:42.183  Streaming failed -- FileData ID 1089595 [Invalid file handle]. Errorstack: 
 Can't find file in build manifest


5/29 20:04:43.584  Streaming failed -- FileData ID 1089595 [Invalid file handle]. Errorstack: 
 Can't find file in build manifest


5/29 20:04:45.133  Streaming failed -- FileData ID 1089595 [Invalid file handle]. Errorstack: 
 Can't find file in build manifest


5/29 20:04:48.370  Streaming failed -- FileData ID 1089595 [Invalid file handle]. Errorstack: 
 Can't find file in build manifest


5/29 20:04:48.921  Streaming failed -- FileData ID 1089595 [Invalid file handle]. Errorstack: 
 Can't find file in build manifest


5/29 20:04:49.998  Cancel requested -- FileData ID 121758
5/29 20:04:49.998  Cancel processed -- FileData ID 121758
5/29 20:04:52.171  Streaming failed -- FileData ID 1089595 [Invalid file handle]. Errorstack: 
 Can't find file in build manifest


5/29 20:04:55.913  Streaming failed -- FileData ID 1089595 [Invalid file handle]. Errorstack: 
 Can't find file in build manifest


5/29 20:04:56.589  Streaming failed -- FileData ID 1089595 [Invalid file handle]. Errorstack: 
 Can't find file in build manifest


5/29 20:04:58.004  Streaming failed -- FileData ID 1089595 [Invalid file handle]. Errorstack: 
 Can't find file in build manifest


5/29 20:05:00.415  Streaming failed -- FileData ID 1089595 [Invalid file handle]. Errorstack: 
 Can't find file in build manifest


5/29 20:05:04.577  Cancel requested -- FileData ID 121755
5/29 20:05:04.577  Cancel processed -- FileData ID 121755
5/29 20:05:11.048  Streaming failed -- FileData ID 1089595 [Invalid file handle]. Errorstack: 
 Can't find file in build manifest


5/29 20:05:13.580  Streaming failed -- FileData ID 1089595 [Invalid file handle]. Errorstack: 
 Can't find file in build manifest


5/29 20:05:14.357  Streaming failed -- FileData ID 1089595 [Invalid file handle]. Errorstack: 
 Can't find file in build manifest


5/29 20:05:15.538  Streaming failed -- FileData ID 1089595 [Invalid file handle]. Errorstack: 
 Can't find file in build manifest


5/29 20:05:16.822  Streaming failed -- FileData ID 1089595 [Invalid file handle]. Errorstack: 
 Can't find file in build manifest


5/29 20:05:18.339  Streaming failed -- FileData ID 1089595 [Invalid file handle]. Errorstack: 
 Can't find file in build manifest


5/29 20:05:22.286  Streaming failed -- FileData ID 1089595 [Invalid file handle]. Errorstack: 
 Can't find file in build manifest


5/29 20:05:24.209  Streaming failed -- FileData ID 1089595 [Invalid file handle]. Errorstack: 
 Can't find file in build manifest


5/29 20:05:27.178  Streaming failed -- FileData ID 1089595 [Invalid file handle]. Errorstack: 
 Can't find file in build manifest


5/29 20:05:34.951  Streaming failed -- FileData ID 1089595 [Invalid file handle]. Errorstack: 
 Can't find file in build manifest


5/29 20:05:35.986  Streaming failed -- FileData ID 1089595 [Invalid file handle]. Errorstack: 
 Can't find file in build manifest


5/29 20:05:37.899  Streaming failed -- FileData ID 1089595 [Invalid file handle]. Errorstack: 
 Can't find file in build manifest


5/29 20:05:38.500  Streaming failed -- FileData ID 1089595 [Invalid file handle]. Errorstack: 
 Can't find file in build manifest


5/29 20:05:39.826  Streaming failed -- FileData ID 1089595 [Invalid file handle]. Errorstack: 
 Can't find file in build manifest


5/29 20:05:41.349  Streaming failed -- FileData ID 1089595 [Invalid file handle]. Errorstack: 
 Can't find file in build manifest


5/29 20:05:43.761  Streaming failed -- FileData ID 1089595 [Invalid file handle]. Errorstack: 
 Can't find file in build manifest


5/29 20:05:45.369  Streaming failed -- FileData ID 1089595 [Invalid file handle]. Errorstack: 
 Can't find file in build manifest


5/29 20:05:48.112  Streaming failed -- FileData ID 1089595 [Invalid file handle]. Errorstack: 
 Can't find file in build manifest


5/29 20:05:53.401  Streaming failed -- FileData ID 1089595 [Invalid file handle]. Errorstack: 
 Can't find file in build manifest


5/29 20:05:56.232  Streaming failed -- FileData ID 1089595 [Invalid file handle]. Errorstack: 
 Can't find file in build manifest


5/29 20:05:57.797  Streaming failed -- FileData ID 1089595 [Invalid file handle]. Errorstack: 
 Can't find file in build manifest


5/29 20:05:58.851  Streaming failed -- FileData ID 1089595 [Invalid file handle]. Errorstack: 
 Can't find file in build manifest


5/29 20:05:59.716  Streaming failed -- FileData ID 1089595 [Invalid file handle]. Errorstack: 
 Can't find file in build manifest


5/29 20:06:01.347  Streaming failed -- FileData ID 1089595 [Invalid file handle]. Errorstack: 
 Can't find file in build manifest


5/29 20:06:06.554  Streaming failed -- FileData ID 1089595 [Invalid file handle]. Errorstack: 
 Can't find file in build manifest


5/29 20:06:07.936  Streaming failed -- FileData ID 1089595 [Invalid file handle]. Errorstack: 
 Can't find file in build manifest


5/29 20:06:10.154  Streaming failed -- FileData ID 1089595 [Invalid file handle]. Errorstack: 
 Can't find file in build manifest


5/29 20:06:14.085  Streaming failed -- FileData ID 1089595 [Invalid file handle]. Errorstack: 
 Can't find file in build manifest


5/29 20:06:18.141  Streaming failed -- FileData ID 1089595 [Invalid file handle]. Errorstack: 
 Can't find file in build manifest


5/29 20:06:22.380  Streaming failed -- FileData ID 1089595 [Invalid file handle]. Errorstack: 
 Can't find file in build manifest


5/29 20:06:26.136  Streaming failed -- FileData ID 1089595 [Invalid file handle]. Errorstack: 
 Can't find file in build manifest


5/29 20:06:33.055  Streaming failed -- FileData ID 1089595 [Invalid file handle]. Errorstack: 
 Can't find file in build manifest


5/29 20:06:34.294  Streaming failed -- FileData ID 1089595 [Invalid file handle]. Errorstack: 
 Can't find file in build manifest


5/29 20:06:35.259  Streaming failed -- FileData ID 1089595 [Invalid file handle]. Errorstack: 
 Can't find file in build manifest


5/29 20:06:36.635  Streaming failed -- FileData ID 1089595 [Invalid file handle]. Errorstack: 
 Can't find file in build manifest


5/29 20:06:42.552  Streaming failed -- FileData ID 1089595 [Invalid file handle]. Errorstack: 
 Can't find file in build manifest


5/29 20:06:51.165  Streaming failed -- FileData ID 1089595 [Invalid file handle]. Errorstack: 
 Can't find file in build manifest


5/29 20:06:52.052  Streaming failed -- FileData ID 1089595 [Invalid file handle]. Errorstack: 
 Can't find file in build manifest


5/29 20:06:52.927  Streaming failed -- FileData ID 1089595 [Invalid file handle]. Errorstack: 
 Can't find file in build manifest


5/29 20:06:53.535  Streaming failed -- FileData ID 1089595 [Invalid file handle]. Errorstack: 
 Can't find file in build manifest


5/29 20:06:56.981  Streaming failed -- FileData ID 1089595 [Invalid file handle]. Errorstack: 
 Can't find file in build manifest


5/29 20:06:58.043  Streaming failed -- FileData ID 1089595 [Invalid file handle]. Errorstack: 
 Can't find file in build manifest


5/29 20:07:01.109  Streaming failed -- FileData ID 1089595 [Invalid file handle]. Errorstack: 
 Can't find file in build manifest


5/29 20:07:03.177  Streaming failed -- FileData ID 1089595 [Invalid file handle]. Errorstack: 
 Can't find file in build manifest


5/29 20:07:05.339  Streaming failed -- FileData ID 1089595 [Invalid file handle]. Errorstack: 
 Can't find file in build manifest


5/29 20:07:09.049  Streaming failed -- FileData ID 1089595 [Invalid file handle]. Errorstack: 
 Can't find file in build manifest


5/29 20:07:10.194  Streaming failed -- FileData ID 1089595 [Invalid file handle]. Errorstack: 
 Can't find file in build manifest


5/29 20:07:13.866  Cancel requested -- Interface\Buttons\UI-Panel-Button-Disabled.blp
5/29 20:07:13.866  Cancel processed -- Interface\Buttons\UI-Panel-Button-Disabled.blp
5/29 20:07:14.099  Streaming failed -- FileData ID 1089595 [Invalid file handle]. Errorstack: 
 Can't find file in build manifest


5/29 20:07:23.403  Streaming failed -- FileData ID 1089595 [Invalid file handle]. Errorstack: 
 Can't find file in build manifest


5/29 20:07:25.689  Streaming failed -- FileData ID 1089595 [Invalid file handle]. Errorstack: 
 Can't find file in build manifest


5/29 20:07:27.319  Streaming failed -- FileData ID 1089595 [Invalid file handle]. Errorstack: 
 Can't find file in build manifest


5/29 20:07:28.782  Streaming failed -- FileData ID 1089595 [Invalid file handle]. Errorstack: 
 Can't find file in build manifest


5/29 20:08:05.690  Streaming failed -- FileData ID 1089595 [Invalid file handle]. Errorstack: 
 Can't find file in build manifest


5/29 20:08:16.857  Streaming failed -- FileData ID 1089595 [Invalid file handle]. Errorstack: 
 Can't find file in build manifest


5/29 20:08:19.000  Streaming failed -- FileData ID 1089595 [Invalid file handle]. Errorstack: 
 Can't find file in build manifest


5/29 20:08:21.047  Streaming failed -- FileData ID 1089595 [Invalid file handle]. Errorstack: 
 Can't find file in build manifest


5/29 20:08:41.225  Cancel requested -- FileData ID 121752
5/29 20:08:41.225  Cancel requested -- FileData ID 121754
5/29 20:08:41.225  Cancel processed -- FileData ID 121752
5/29 20:08:41.225  Cancel processed -- FileData ID 121754
5/29 20:08:44.157  Streaming failed -- FileData ID 1089595 [Invalid file handle]. Errorstack: 
 Can't find file in build manifest


5/29 20:08:45.112  Streaming failed -- FileData ID 1089595 [Invalid file handle]. Errorstack: 
 Can't find file in build manifest


5/29 20:08:48.367  Streaming failed -- FileData ID 1089595 [Invalid file handle]. Errorstack: 
 Can't find file in build manifest


5/29 20:08:49.417  Streaming failed -- FileData ID 1089595 [Invalid file handle]. Errorstack: 
 Can't find file in build manifest


5/29 20:08:50.539  Streaming failed -- FileData ID 1089595 [Invalid file handle]. Errorstack: 
 Can't find file in build manifest


5/29 20:08:51.633  Streaming failed -- FileData ID 1089595 [Invalid file handle]. Errorstack: 
 Can't find file in build manifest


5/29 20:08:55.838  Cancel requested -- FileData ID 121751
5/29 20:08:55.838  Cancel processed -- FileData ID 121751
5/29 20:08:56.053  Streaming failed -- FileData ID 1089595 [Invalid file handle]. Errorstack: 
 Can't find file in build manifest


5/29 20:09:00.065  Streaming failed -- FileData ID 1089595 [Invalid file handle]. Errorstack: 
 Can't find file in build manifest


5/29 20:09:01.031  Streaming failed -- FileData ID 1089595 [Invalid file handle]. Errorstack: 
 Can't find file in build manifest


5/29 20:09:01.985  Streaming failed -- FileData ID 1089595 [Invalid file handle]. Errorstack: 
 Can't find file in build manifest


5/29 20:09:02.891  Streaming failed -- FileData ID 1089595 [Invalid file handle]. Errorstack: 
 Can't find file in build manifest


5/29 20:09:04.428  Cancel requested -- FileData ID 121750
5/29 20:09:04.428  Cancel processed -- FileData ID 121750
5/29 20:09:04.726  Streaming failed -- FileData ID 1089595 [Invalid file handle]. Errorstack: 
 Can't find file in build manifest


5/29 20:09:05.334  Streaming failed -- FileData ID 1089595 [Invalid file handle]. Errorstack: 
 Can't find file in build manifest


5/29 20:09:07.186  Streaming failed -- FileData ID 1089595 [Invalid file handle]. Errorstack: 
 Can't find file in build manifest


5/29 20:09:09.158  Streaming failed -- FileData ID 1089595 [Invalid file handle]. Errorstack: 
 Can't find file in build manifest


5/29 20:09:10.888  Cancel requested -- Interface\TargetingFrame\UI-TargetingFrame-Skull.blp
5/29 20:09:10.888  Cancel requested -- Interface\TargetingFrame\UI-RaidTargetingIcons.blp
5/29 20:09:10.888  Cancel processed -- Interface\TargetingFrame\UI-RaidTargetingIcons.blp
5/29 20:09:10.888  Cancel processed -- Interface\TargetingFrame\UI-TargetingFrame-Skull.blp
5/29 20:09:11.092  Streaming failed -- FileData ID 1089595 [Invalid file handle]. Errorstack: 
 Can't find file in build manifest


5/29 20:09:11.577  Cancel requested -- Interface\TargetingFrame\UI-TargetingFrame-Skull.blp
5/29 20:09:11.577  Cancel requested -- Interface\TargetingFrame\UI-RaidTargetingIcons.blp
5/29 20:09:11.577  Cancel processed -- Interface\TargetingFrame\UI-RaidTargetingIcons.blp
5/29 20:09:11.577  Cancel processed -- Interface\TargetingFrame\UI-TargetingFrame-Skull.blp
5/29 20:09:11.727  Cancel requested -- Interface\TargetingFrame\UI-TargetingFrame-Skull.blp
5/29 20:09:11.727  Cancel requested -- Interface\TargetingFrame\UI-RaidTargetingIcons.blp
5/29 20:09:11.727  Cancel processed -- Interface\TargetingFrame\UI-RaidTargetingIcons.blp
5/29 20:09:11.727  Cancel processed -- Interface\TargetingFrame\UI-TargetingFrame-Skull.blp
5/29 20:09:11.852  Cancel requested -- Interface\TargetingFrame\UI-TargetingFrame-Skull.blp
5/29 20:09:11.852  Cancel requested -- Interface\TargetingFrame\UI-RaidTargetingIcons.blp
5/29 20:09:11.852  Cancel processed -- Interface\TargetingFrame\UI-RaidTargetingIcons.blp
5/29 20:09:11.852  Cancel processed -- Interface\TargetingFrame\UI-TargetingFrame-Skull.blp
5/29 20:09:12.477  Cancel requested -- Interface\TargetingFrame\UI-TargetingFrame-Skull.blp
5/29 20:09:12.477  Cancel requested -- Interface\TargetingFrame\UI-RaidTargetingIcons.blp
5/29 20:09:12.477  Cancel processed -- Interface\TargetingFrame\UI-RaidTargetingIcons.blp
5/29 20:09:12.477  Cancel processed -- Interface\TargetingFrame\UI-TargetingFrame-Skull.blp
5/29 20:09:16.473  Streaming failed -- FileData ID 1089595 [Invalid file handle]. Errorstack: 
 Can't find file in build manifest


5/29 20:09:17.485  Streaming failed -- FileData ID 1089595 [Invalid file handle]. Errorstack: 
 Can't find file in build manifest


5/29 20:09:20.517  Streaming failed -- FileData ID 1089595 [Invalid file handle]. Errorstack: 
 Can't find file in build manifest


5/29 20:09:22.157  Streaming failed -- FileData ID 1089595 [Invalid file handle]. Errorstack: 
 Can't find file in build manifest


5/29 20:09:23.205  Streaming failed -- FileData ID 1089595 [Invalid file handle]. Errorstack: 
 Can't find file in build manifest


5/29 20:09:24.138  Streaming failed -- FileData ID 1089595 [Invalid file handle]. Errorstack: 
 Can't find file in build manifest


5/29 20:09:31.704  Streaming failed -- FileData ID 1089595 [Invalid file handle]. Errorstack: 
 Can't find file in build manifest


5/29 20:09:32.837  Streaming failed -- FileData ID 1089595 [Invalid file handle]. Errorstack: 
 Can't find file in build manifest


5/29 20:09:33.855  Streaming failed -- FileData ID 1089595 [Invalid file handle]. Errorstack: 
 Can't find file in build manifest


5/29 20:09:34.391  Streaming failed -- FileData ID 1089595 [Invalid file handle]. Errorstack: 
 Can't find file in build manifest


5/29 20:09:36.299  Streaming failed -- FileData ID 1089595 [Invalid file handle]. Errorstack: 
 Can't find file in build manifest


5/29 20:09:39.597  Streaming failed -- FileData ID 1089595 [Invalid file handle]. Errorstack: 
 Can't find file in build manifest


5/29 20:09:40.559  Streaming failed -- FileData ID 1089595 [Invalid file handle]. Errorstack: 
 Can't find file in build manifest


5/29 20:09:45.789  Cancel requested -- FileData ID 119933
5/29 20:09:45.789  Cancel processed -- FileData ID 119933
5/29 20:09:46.231  Streaming failed -- FileData ID 1089595 [Invalid file handle]. Errorstack: 
 Can't find file in build manifest


5/29 20:09:48.440  Streaming failed -- FileData ID 1089595 [Invalid file handle]. Errorstack: 
 Can't find file in build manifest


5/29 20:09:50.640  Cancel requested -- FileData ID 119937
5/29 20:09:50.640  Cancel processed -- FileData ID 119937
5/29 20:09:51.812  Cancel requested -- FileData ID 119924
5/29 20:09:51.812  Cancel requested -- FileData ID 119924
5/29 20:09:51.812  Cancel processed -- FileData ID 119924
5/29 20:09:51.812  Cancel processed -- FileData ID 119924
5/29 20:09:56.407  Streaming failed -- FileData ID 1089595 [Invalid file handle]. Errorstack: 
 Can't find file in build manifest


5/29 20:09:59.017  Streaming failed -- FileData ID 1089595 [Invalid file handle]. Errorstack: 
 Can't find file in build manifest


5/29 20:10:04.299  Streaming failed -- FileData ID 1089595 [Invalid file handle]. Errorstack: 
 Can't find file in build manifest


5/29 20:10:17.444  Cancel requested -- Interface\PaperDollInfoFrame\UI-Character-Skills-Bar.blp
5/29 20:10:17.444  Cancel processed -- Interface\PaperDollInfoFrame\UI-Character-Skills-Bar.blp
5/29 20:10:20.309  Streaming failed -- FileData ID 1089595 [Invalid file handle]. Errorstack: 
 Can't find file in build manifest


5/29 20:10:24.490  Streaming failed -- FileData ID 1089595 [Invalid file handle]. Errorstack: 
 Can't find file in build manifest


5/29 20:10:26.890  Streaming failed -- FileData ID 1089595 [Invalid file handle]. Errorstack: 
 Can't find file in build manifest


5/29 20:10:31.926  Streaming failed -- FileData ID 1089595 [Invalid file handle]. Errorstack: 
 Can't find file in build manifest


5/29 20:10:35.811  Streaming failed -- FileData ID 1089595 [Invalid file handle]. Errorstack: 
 Can't find file in build manifest


5/29 20:10:38.669  Streaming failed -- FileData ID 1089595 [Invalid file handle]. Errorstack: 
 Can't find file in build manifest


5/29 20:10:40.225  Streaming failed -- FileData ID 1089595 [Invalid file handle]. Errorstack: 
 Can't find file in build manifest


5/29 20:10:41.439  Streaming failed -- FileData ID 1089595 [Invalid file handle]. Errorstack: 
 Can't find file in build manifest


5/29 20:10:43.236  Streaming failed -- FileData ID 1089595 [Invalid file handle]. Errorstack: 
 Can't find file in build manifest


5/29 20:10:47.428  Streaming failed -- FileData ID 1089595 [Invalid file handle]. Errorstack: 
 Can't find file in build manifest


5/29 20:10:49.152  Streaming failed -- FileData ID 1089595 [Invalid file handle]. Errorstack: 
 Can't find file in build manifest


5/29 20:10:54.846  Streaming failed -- FileData ID 1089595 [Invalid file handle]. Errorstack: 
 Can't find file in build manifest


5/29 20:10:59.234  Streaming failed -- FileData ID 1089595 [Invalid file handle]. Errorstack: 
 Can't find file in build manifest


5/29 20:11:00.141  Streaming failed -- FileData ID 1089595 [Invalid file handle]. Errorstack: 
 Can't find file in build manifest


5/29 20:11:01.540  Streaming failed -- FileData ID 1089595 [Invalid file handle]. Errorstack: 
 Can't find file in build manifest


5/29 20:11:02.699  Streaming failed -- FileData ID 1089595 [Invalid file handle]. Errorstack: 
 Can't find file in build manifest


5/29 20:11:04.239  Streaming failed -- FileData ID 1089595 [Invalid file handle]. Errorstack: 
 Can't find file in build manifest


5/29 20:11:05.724  Streaming failed -- FileData ID 1089595 [Invalid file handle]. Errorstack: 
 Can't find file in build manifest


5/29 20:11:07.610  Streaming failed -- FileData ID 1089595 [Invalid file handle]. Errorstack: 
 Can't find file in build manifest


5/29 20:11:11.386  Streaming failed -- FileData ID 1089595 [Invalid file handle]. Errorstack: 
 Can't find file in build manifest


5/29 20:11:13.323  Streaming failed -- FileData ID 1089595 [Invalid file handle]. Errorstack: 
 Can't find file in build manifest


5/29 20:11:29.436  Streaming failed -- FileData ID 1089595 [Invalid file handle]. Errorstack: 
 Can't find file in build manifest


5/29 20:11:31.858  Streaming failed -- FileData ID 1089595 [Invalid file handle]. Errorstack: 
 Can't find file in build manifest


5/29 20:11:33.224  Cancel requested -- FileData ID 121750
5/29 20:11:33.224  Cancel processed -- FileData ID 121750
5/29 20:11:35.135  Streaming failed -- FileData ID 1089595 [Invalid file handle]. Errorstack: 
 Can't find file in build manifest


5/29 20:11:36.501  Streaming failed -- FileData ID 1089595 [Invalid file handle]. Errorstack: 
 Can't find file in build manifest


5/29 20:11:42.307  Streaming failed -- FileData ID 1089595 [Invalid file handle]. Errorstack: 
 Can't find file in build manifest


5/29 20:11:55.119  Cancel requested -- FileData ID 121752
5/29 20:11:55.119  Cancel processed -- FileData ID 121752
5/29 20:11:55.765  Streaming failed -- FileData ID 1089595 [Invalid file handle]. Errorstack: 
 Can't find file in build manifest


5/29 20:12:01.146  Cancel requested -- FileData ID 121754
5/29 20:12:01.146  Cancel processed -- FileData ID 121754
5/29 20:12:01.537  Streaming failed -- FileData ID 1089595 [Invalid file handle]. Errorstack: 
 Can't find file in build manifest


5/29 20:12:06.325  Cancel requested -- Interface\Store\store-item-highlight.blp
5/29 20:12:06.325  Cancel processed -- Interface\Store\store-item-highlight.blp
5/29 20:12:15.777  Cancel requested -- FileData ID 121750
5/29 20:12:15.777  Cancel processed -- FileData ID 121750
5/29 20:12:19.447  Cancel requested -- FileData ID 121751
5/29 20:12:19.447  Cancel processed -- FileData ID 121751
5/29 20:12:58.864  Streaming failed -- FileData ID 1089595 [Invalid file handle]. Errorstack: 
 Can't find file in build manifest


5/29 20:13:06.477  Streaming failed -- FileData ID 1089595 [Invalid file handle]. Errorstack: 
 Can't find file in build manifest


5/29 20:13:08.367  Streaming failed -- FileData ID 1089595 [Invalid file handle]. Errorstack: 
 Can't find file in build manifest


5/29 20:13:29.750  Streaming failed -- FileData ID 1089595 [Invalid file handle]. Errorstack: 
 Can't find file in build manifest


5/29 20:13:37.354  Streaming failed -- FileData ID 1089595 [Invalid file handle]. Errorstack: 
 Can't find file in build manifest


5/29 20:13:44.944  Cancel requested -- FileData ID 121753
5/29 20:13:44.944  Cancel processed -- FileData ID 121753
5/29 20:14:02.661  Streaming failed -- FileData ID 1089595 [Invalid file handle]. Errorstack: 
 Can't find file in build manifest


5/29 20:14:04.647  Streaming failed -- FileData ID 1089595 [Invalid file handle]. Errorstack: 
 Can't find file in build manifest


5/29 20:14:06.887  Streaming failed -- FileData ID 1089595 [Invalid file handle]. Errorstack: 
 Can't find file in build manifest


5/29 20:14:07.854  Streaming failed -- FileData ID 1089595 [Invalid file handle]. Errorstack: 
 Can't find file in build manifest


5/29 20:14:10.074  Streaming failed -- FileData ID 1089595 [Invalid file handle]. Errorstack: 
 Can't find file in build manifest


5/29 20:14:11.107  Streaming failed -- FileData ID 1089595 [Invalid file handle]. Errorstack: 
 Can't find file in build manifest


5/29 20:14:12.272  Streaming failed -- FileData ID 1089595 [Invalid file handle]. Errorstack: 
 Can't find file in build manifest


5/29 20:14:13.569  Streaming failed -- FileData ID 1089595 [Invalid file handle]. Errorstack: 
 Can't find file in build manifest


5/29 20:14:14.221  Streaming failed -- FileData ID 1089595 [Invalid file handle]. Errorstack: 
 Can't find file in build manifest


5/29 20:14:17.014  Streaming failed -- FileData ID 1089595 [Invalid file handle]. Errorstack: 
 Can't find file in build manifest


5/29 20:14:18.170  Streaming failed -- FileData ID 1089595 [Invalid file handle]. Errorstack: 
 Can't find file in build manifest


5/29 20:14:23.040  Cancel requested -- FileData ID 121754
5/29 20:14:23.040  Cancel processed -- FileData ID 121754
5/29 20:14:29.790  Streaming failed -- FileData ID 1089595 [Invalid file handle]. Errorstack: 
 Can't find file in build manifest


5/29 20:14:34.659  Streaming failed -- FileData ID 1089595 [Invalid file handle]. Errorstack: 
 Can't find file in build manifest


5/29 20:14:35.220  Cancel requested -- FileData ID 121749
5/29 20:14:35.220  Cancel processed -- FileData ID 121749
5/29 20:14:40.384  Streaming failed -- FileData ID 1089595 [Invalid file handle]. Errorstack: 
 Can't find file in build manifest


5/29 20:15:01.600  Cancel requested -- FileData ID 121755
5/29 20:15:01.600  Cancel processed -- FileData ID 121755
5/29 20:16:37.053  Streaming failed -- FileData ID 1089595 [Invalid file handle]. Errorstack: 
 Can't find file in build manifest


5/29 20:16:42.826  Streaming failed -- FileData ID 1089595 [Invalid file handle]. Errorstack: 
 Can't find file in build manifest


5/29 20:16:44.657  Streaming failed -- FileData ID 1089595 [Invalid file handle]. Errorstack: 
 Can't find file in build manifest


5/29 20:16:55.072  Cancel requested -- FileData ID 121755
5/29 20:16:55.072  Cancel processed -- FileData ID 121755
5/29 20:17:21.235  Streaming failed -- FileData ID 1089595 [Invalid file handle]. Errorstack: 
 Can't find file in build manifest


5/29 20:17:22.460  Streaming failed -- FileData ID 1089595 [Invalid file handle]. Errorstack: 
 Can't find file in build manifest


5/29 20:17:24.944  Streaming failed -- FileData ID 1089595 [Invalid file handle]. Errorstack: 
 Can't find file in build manifest


5/29 20:17:47.258  Cancel requested -- FileData ID 121753
5/29 20:17:47.258  Cancel processed -- FileData ID 121753
5/29 20:17:53.762  Streaming failed -- FileData ID 1089595 [Invalid file handle]. Errorstack: 
 Can't find file in build manifest


5/29 20:18:02.392  Streaming failed -- FileData ID 1089595 [Invalid file handle]. Errorstack: 
 Can't find file in build manifest


5/29 20:18:06.277  Streaming failed -- FileData ID 1089595 [Invalid file handle]. Errorstack: 
 Can't find file in build manifest


5/29 20:18:20.988  Cancel requested -- FileData ID 121749
5/29 20:18:20.992  Cancel processed -- FileData ID 121749
5/29 20:18:25.993  Streaming failed -- FileData ID 1089595 [Invalid file handle]. Errorstack: 
 Can't find file in build manifest


5/29 20:18:31.637  Streaming failed -- FileData ID 1089595 [Invalid file handle]. Errorstack: 
 Can't find file in build manifest


5/29 20:18:37.446  Streaming failed -- FileData ID 1089595 [Invalid file handle]. Errorstack: 
 Can't find file in build manifest


5/29 20:18:51.626  Streaming failed -- FileData ID 1089595 [Invalid file handle]. Errorstack: 
 Can't find file in build manifest


5/29 20:19:08.437  Cancel requested -- FileData ID 119933
5/29 20:19:08.437  Cancel processed -- FileData ID 119933
5/29 20:19:13.615  Cancel requested -- FileData ID 119924
5/29 20:19:13.615  Cancel processed -- FileData ID 119924
5/29 20:19:17.318  Cancel requested -- FileData ID 119924
5/29 20:19:17.321  Cancel processed -- FileData ID 119924
5/29 20:19:18.866  Cancel requested -- FileData ID 119924
5/29 20:19:18.866  Cancel processed -- FileData ID 119924
5/29 20:19:21.770  Streaming failed -- FileData ID 1089595 [Invalid file handle]. Errorstack: 
 Can't find file in build manifest


5/29 20:19:22.183  Cancel requested -- FileData ID 119937
5/29 20:19:22.183  Cancel processed -- FileData ID 119937
5/29 20:19:23.231  Streaming failed -- FileData ID 1089595 [Invalid file handle]. Errorstack: 
 Can't find file in build manifest


5/29 20:19:24.127  Cancel requested -- FileData ID 119924
5/29 20:19:24.131  Cancel processed -- FileData ID 119924
5/29 20:19:25.225  Streaming failed -- FileData ID 1089595 [Invalid file handle]. Errorstack: 
 Can't find file in build manifest


5/29 20:19:31.285  Streaming failed -- FileData ID 1089595 [Invalid file handle]. Errorstack: 
 Can't find file in build manifest


5/29 20:19:33.027  Streaming failed -- FileData ID 1089595 [Invalid file handle]. Errorstack: 
 Can't find file in build manifest


5/29 20:19:35.107  Streaming failed -- FileData ID 1089595 [Invalid file handle]. Errorstack: 
 Can't find file in build manifest


5/29 20:19:36.068  Streaming failed -- FileData ID 1089595 [Invalid file handle]. Errorstack: 
 Can't find file in build manifest


5/29 20:19:37.639  Streaming failed -- FileData ID 1089595 [Invalid file handle]. Errorstack: 
 Can't find file in build manifest


5/29 20:19:38.698  Streaming failed -- FileData ID 1089595 [Invalid file handle]. Errorstack: 
 Can't find file in build manifest


5/29 20:19:42.724  Streaming failed -- FileData ID 1089595 [Invalid file handle]. Errorstack: 
 Can't find file in build manifest


5/29 20:19:44.019  Cancel requested -- FileData ID 121753
5/29 20:19:44.024  Cancel processed -- FileData ID 121753
5/29 20:20:10.264  Cancel requested -- Interface\Minimap\UI-Minimap-ZoomOutButton-Up.blp
5/29 20:20:10.264  Cancel processed -- Interface\Minimap\UI-Minimap-ZoomOutButton-Up.blp
5/29 20:20:10.715  Cancel requested -- Interface\TargetingFrame\UI-TargetingFrame-Skull.blp
5/29 20:20:10.715  Cancel requested -- Interface\TargetingFrame\UI-RaidTargetingIcons.blp
5/29 20:20:10.715  Cancel processed -- Interface\TargetingFrame\UI-RaidTargetingIcons.blp
5/29 20:20:10.715  Cancel processed -- Interface\TargetingFrame\UI-TargetingFrame-Skull.blp
5/29 20:20:10.773  Cancel requested -- Interface\TargetingFrame\UI-TargetingFrame-Skull.blp
5/29 20:20:10.773  Cancel requested -- Interface\TargetingFrame\UI-RaidTargetingIcons.blp
5/29 20:20:10.773  Cancel processed -- Interface\TargetingFrame\UI-RaidTargetingIcons.blp
5/29 20:20:10.773  Cancel processed -- Interface\TargetingFrame\UI-TargetingFrame-Skull.blp
5/29 20:20:10.803  Cancel requested -- Interface\TargetingFrame\UI-TargetingFrame-Skull.blp
5/29 20:20:10.803  Cancel requested -- Interface\TargetingFrame\UI-RaidTargetingIcons.blp
5/29 20:20:10.803  Cancel processed -- Interface\TargetingFrame\UI-RaidTargetingIcons.blp
5/29 20:20:10.803  Cancel processed -- Interface\TargetingFrame\UI-TargetingFrame-Skull.blp
5/29 20:20:10.992  Cancel requested -- Interface\TargetingFrame\UI-TargetingFrame-Skull.blp
5/29 20:20:10.992  Cancel requested -- Interface\TargetingFrame\UI-RaidTargetingIcons.blp
5/29 20:20:10.992  Cancel processed -- Interface\TargetingFrame\UI-RaidTargetingIcons.blp
5/29 20:20:10.992  Cancel processed -- Interface\TargetingFrame\UI-TargetingFrame-Skull.blp
5/29 20:20:11.050  Cancel requested -- Interface\TargetingFrame\UI-TargetingFrame-Skull.blp
5/29 20:20:11.050  Cancel requested -- Interface\TargetingFrame\UI-RaidTargetingIcons.blp
5/29 20:20:11.050  Cancel processed -- Interface\TargetingFrame\UI-RaidTargetingIcons.blp
5/29 20:20:11.050  Cancel processed -- Interface\TargetingFrame\UI-TargetingFrame-Skull.blp
5/29 20:20:11.241  Cancel requested -- Interface\TargetingFrame\UI-TargetingFrame-Skull.blp
5/29 20:20:11.241  Cancel requested -- Interface\TargetingFrame\UI-RaidTargetingIcons.blp
5/29 20:20:11.241  Cancel processed -- Interface\TargetingFrame\UI-RaidTargetingIcons.blp
5/29 20:20:11.241  Cancel processed -- Interface\TargetingFrame\UI-TargetingFrame-Skull.blp
5/29 20:20:13.502  Cancel requested -- Interface\QuestFrame\UI-Quest-BulletPoint.blp
5/29 20:20:13.502  Cancel requested -- Interface\QuestFrame\UI-QuestTitleHighlight.blp
5/29 20:20:13.502  Cancel processed -- Interface\QuestFrame\UI-Quest-BulletPoint.blp
5/29 20:20:13.502  Cancel processed -- Interface\QuestFrame\UI-QuestTitleHighlight.blp
5/29 20:20:42.783  Cancel requested -- Interface\Minimap\UI-Minimap-ZoomOutButton-Up.blp
5/29 20:20:42.783  Cancel processed -- Interface\Minimap\UI-Minimap-ZoomOutButton-Up.blp
5/29 20:20:48.432  Cancel requested -- Interface\Minimap\UI-Minimap-ZoomOutButton-Up.blp
5/29 20:20:48.432  Cancel processed -- Interface\Minimap\UI-Minimap-ZoomOutButton-Up.blp
5/29 20:21:15.653  Streaming failed -- FileData ID 1089595 [Invalid file handle]. Errorstack: 
 Can't find file in build manifest


5/29 20:21:24.588  Cancel requested -- xtextures\fx\screenmask.blp
5/29 20:21:24.937  Cancel processed -- xtextures\fx\screenmask.blp
5/29 20:21:25.542  Cancel requested -- FileData ID 481194
5/29 20:21:25.542  Cancel requested -- FileData ID 129018
5/29 20:21:25.542  Cancel requested -- FileData ID 131992
5/29 20:21:25.542  Cancel requested -- FileData ID 129334
5/29 20:21:25.542  Cancel requested -- FileData ID 129335
5/29 20:21:25.542  Cancel requested -- FileData ID 127938
5/29 20:21:25.542  Cancel requested -- FileData ID 129017
5/29 20:21:25.542  Cancel requested -- FileData ID 127941
5/29 20:21:25.542  Cancel requested -- FileData ID 127510
5/29 20:21:25.542  Cancel requested -- FileData ID 128617
5/29 20:21:25.542  Cancel requested -- FileData ID 131989
5/29 20:21:25.542  Cancel requested -- FileData ID 131991
5/29 20:21:25.542  Cancel requested -- FileData ID 131984
5/29 20:21:25.542  Cancel requested -- FileData ID 202025
5/29 20:21:25.542  Cancel requested -- FileData ID 131987
5/29 20:21:25.542  Cancel requested -- FileData ID 131985
5/29 20:21:25.542  Cancel requested -- FileData ID 202026
5/29 20:21:25.542  Cancel requested -- FileData ID 131988
5/29 20:21:25.542  Cancel requested -- FileData ID 131943
5/29 20:21:25.542  Cancel requested -- FileData ID 131983
5/29 20:21:25.542  Cancel requested -- FileData ID 131990
5/29 20:21:25.542  Cancel requested -- FileData ID 202069
5/29 20:21:25.542  Cancel requested -- FileData ID 131986
5/29 20:21:25.542  Cancel requested -- FileData ID 131956
5/29 20:21:25.542  Cancel requested -- FileData ID 131950
5/29 20:21:25.542  Cancel requested -- FileData ID 131957
5/29 20:21:25.542  Cancel requested -- FileData ID 131951
5/29 20:21:25.542  Cancel requested -- FileData ID 131952
5/29 20:21:25.542  Cancel requested -- FileData ID 131955
5/29 20:21:25.542  Cancel requested -- FileData ID 131954
5/29 20:21:25.542  Cancel requested -- FileData ID 131963
5/29 20:21:25.542  Cancel requested -- FileData ID 131964
5/29 20:21:25.542  Cancel requested -- FileData ID 132028
5/29 20:21:25.542  Cancel requested -- FileData ID 131958
5/29 20:21:25.542  Cancel requested -- FileData ID 131968
5/29 20:21:25.542  Cancel requested -- FileData ID 131966
5/29 20:21:25.542  Cancel requested -- FileData ID 131959
5/29 20:21:25.542  Cancel requested -- FileData ID 131967
5/29 20:21:25.542  Cancel requested -- FileData ID 131969
5/29 20:21:25.712  Cancel processed -- FileData ID 131956
5/29 20:21:25.712  Cancel processed -- FileData ID 131950
5/29 20:21:25.712  Cancel processed -- FileData ID 131957
5/29 20:21:25.712  Cancel processed -- FileData ID 131951
5/29 20:21:25.712  Cancel processed -- FileData ID 131952
5/29 20:21:25.712  Cancel processed -- FileData ID 131955
5/29 20:21:25.712  Cancel processed -- FileData ID 131954
5/29 20:21:25.712  Cancel processed -- FileData ID 131963
5/29 20:21:25.712  Cancel processed -- FileData ID 131964
5/29 20:21:25.712  Cancel processed -- FileData ID 132028
5/29 20:21:25.712  Cancel processed -- FileData ID 131958
5/29 20:21:25.712  Cancel processed -- FileData ID 131968
5/29 20:21:25.712  Cancel processed -- FileData ID 131966
5/29 20:21:25.712  Cancel processed -- FileData ID 131959
5/29 20:21:25.712  Cancel processed -- FileData ID 131967
5/29 20:21:25.712  Cancel processed -- FileData ID 131969
5/29 20:21:25.712  Cancel processed -- FileData ID 481194
5/29 20:21:25.712  Cancel processed -- FileData ID 129018
5/29 20:21:25.712  Cancel processed -- FileData ID 131992
5/29 20:21:25.712  Cancel processed -- FileData ID 129334
5/29 20:21:25.712  Cancel processed -- FileData ID 129335
5/29 20:21:25.712  Cancel processed -- FileData ID 127938
5/29 20:21:25.712  Cancel processed -- FileData ID 129017
5/29 20:21:25.712  Cancel processed -- FileData ID 127941
5/29 20:21:25.712  Cancel processed -- FileData ID 127510
5/29 20:21:25.712  Cancel processed -- FileData ID 128617
5/29 20:21:25.712  Cancel processed -- FileData ID 131989
5/29 20:21:25.712  Cancel processed -- FileData ID 131991
5/29 20:21:25.712  Cancel processed -- FileData ID 131984
5/29 20:21:25.712  Cancel processed -- FileData ID 202025
5/29 20:21:25.712  Cancel processed -- FileData ID 131987
5/29 20:21:25.712  Cancel processed -- FileData ID 131985
5/29 20:21:25.712  Cancel processed -- FileData ID 202026
5/29 20:21:25.712  Cancel processed -- FileData ID 131988
5/29 20:21:25.712  Cancel processed -- FileData ID 131943
5/29 20:21:25.712  Cancel processed -- FileData ID 131983
5/29 20:21:25.712  Cancel processed -- FileData ID 131990
5/29 20:21:25.712  Cancel processed -- FileData ID 202069
5/29 20:21:25.712  Cancel processed -- FileData ID 131986
5/29 20:21:25.712  Shutdown
