5/11 12:24:47.240  ---- Startup ----
5/11 12:25:03.158  ---- ClientAvailableHotfixes ----
5/11 12:25:03.158  ---- UserClientHotfixRequest ----
5/11 12:25:03.274  ---- ApplyingHotfixes from Cache ----
5/11 12:25:03.274  ---- ApplyingHotfixes from Server ----
5/11 12:25:03.274  	63269 Table GlobalStrings RecID 36372 valid
5/11 12:25:03.274  	63280 Table Spell RecID 33003 invalid
5/11 12:25:03.274  	63280 Table SpellName RecID 33003 invalid
5/11 12:25:03.274  	63280 Table SpellCraftUI RecID 33003 valid
5/11 12:25:03.274  	63280 Table SpellAuraOptions RecID 172338 invalid
5/11 12:25:03.274  	63280 Table SpellEffect RecID 851197 invalid
5/11 12:25:03.274  	63280 Table SpellEquippedItems RecID 214463 invalid
5/11 12:25:03.274  	63280 Table SpellMisc RecID 449939 invalid
5/11 12:25:03.274  	63280 Table SpellPower RecID 219652 invalid
5/11 12:25:03.274  	63280 Table SpellPowerDifficulty RecID 219652 invalid
5/11 12:25:03.274  	63283 Table SpellVisualMissile RecID 11622 valid
5/11 12:25:03.274  	63283 Table SpellVisualMissile RecID 11659 valid
5/11 12:25:03.274  	63283 Table SpellVisualMissile RecID 11702 valid
5/11 12:25:03.274  	63283 Table SpellVisualMissile RecID 11743 valid
5/11 12:25:03.274  	63283 Table SpellVisualMissile RecID 11803 valid
5/11 12:25:03.274  	63283 Table SpellVisualMissile RecID 11804 valid
5/11 12:25:03.274  	63283 Table SpellVisualMissile RecID 16452 valid
5/11 12:25:03.274  	63283 Table SpellVisualMissile RecID 16453 valid
5/11 12:25:03.274  	63283 Table SpellVisualMissile RecID 16454 valid
5/11 12:25:03.274  	63283 Table SpellVisualMissile RecID 16455 valid
5/11 12:25:03.274  	63283 Table SpellVisualMissile RecID 16456 valid
5/11 12:25:03.274  	63283 Table SpellVisualMissile RecID 16458 valid
5/11 12:25:03.274  	63283 Table SpellVisualMissile RecID 16461 valid
5/11 12:25:03.274  	63283 Table SpellVisualMissile RecID 16462 valid
5/11 12:25:03.274  	63283 Table SpellVisualMissile RecID 16466 valid
5/11 12:25:03.274  	63283 Table SpellVisualMissile RecID 16471 valid
5/11 12:25:03.274  	63283 Table SpellVisualMissile RecID 16475 valid
5/11 12:25:03.274  	63283 Table SpellVisualMissile RecID 16476 valid
5/11 12:25:03.274  	63283 Table SpellVisualMissile RecID 16477 valid
5/11 12:25:03.274  	63283 Table SpellVisualMissile RecID 16488 valid
5/11 12:25:03.274  	63283 Table SpellVisualMissile RecID 16489 valid
5/11 12:25:03.274  	63283 Table SpellVisualMissile RecID 16491 valid
5/11 12:25:03.274  	63283 Table SpellVisualMissile RecID 16494 valid
5/11 12:25:03.274  	63283 Table SpellVisualMissile RecID 16495 valid
5/11 12:25:03.274  	63283 Table SpellVisualMissile RecID 16496 valid
5/11 12:25:03.274  	63283 Table SpellVisualMissile RecID 16497 valid
5/11 12:25:03.274  	63283 Table SpellVisualMissile RecID 16498 valid
5/11 12:25:03.274  	63283 Table SpellVisualMissile RecID 16505 valid
5/11 12:25:03.274  	63283 Table SpellVisualMissile RecID 16508 valid
5/11 12:25:03.274  	63283 Table SpellVisualMissile RecID 16509 valid
5/11 12:25:03.274  	63283 Table SpellVisualMissile RecID 16510 valid
5/11 12:25:03.274  	63283 Table SpellVisualMissile RecID 16521 valid
5/11 12:25:03.274  	63283 Table SpellVisualMissile RecID 16522 valid
5/11 12:25:03.274  	63283 Table SpellVisualMissile RecID 16523 valid
5/11 12:25:03.274  	63283 Table SpellVisualMissile RecID 16525 valid
5/11 12:25:03.274  	63283 Table SpellVisualMissile RecID 16530 valid
5/11 12:25:03.274  	63283 Table SpellVisualMissile RecID 16531 valid
5/11 12:25:03.274  	63283 Table SpellVisualMissile RecID 16533 valid
5/11 12:25:03.274  	63283 Table SpellVisualMissile RecID 16535 valid
5/11 12:25:03.274  	63283 Table SpellVisualMissile RecID 16536 valid
5/11 12:25:03.274  	63283 Table SpellVisualMissile RecID 16538 valid
5/11 12:25:03.274  	63283 Table SpellVisualMissile RecID 16539 valid
5/11 12:25:03.274  	63283 Table SpellVisualMissile RecID 16540 valid
5/11 12:25:03.274  	63283 Table SpellVisualMissile RecID 16541 valid
5/11 12:25:03.274  	63283 Table SpellVisualMissile RecID 16542 valid
5/11 12:25:03.274  	63283 Table SpellVisualMissile RecID 16545 valid
5/11 12:25:03.274  	63283 Table SpellVisualMissile RecID 16546 valid
5/11 12:25:03.274  	63283 Table SpellVisualMissile RecID 16549 valid
5/11 12:25:03.274  	63283 Table SpellVisualMissile RecID 16550 valid
5/11 12:25:03.274  	63283 Table SpellVisualMissile RecID 16552 valid
5/11 12:25:03.274  	63283 Table SpellVisualMissile RecID 16553 valid
5/11 12:25:03.274  	63283 Table SpellVisualMissile RecID 16561 valid
5/11 12:25:03.274  	63283 Table SpellVisualMissile RecID 16562 valid
5/11 12:25:03.274  	63283 Table SpellVisualMissile RecID 16563 valid
5/11 12:25:03.274  	63283 Table SpellVisualMissile RecID 16564 valid
5/11 12:25:03.274  	63283 Table SpellVisualMissile RecID 16565 valid
5/11 12:25:03.274  	63283 Table SpellVisualMissile RecID 16566 valid
5/11 12:25:03.274  	63283 Table SpellVisualMissile RecID 16568 valid
5/11 12:25:03.274  	63283 Table SpellVisualMissile RecID 16569 valid
5/11 12:25:03.274  	63283 Table SpellVisualMissile RecID 16570 valid
5/11 12:25:03.274  	63283 Table SpellVisualMissile RecID 16571 valid
5/11 12:25:03.274  	63283 Table SpellVisualMissile RecID 16572 valid
5/11 12:25:03.274  	63283 Table SpellVisualMissile RecID 16574 valid
5/11 12:25:03.274  	63283 Table SpellVisualMissile RecID 16575 valid
5/11 12:25:03.274  	63283 Table SpellVisualMissile RecID 16581 valid
5/11 12:25:03.274  	63283 Table SpellVisualMissile RecID 16582 valid
5/11 12:25:03.274  	63283 Table SpellVisualMissile RecID 16583 valid
5/11 12:25:03.274  	63283 Table SpellVisualMissile RecID 16584 valid
5/11 12:25:03.274  	63283 Table SpellVisualMissile RecID 16587 valid
5/11 12:25:03.274  	63283 Table SpellVisualMissile RecID 16588 valid
5/11 12:25:03.274  	63283 Table SpellVisualMissile RecID 16589 valid
5/11 12:25:03.274  	63283 Table SpellVisualMissile RecID 16592 valid
5/11 12:25:03.274  	63283 Table SpellVisualMissile RecID 16593 valid
5/11 12:25:03.274  	63283 Table SpellVisualMissile RecID 16600 valid
5/11 12:25:03.274  	63283 Table SpellVisualMissile RecID 16603 valid
5/11 12:25:03.274  	63283 Table SpellVisualMissile RecID 16605 valid
5/11 12:25:03.274  	63283 Table SpellVisualMissile RecID 16606 valid
5/11 12:25:03.274  	63283 Table SpellVisualMissile RecID 16607 valid
5/11 12:25:03.274  	63283 Table SpellVisualMissile RecID 16608 valid
5/11 12:25:03.274  	63283 Table SpellVisualMissile RecID 16609 valid
5/11 12:25:03.274  	63283 Table SpellVisualMissile RecID 16610 valid
5/11 12:25:03.274  	63283 Table SpellVisualMissile RecID 16611 valid
5/11 12:25:03.274  	63283 Table SpellVisualMissile RecID 16612 valid
5/11 12:25:03.274  	63283 Table SpellVisualMissile RecID 16615 valid
5/11 12:25:03.274  	63283 Table SpellVisualMissile RecID 16618 valid
5/11 12:25:03.274  	63283 Table SpellVisualMissile RecID 16619 valid
5/11 12:25:03.274  	63283 Table SpellVisualMissile RecID 16620 valid
5/11 12:25:03.274  	63283 Table SpellVisualMissile RecID 16621 valid
5/11 12:25:03.274  	63283 Table SpellVisualMissile RecID 16622 valid
5/11 12:25:03.274  	63283 Table SpellVisualMissile RecID 16623 valid
5/11 12:25:03.274  	63283 Table SpellVisualMissile RecID 16624 valid
5/11 12:25:03.274  	63283 Table SpellVisualMissile RecID 16625 valid
5/11 12:25:03.274  	63283 Table SpellVisualMissile RecID 16626 valid
5/11 12:25:03.274  	63283 Table SpellVisualMissile RecID 16627 valid
5/11 12:25:03.274  	63283 Table SpellVisualMissile RecID 16629 valid
5/11 12:25:03.274  	63283 Table SpellVisualMissile RecID 16630 valid
5/11 12:25:03.274  	63283 Table SpellVisualMissile RecID 16631 valid
5/11 12:25:03.274  	63283 Table SpellVisualMissile RecID 16633 valid
5/11 12:25:03.274  	63283 Table SpellVisualMissile RecID 16635 valid
5/11 12:25:03.274  	63283 Table SpellVisualMissile RecID 16637 valid
5/11 12:25:03.274  	63283 Table SpellVisualMissile RecID 16638 valid
5/11 12:25:03.274  	63283 Table SpellVisualMissile RecID 16639 valid
5/11 12:25:03.274  	63283 Table SpellVisualMissile RecID 16642 valid
5/11 12:25:03.274  	63283 Table SpellVisualMissile RecID 16648 valid
5/11 12:25:03.274  	63283 Table SpellVisualMissile RecID 16649 valid
5/11 12:25:03.274  	63283 Table SpellVisualMissile RecID 16650 valid
5/11 12:25:03.274  	63283 Table SpellVisualMissile RecID 16661 valid
5/11 12:25:03.274  	63283 Table SpellVisualMissile RecID 16662 valid
5/11 12:25:03.274  	63283 Table SpellVisualMissile RecID 16671 valid
5/11 12:25:03.274  	63283 Table SpellVisualMissile RecID 16673 valid
5/11 12:25:03.274  	63283 Table SpellVisualMissile RecID 16674 valid
5/11 12:25:03.274  	63283 Table SpellVisualMissile RecID 16675 valid
5/11 12:25:03.274  	63283 Table SpellVisualMissile RecID 16676 valid
5/11 12:25:03.274  	63283 Table SpellVisualMissile RecID 16677 valid
5/11 12:25:03.274  	63283 Table SpellVisualMissile RecID 16678 valid
5/11 12:25:03.274  	63283 Table SpellVisualMissile RecID 16682 valid
5/11 12:25:03.274  	63283 Table SpellVisualMissile RecID 16683 valid
5/11 12:25:03.274  	63283 Table SpellVisualMissile RecID 16684 valid
5/11 12:25:03.274  	63283 Table SpellVisualMissile RecID 16685 valid
5/11 12:25:03.274  	63283 Table SpellVisualMissile RecID 16692 valid
5/11 12:25:03.274  	63283 Table SpellVisualMissile RecID 16693 valid
5/11 12:25:03.274  	63283 Table SpellVisualMissile RecID 16694 valid
5/11 12:25:03.274  	63283 Table SpellVisualMissile RecID 16695 valid
5/11 12:25:03.274  	63283 Table SpellVisualMissile RecID 16696 valid
5/11 12:25:03.274  	63283 Table SpellVisualMissile RecID 16697 valid
5/11 12:25:03.274  	63283 Table SpellVisualMissile RecID 16698 valid
5/11 12:25:03.274  	63283 Table SpellVisualMissile RecID 16699 valid
5/11 12:25:03.274  	63283 Table SpellVisualMissile RecID 16700 valid
5/11 12:25:03.274  	63283 Table SpellVisualMissile RecID 16701 valid
5/11 12:25:03.274  	63283 Table SpellVisualMissile RecID 16702 valid
5/11 12:25:03.274  	63283 Table SpellVisualMissile RecID 16703 valid
5/11 12:25:03.274  	63283 Table SpellVisualMissile RecID 16707 valid
5/11 12:25:03.274  	63283 Table SpellVisualMissile RecID 16711 valid
5/11 12:25:03.274  	63283 Table SpellVisualMissile RecID 16712 valid
5/11 12:25:03.274  	63283 Table SpellVisualMissile RecID 16717 valid
5/11 12:25:03.274  	63283 Table SpellVisualMissile RecID 16722 valid
5/11 12:25:03.274  	63283 Table SpellVisualMissile RecID 16723 valid
5/11 12:25:03.274  	63283 Table SpellVisualMissile RecID 16725 valid
5/11 12:25:03.274  	63283 Table SpellVisualMissile RecID 16727 valid
5/11 12:25:03.274  	63283 Table SpellVisualMissile RecID 16728 valid
5/11 12:25:03.274  	63283 Table SpellVisualMissile RecID 16729 valid
5/11 12:25:03.274  	63283 Table SpellVisualMissile RecID 16730 valid
5/11 12:25:03.274  	63283 Table SpellVisualMissile RecID 16731 valid
5/11 12:25:03.274  	63283 Table SpellVisualMissile RecID 16732 valid
5/11 12:25:03.274  	63283 Table SpellVisualMissile RecID 16733 valid
5/11 12:25:03.274  	63283 Table SpellVisualMissile RecID 16734 valid
5/11 12:25:03.274  	63283 Table SpellVisualMissile RecID 16735 valid
5/11 12:25:03.274  	63283 Table SpellVisualMissile RecID 16736 valid
5/11 12:25:03.274  	63283 Table SpellVisualMissile RecID 16737 valid
5/11 12:25:03.274  	63283 Table SpellVisualMissile RecID 16738 valid
5/11 12:25:03.274  	63283 Table SpellVisualMissile RecID 16739 valid
5/11 12:25:03.274  	63283 Table SpellVisualMissile RecID 16740 valid
5/11 12:25:03.274  	63283 Table SpellVisualMissile RecID 16741 valid
5/11 12:25:03.274  	63283 Table SpellVisualMissile RecID 16746 valid
5/11 12:25:03.274  	63283 Table SpellVisualMissile RecID 16747 valid
5/11 12:25:03.274  	63283 Table SpellVisualMissile RecID 16748 valid
5/11 12:25:03.274  	63283 Table SpellVisualMissile RecID 16749 valid
5/11 12:25:03.274  	63283 Table SpellVisualMissile RecID 16750 valid
5/11 12:25:03.274  	63283 Table SpellVisualMissile RecID 16751 valid
5/11 12:25:03.274  	63283 Table SpellVisualMissile RecID 16753 valid
5/11 12:25:03.274  	63283 Table SpellVisualMissile RecID 16754 valid
5/11 12:25:03.274  	63283 Table SpellVisualMissile RecID 16758 valid
5/11 12:25:03.274  	63283 Table SpellVisualMissile RecID 16760 valid
5/11 12:25:03.274  	63283 Table SpellVisualMissile RecID 16763 valid
5/11 12:25:03.274  	63283 Table SpellVisualMissile RecID 16766 valid
5/11 12:25:03.274  	63283 Table SpellVisualMissile RecID 16768 valid
5/11 12:25:03.274  	63283 Table SpellVisualMissile RecID 16770 valid
5/11 12:25:03.274  	63283 Table SpellVisualMissile RecID 16773 valid
5/11 12:25:03.274  	63283 Table SpellVisualMissile RecID 16774 valid
5/11 12:25:03.274  	63283 Table SpellVisualMissile RecID 16775 valid
5/11 12:25:03.274  	63283 Table SpellVisualMissile RecID 16776 valid
5/11 12:25:03.274  	63283 Table SpellVisualMissile RecID 16777 valid
5/11 12:25:03.274  	63283 Table SpellVisualMissile RecID 16779 valid
5/11 12:25:03.274  	63283 Table SpellVisualMissile RecID 16780 valid
5/11 12:25:03.274  	63283 Table SpellVisualMissile RecID 16781 valid
5/11 12:25:03.274  	63283 Table SpellVisualMissile RecID 16783 valid
5/11 12:25:03.274  	63283 Table SpellVisualMissile RecID 16784 valid
5/11 12:25:03.274  	63283 Table SpellVisualMissile RecID 16785 valid
5/11 12:25:03.274  	63283 Table SpellVisualMissile RecID 16786 valid
5/11 12:25:03.274  	63283 Table SpellVisualMissile RecID 16787 valid
5/11 12:25:03.274  	63283 Table SpellVisualMissile RecID 16788 valid
5/11 12:25:03.274  	63283 Table SpellVisualMissile RecID 16799 valid
5/11 12:25:03.274  	63283 Table SpellVisualMissile RecID 16800 valid
5/11 12:25:03.274  	63283 Table SpellVisualMissile RecID 16803 valid
5/11 12:25:03.274  	63283 Table SpellVisualMissile RecID 16805 valid
5/11 12:25:03.274  	63283 Table SpellVisualMissile RecID 16806 valid
5/11 12:25:03.274  	63283 Table SpellVisualMissile RecID 16807 valid
5/11 12:25:03.274  	63283 Table SpellVisualMissile RecID 16808 valid
5/11 12:25:03.274  	63283 Table SpellVisualMissile RecID 16810 valid
5/11 12:25:03.274  	63283 Table SpellVisualMissile RecID 16811 valid
5/11 12:25:03.274  	63283 Table SpellVisualMissile RecID 16812 valid
5/11 12:25:03.274  	63283 Table SpellVisualMissile RecID 16815 valid
5/11 12:25:03.274  	63283 Table SpellVisualMissile RecID 16817 valid
5/11 12:25:03.274  	63283 Table SpellVisualMissile RecID 16818 valid
5/11 12:25:03.274  	63283 Table SpellVisualMissile RecID 16821 valid
5/11 12:25:03.274  	63283 Table SpellVisualMissile RecID 16822 valid
5/11 12:25:03.274  	63283 Table SpellVisualMissile RecID 16823 valid
5/11 12:25:03.274  	63283 Table SpellVisualMissile RecID 16824 valid
5/11 12:25:03.274  	63283 Table SpellVisualMissile RecID 16825 valid
5/11 12:25:03.274  	63283 Table SpellVisualMissile RecID 16826 valid
5/11 12:25:03.274  	63283 Table SpellVisualMissile RecID 16835 valid
5/11 12:25:03.274  	63283 Table SpellVisualMissile RecID 16836 valid
5/11 12:25:03.274  	63283 Table SpellVisualMissile RecID 16838 valid
5/11 12:25:03.274  	63283 Table SpellVisualMissile RecID 16839 valid
5/11 12:25:03.274  	63283 Table SpellVisualMissile RecID 16841 valid
5/11 12:25:03.274  	63283 Table SpellVisualMissile RecID 16842 valid
5/11 12:25:03.274  	63283 Table SpellVisualMissile RecID 16843 valid
5/11 12:25:03.274  	63283 Table SpellVisualMissile RecID 16844 valid
5/11 12:25:03.274  	63283 Table SpellVisualMissile RecID 16845 valid
5/11 12:25:03.274  	63283 Table SpellVisualMissile RecID 16846 valid
5/11 12:25:03.274  	63283 Table SpellVisualMissile RecID 16847 valid
5/11 12:25:03.274  	63283 Table SpellVisualMissile RecID 16848 valid
5/11 12:25:03.274  	63283 Table SpellVisualMissile RecID 16849 valid
5/11 12:25:03.274  	63283 Table SpellVisualMissile RecID 16850 valid
5/11 12:25:03.274  	63283 Table SpellVisualMissile RecID 16852 valid
5/11 12:25:03.274  	63283 Table SpellVisualMissile RecID 16853 valid
5/11 12:25:03.274  	63283 Table SpellVisualMissile RecID 16854 valid
5/11 12:25:03.274  	63283 Table SpellVisualMissile RecID 16855 valid
5/11 12:25:03.274  	63283 Table SpellVisualMissile RecID 16856 valid
5/11 12:25:03.274  	63283 Table SpellVisualMissile RecID 16866 valid
5/11 12:25:03.274  	63283 Table SpellVisualMissile RecID 16869 valid
5/11 12:25:03.274  	63283 Table SpellVisualMissile RecID 16872 valid
5/11 12:25:03.274  	63283 Table SpellVisualMissile RecID 16873 valid
5/11 12:25:03.274  	63283 Table SpellVisualMissile RecID 16874 valid
5/11 12:25:03.274  	63283 Table SpellVisualMissile RecID 16877 valid
5/11 12:25:03.274  	63283 Table SpellVisualMissile RecID 16880 valid
5/11 12:25:03.274  	63283 Table SpellVisualMissile RecID 16883 valid
5/11 12:25:03.274  	63283 Table SpellVisualMissile RecID 16887 valid
5/11 12:25:03.274  	63283 Table SpellVisualMissile RecID 16888 valid
5/11 12:25:03.274  	63283 Table SpellVisualMissile RecID 16889 valid
5/11 12:25:03.274  	63283 Table SpellVisualMissile RecID 16890 valid
5/11 12:25:03.274  	63283 Table SpellVisualMissile RecID 16892 valid
5/11 12:25:03.274  	63283 Table SpellVisualMissile RecID 16893 valid
5/11 12:25:03.274  	63283 Table SpellVisualMissile RecID 16895 valid
5/11 12:25:03.274  	63283 Table SpellVisualMissile RecID 16898 valid
5/11 12:25:03.274  	63283 Table SpellVisualMissile RecID 16899 valid
5/11 12:25:03.274  	63283 Table SpellVisualMissile RecID 16900 valid
5/11 12:25:03.274  	63283 Table SpellVisualMissile RecID 16902 valid
5/11 12:25:03.274  	63283 Table SpellVisualMissile RecID 16909 valid
5/11 12:25:03.274  	63283 Table SpellVisualMissile RecID 16910 valid
5/11 12:25:03.274  	63283 Table SpellVisualMissile RecID 16911 valid
5/11 12:25:03.274  	63283 Table SpellVisualMissile RecID 16912 valid
5/11 12:25:03.274  	63283 Table SpellVisualMissile RecID 16916 valid
5/11 12:25:03.274  	63283 Table SpellVisualMissile RecID 16918 valid
5/11 12:25:03.274  	63283 Table SpellVisualMissile RecID 16919 valid
5/11 12:25:03.274  	63283 Table SpellVisualMissile RecID 16920 valid
5/11 12:25:03.274  	63283 Table SpellVisualMissile RecID 16921 valid
5/11 12:25:03.274  	63283 Table SpellVisualMissile RecID 16922 valid
5/11 12:25:03.274  	63283 Table SpellVisualMissile RecID 16923 valid
5/11 12:25:03.274  	63283 Table SpellVisualMissile RecID 16924 valid
5/11 12:25:03.274  	63283 Table SpellVisualMissile RecID 16925 valid
5/11 12:25:03.274  	63283 Table SpellVisualMissile RecID 16926 valid
5/11 12:25:03.274  	63283 Table SpellVisualMissile RecID 16927 valid
5/11 12:25:03.274  	63283 Table SpellVisualMissile RecID 16928 valid
5/11 12:25:03.274  	63283 Table SpellVisualMissile RecID 16929 valid
5/11 12:25:03.274  	63283 Table SpellVisualMissile RecID 16931 valid
5/11 12:25:03.274  	63283 Table SpellVisualMissile RecID 16932 valid
5/11 12:25:03.274  	63283 Table SpellVisualMissile RecID 16935 valid
5/11 12:25:03.274  	63283 Table SpellVisualMissile RecID 16936 valid
5/11 12:25:03.274  	63283 Table SpellVisualMissile RecID 16938 valid
5/11 12:25:03.274  	63283 Table SpellVisualMissile RecID 16939 valid
5/11 12:25:03.274  	63283 Table SpellVisualMissile RecID 16940 valid
5/11 12:25:03.274  	63283 Table SpellVisualMissile RecID 16952 valid
5/11 12:25:03.274  	63283 Table SpellVisualMissile RecID 16965 valid
5/11 12:25:03.274  	63283 Table SpellVisualMissile RecID 16966 valid
5/11 12:25:03.274  	63283 Table SpellVisualMissile RecID 16973 valid
5/11 12:25:03.274  	63283 Table SpellVisualMissile RecID 16974 valid
5/11 12:25:03.274  	63283 Table SpellVisualMissile RecID 16975 valid
5/11 12:25:03.274  	63283 Table SpellVisualMissile RecID 16976 valid
5/11 12:25:03.274  	63283 Table SpellVisualMissile RecID 16977 valid
5/11 12:25:03.274  	63283 Table SpellVisualMissile RecID 16978 valid
5/11 12:25:03.274  	63283 Table SpellVisualMissile RecID 16979 valid
5/11 12:25:03.274  	63283 Table SpellVisualMissile RecID 16980 valid
5/11 12:25:03.274  	63283 Table SpellVisualMissile RecID 16981 valid
5/11 12:25:03.274  	63283 Table SpellVisualMissile RecID 16983 valid
5/11 12:25:03.274  	63283 Table SpellVisualMissile RecID 16987 valid
5/11 12:25:03.274  	63283 Table SpellVisualMissile RecID 16988 valid
5/11 12:25:03.274  	63283 Table SpellVisualMissile RecID 16989 valid
5/11 12:25:03.274  	63283 Table SpellVisualMissile RecID 16990 valid
5/11 12:25:03.274  	63283 Table SpellVisualMissile RecID 16992 valid
5/11 12:25:03.274  	63283 Table SpellVisualMissile RecID 16993 valid
5/11 12:25:03.274  	63283 Table SpellVisualMissile RecID 16995 valid
5/11 12:25:03.274  	63283 Table SpellVisualMissile RecID 16996 valid
5/11 12:25:03.274  	63283 Table SpellVisualMissile RecID 16998 valid
5/11 12:25:03.274  	63283 Table SpellVisualMissile RecID 16999 valid
5/11 12:25:03.274  	63283 Table SpellVisualMissile RecID 17004 valid
5/11 12:25:03.274  	63283 Table SpellVisualMissile RecID 17006 valid
5/11 12:25:03.274  	63283 Table SpellVisualMissile RecID 17007 valid
5/11 12:25:03.274  	63283 Table SpellVisualMissile RecID 17008 valid
5/11 12:25:03.274  	63283 Table SpellVisualMissile RecID 17016 valid
5/11 12:25:03.274  	63283 Table SpellVisualMissile RecID 17017 valid
5/11 12:25:03.274  	63283 Table SpellVisualMissile RecID 17018 valid
5/11 12:25:03.274  	63283 Table SpellVisualMissile RecID 17019 valid
5/11 12:25:03.274  	63283 Table SpellVisualMissile RecID 17020 valid
5/11 12:25:03.274  	63283 Table SpellVisualMissile RecID 17021 valid
5/11 12:25:03.274  	63283 Table SpellVisualMissile RecID 17022 valid
5/11 12:25:03.274  	63283 Table SpellVisualMissile RecID 17023 valid
5/11 12:25:03.274  	63283 Table SpellVisualMissile RecID 17024 valid
5/11 12:25:03.274  	63283 Table SpellVisualMissile RecID 17025 valid
5/11 12:25:03.274  	63283 Table SpellVisualMissile RecID 17027 valid
5/11 12:25:03.274  	63283 Table SpellVisualMissile RecID 17028 valid
5/11 12:25:03.274  	63283 Table SpellVisualMissile RecID 17029 valid
5/11 12:25:03.274  	63285 Table SpellCategories RecID 72336 valid
5/11 12:25:03.274  	63285 Table SpellCategories RecID 75477 valid
5/11 12:25:03.274  	63285 Table SpellCategories RecID 75801 valid
5/11 12:25:03.274  	63285 Table SpellCategories RecID 111785 valid
5/11 12:25:03.274  	63285 Table SpellEffect RecID 846438 valid
5/11 12:25:03.274  	63285 Table SpellMisc RecID 446252 valid
5/11 12:25:03.274  	63290 Table SpellEffect RecID 703911 valid
5/11 12:25:03.274  	63291 Table GameObjects RecID 175535 invalid
5/11 12:25:03.274  	63293 Table GameObjects RecID 180322 invalid
5/11 12:25:03.274  	63294 Table AnimKit RecID 22966 valid
5/11 12:25:03.274  	63294 Table AnimKitSegment RecID 45131 valid
5/11 12:25:03.274  	63294 Table Creature RecID 16844 invalid
5/11 12:25:03.274  	63294 Table Creature RecID 16857 invalid
5/11 12:25:03.274  	63294 Table Creature RecID 16968 invalid
5/11 12:25:03.274  	63294 Table Creature RecID 18678 invalid
5/11 12:25:03.274  	63294 Table Creature RecID 21380 invalid
5/11 12:25:03.274  	63294 Table Creature RecID 21849 invalid
5/11 12:25:03.274  	63294 Table Creature RecID 21868 invalid
5/11 12:25:03.274  	63294 Table Creature RecID 22038 invalid
5/11 12:25:03.274  	63294 Table Creature RecID 22466 invalid
5/11 12:25:03.274  	63294 Table Creature RecID 22482 invalid
5/11 12:25:03.274  	63294 Table Creature RecID 23285 invalid
5/11 12:25:03.274  	63294 Table CreatureDifficulty RecID 16844 invalid
5/11 12:25:03.274  	63294 Table CreatureDifficulty RecID 16857 invalid
5/11 12:25:03.274  	63294 Table CreatureDifficulty RecID 16968 invalid
5/11 12:25:03.274  	63294 Table CreatureDifficulty RecID 18678 invalid
5/11 12:25:03.274  	63294 Table CreatureDifficulty RecID 21380 invalid
5/11 12:25:03.274  	63294 Table CreatureDifficulty RecID 21849 invalid
5/11 12:25:03.274  	63294 Table CreatureDifficulty RecID 21868 invalid
5/11 12:25:03.274  	63294 Table CreatureDifficulty RecID 22038 invalid
5/11 12:25:03.274  	63294 Table CreatureDifficulty RecID 22466 invalid
5/11 12:25:03.274  	63294 Table CreatureDifficulty RecID 22482 invalid
5/11 12:25:03.274  	63294 Table CreatureDifficulty RecID 23285 invalid
5/11 12:25:03.274  	63294 Table Spell RecID 33932 valid
5/11 12:25:03.274  	63294 Table SpellName RecID 33932 valid
5/11 12:25:03.274  	63294 Table SpellCraftUI RecID 33932 valid
5/11 12:25:03.274  	63294 Table SpellAuraOptions RecID 173034 invalid
5/11 12:25:03.274  	63294 Table SpellEffect RecID 852128 valid
5/11 12:25:03.274  	63294 Table SpellEquippedItems RecID 215158 invalid
5/11 12:25:03.274  	63294 Table SpellVisualAnim RecID 360454 valid
5/11 12:25:03.274  	63304 Table Spell RecID 44414 valid
5/11 12:25:03.274  	63304 Table SpellName RecID 44414 valid
5/11 12:25:03.274  	63304 Table SpellCraftUI RecID 44414 valid
5/11 12:25:03.274  	63304 Table SpellAuraOptions RecID 182319 invalid
5/11 12:25:03.274  	63304 Table SpellEffect RecID 702452 valid
5/11 12:25:03.274  	63304 Table SpellEffect RecID 702453 valid
5/11 12:25:03.274  	63304 Table SpellEffect RecID 702529 valid
5/11 12:25:03.274  	63304 Table SpellEffect RecID 702530 valid
5/11 12:25:03.274  	63304 Table SpellEffect RecID 864468 valid
5/11 12:25:03.274  	63304 Table SpellEffect RecID 864469 valid
5/11 12:25:03.274  	63304 Table SpellEffect RecID 864470 valid
5/11 12:25:03.274  	63304 Table SpellEffect RecID 870921 valid
5/11 12:25:03.274  	63304 Table SpellEffect RecID 870922 valid
5/11 12:25:03.274  	63304 Table SpellEffect RecID 890562 valid
5/11 12:25:03.274  	63304 Table SpellEffect RecID 890564 valid
5/11 12:25:03.274  	63304 Table SpellEffect RecID 890565 valid
5/11 12:25:03.274  	63304 Table SpellEquippedItems RecID 224438 invalid
5/11 12:25:03.274  	63304 Table SpellPower RecID 229633 invalid
5/11 12:25:03.274  	63304 Table SpellPowerDifficulty RecID 229633 invalid
5/11 12:25:03.274  	63306 Table CreatureDifficulty RecID 16471 invalid
5/11 12:25:03.274  	63306 Table CreatureDifficulty RecID 200936 invalid
5/11 12:25:03.274  	63306 Table CreatureImmunities RecID 2329 invalid
5/11 12:25:03.274  ---- Done applying initial hotfixes ----
5/11 12:25:03.633  	DBReply Table TactKey RecID 115 invalid
5/11 12:25:03.633  	DBReply Table TactKey RecID 102 invalid
5/11 12:25:03.633  	DBReply Table TactKey RecID 111 invalid
5/11 12:25:03.633  	DBReply Table TactKey RecID 73 invalid
5/11 12:25:03.633  	DBReply Table TactKey RecID 110 invalid
5/11 12:25:03.633  	DBReply Table TactKey RecID 114 invalid
5/11 12:25:03.633  	DBReply Table TactKey RecID 113 invalid
5/11 12:25:03.633  	DBReply Table TactKey RecID 108 invalid
5/11 12:25:03.633  	DBReply Table TactKey RecID 107 invalid
5/11 12:25:03.633  	DBReply Table TactKey RecID 104 invalid
5/11 12:25:03.633  	DBReply Table TactKey RecID 117 invalid
5/11 12:25:03.633  	DBReply Table TactKey RecID 112 invalid
5/11 12:25:03.633  	DBReply Table TactKey RecID 95 invalid
5/11 12:25:03.633  	DBReply Table TactKey RecID 68 invalid
5/11 12:25:03.633  	DBReply Table TactKey RecID 109 invalid
5/11 12:25:03.633  	DBReply Table TactKey RecID 67 invalid
5/11 12:25:03.633  	DBReply Table TactKey RecID 66 invalid
5/11 12:25:03.633  	DBReply Table TactKey RecID 58 invalid
5/11 12:25:03.633  	DBReply Table TactKey RecID 71 invalid
5/11 12:25:03.633  	DBReply Table TactKey RecID 62 invalid
5/11 12:25:03.633  	DBReply Table TactKey RecID 75 invalid
5/11 12:25:03.633  	DBReply Table TactKey RecID 60 invalid
5/11 12:25:03.633  	DBReply Table TactKey RecID 69 invalid
5/11 12:25:03.633  	DBReply Table TactKey RecID 70 invalid
5/11 12:25:03.633  	DBReply Table TactKey RecID 74 invalid
5/11 12:25:03.633  	DBReply Table TactKey RecID 61 invalid
5/11 12:25:03.633  	DBReply Table TactKey RecID 72 invalid
5/11 12:25:03.633  	DBReply Table TactKey RecID 59 invalid
5/11 12:25:03.633  	DBReply Table TactKey RecID 63 invalid
5/11 12:25:03.633  	DBReply Table TactKey RecID 64 invalid
5/11 12:25:03.633  	DBReply Table TactKey RecID 65 invalid
5/11 12:26:57.234  	DBReply Table TactKey RecID 115 invalid
5/11 12:26:57.234  	DBReply Table TactKey RecID 102 invalid
5/11 12:26:57.234  	DBReply Table TactKey RecID 111 invalid
5/11 12:26:57.234  	DBReply Table TactKey RecID 110 invalid
5/11 12:26:57.234  	DBReply Table TactKey RecID 114 invalid
5/11 12:26:57.234  	DBReply Table TactKey RecID 113 invalid
5/11 12:26:57.234  	DBReply Table TactKey RecID 108 invalid
5/11 12:26:57.234  	DBReply Table TactKey RecID 107 invalid
5/11 12:26:57.234  	DBReply Table TactKey RecID 117 invalid
5/11 12:26:57.234  	DBReply Table TactKey RecID 112 invalid
5/11 12:26:57.234  	DBReply Table TactKey RecID 109 invalid
5/11 12:26:57.234  	DBReply Table TactKey RecID 73 invalid
5/11 12:26:57.234  	DBReply Table TactKey RecID 104 invalid
5/11 12:26:57.234  	DBReply Table TactKey RecID 95 invalid
5/11 12:26:57.234  	DBReply Table TactKey RecID 68 invalid
5/11 12:26:57.234  	DBReply Table TactKey RecID 67 invalid
5/11 12:26:57.234  	DBReply Table TactKey RecID 66 invalid
5/11 12:26:57.234  	DBReply Table TactKey RecID 58 invalid
5/11 12:26:57.234  	DBReply Table TactKey RecID 71 invalid
5/11 12:26:57.234  	DBReply Table TactKey RecID 62 invalid
5/11 12:26:57.234  	DBReply Table TactKey RecID 75 invalid
5/11 12:26:57.234  	DBReply Table TactKey RecID 60 invalid
5/11 12:26:57.234  	DBReply Table TactKey RecID 69 invalid
5/11 12:26:57.234  	DBReply Table TactKey RecID 70 invalid
5/11 12:26:57.234  	DBReply Table TactKey RecID 74 invalid
5/11 12:26:57.234  	DBReply Table TactKey RecID 61 invalid
5/11 12:26:57.234  	DBReply Table TactKey RecID 72 invalid
5/11 12:26:57.234  	DBReply Table TactKey RecID 59 invalid
5/11 12:26:57.234  	DBReply Table TactKey RecID 63 invalid
5/11 12:26:57.234  	DBReply Table TactKey RecID 64 invalid
5/11 12:26:57.234  	DBReply Table TactKey RecID 65 invalid
5/11 12:30:08.388  ---- Shutdown ----
